2022-08-08 12:34:39,111 DEBUG    root            Loaded Command Group: ['gcloud', 'cloud_shell']
2022-08-08 12:34:39,124 DEBUG    root            Loaded Command Group: ['gcloud', 'cloud-shell', 'ssh']
2022-08-08 12:34:39,141 DEBUG    root            Running [gcloud.cloud-shell.ssh] with arguments: [--authorize-session: "True"]
2022-08-08 12:34:39,148 DEBUG    google.auth.transport.requests Making request: POST https://oauth2.googleapis.com/token
2022-08-08 12:34:39,150 DEBUG    urllib3.connectionpool Starting new HTTPS connection (1): oauth2.googleapis.com:443
2022-08-08 12:34:39,310 DEBUG    urllib3.connectionpool https://oauth2.googleapis.com:443 "POST /token HTTP/1.1" 200 None
2022-08-08 12:34:39,346 DEBUG    urllib3.connectionpool Starting new HTTPS connection (1): cloudshell.googleapis.com:443
2022-08-08 12:34:40,026 DEBUG    urllib3.connectionpool https://cloudshell.googleapis.com:443 "GET /v1/users/me/environments/default?alt=json HTTP/1.1" 200 None
2022-08-08 12:34:40,029 INFO     ___FILE_ONLY___ Starting your Cloud Shell machine...

2022-08-08 12:34:40,031 DEBUG    urllib3.connectionpool Starting new HTTPS connection (1): cloudshell.googleapis.com:443
2022-08-08 12:34:42,767 DEBUG    urllib3.connectionpool https://cloudshell.googleapis.com:443 "POST /v1/users/me/environments/default:start?alt=json HTTP/1.1" 200 None
2022-08-08 12:34:42,769 INFO     ___FILE_ONLY___ Waiting for your Cloud Shell machine to start...
2022-08-08 12:34:43,772 DEBUG    urllib3.connectionpool Starting new HTTPS connection (1): cloudshell.googleapis.com:443
2022-08-08 12:34:44,112 DEBUG    urllib3.connectionpool https://cloudshell.googleapis.com:443 "GET /v1/operations/operation-b5653e25-f920-441d-a215-bdae16b604a8?alt=json HTTP/1.1" 200 None
2022-08-08 12:34:44,781 DEBUG    urllib3.connectionpool Starting new HTTPS connection (1): cloudshell.googleapis.com:443
2022-08-08 12:34:45,126 DEBUG    urllib3.connectionpool https://cloudshell.googleapis.com:443 "GET /v1/operations/operation-b5653e25-f920-441d-a215-bdae16b604a8?alt=json HTTP/1.1" 200 None
2022-08-08 12:34:46,035 DEBUG    urllib3.connectionpool Starting new HTTPS connection (1): cloudshell.googleapis.com:443
2022-08-08 12:34:46,354 DEBUG    urllib3.connectionpool https://cloudshell.googleapis.com:443 "GET /v1/operations/operation-b5653e25-f920-441d-a215-bdae16b604a8?alt=json HTTP/1.1" 200 None
2022-08-08 12:34:48,235 DEBUG    urllib3.connectionpool Starting new HTTPS connection (1): cloudshell.googleapis.com:443
2022-08-08 12:34:48,574 DEBUG    urllib3.connectionpool https://cloudshell.googleapis.com:443 "GET /v1/operations/operation-b5653e25-f920-441d-a215-bdae16b604a8?alt=json HTTP/1.1" 200 None
2022-08-08 12:34:50,335 DEBUG    urllib3.connectionpool Starting new HTTPS connection (1): cloudshell.googleapis.com:443
2022-08-08 12:34:50,653 DEBUG    urllib3.connectionpool https://cloudshell.googleapis.com:443 "GET /v1/operations/operation-b5653e25-f920-441d-a215-bdae16b604a8?alt=json HTTP/1.1" 200 None
2022-08-08 12:34:53,413 DEBUG    urllib3.connectionpool Starting new HTTPS connection (1): cloudshell.googleapis.com:443
2022-08-08 12:34:53,745 DEBUG    urllib3.connectionpool https://cloudshell.googleapis.com:443 "GET /v1/operations/operation-b5653e25-f920-441d-a215-bdae16b604a8?alt=json HTTP/1.1" 200 None
2022-08-08 12:34:57,139 DEBUG    urllib3.connectionpool Starting new HTTPS connection (1): cloudshell.googleapis.com:443
2022-08-08 12:34:57,463 DEBUG    urllib3.connectionpool https://cloudshell.googleapis.com:443 "GET /v1/operations/operation-b5653e25-f920-441d-a215-bdae16b604a8?alt=json HTTP/1.1" 200 None
2022-08-08 12:35:02,183 DEBUG    urllib3.connectionpool Starting new HTTPS connection (1): cloudshell.googleapis.com:443
2022-08-08 12:35:02,756 DEBUG    urllib3.connectionpool https://cloudshell.googleapis.com:443 "GET /v1/operations/operation-b5653e25-f920-441d-a215-bdae16b604a8?alt=json HTTP/1.1" 200 None
2022-08-08 12:35:02,810 DEBUG    urllib3.connectionpool Starting new HTTPS connection (1): cloudshell.googleapis.com:443
2022-08-08 12:35:03,337 DEBUG    urllib3.connectionpool https://cloudshell.googleapis.com:443 "GET /v1/users/me/environments/default?alt=json HTTP/1.1" 200 None
2022-08-08 12:35:03,359 DEBUG    urllib3.connectionpool Starting new HTTPS connection (1): cloudshell.googleapis.com:443
2022-08-08 12:35:04,902 DEBUG    urllib3.connectionpool https://cloudshell.googleapis.com:443 "POST /v1/users/me/environments/default:authorize?alt=json HTTP/1.1" 200 None
2022-08-08 12:35:04,904 DEBUG    root            Running command [/usr/bin/ssh -t -p 6000 -i /home/as/.ssh/google_compute_engine -o StrictHostKeyChecking=no lmaobrub515@34.81.81.61 -- bash -l].
2022-08-08 12:35:04,904 DEBUG    root            Executing command: ['/usr/bin/ssh', '-t', '-p', '6000', '-i', '/home/as/.ssh/google_compute_engine', '-o', 'StrictHostKeyChecking=no', 'lmaobrub515@34.81.81.61', '--', 'bash -l']
2022-08-08 12:43:35,584 INFO     root            Display format: "default"
2022-08-08 12:43:35,586 DEBUG    root            Checking for updates...
2022-08-08 12:43:35,589 DEBUG    urllib3.connectionpool Starting new HTTPS connection (1): dl.google.com:443
2022-08-08 12:43:35,722 DEBUG    urllib3.connectionpool https://dl.google.com:443 "GET /dl/cloudsdk/channels/rapid/components-2.json HTTP/1.1" 200 201562
2022-08-08 12:43:35,839 INFO     ___FILE_ONLY___ 

Updates are available for some Google Cloud CLI components.  To install them,
please run:
  $ gcloud components update


