2022-08-08 20:45:53,443 DEBUG    root            Loaded Command Group: ['gcloud', 'cloud_shell']
2022-08-08 20:45:53,457 DEBUG    root            Loaded Command Group: ['gcloud', 'cloud-shell', 'ssh']
2022-08-08 20:45:53,477 DEBUG    root            Running [gcloud.cloud-shell.ssh] with arguments: [--authorize-session: "True"]
2022-08-08 20:45:53,489 DEBUG    google.auth.transport.requests Making request: POST https://oauth2.googleapis.com/token
2022-08-08 20:45:53,492 DEBUG    urllib3.connectionpool Starting new HTTPS connection (1): oauth2.googleapis.com:443
2022-08-08 20:45:53,658 DEBUG    urllib3.connectionpool https://oauth2.googleapis.com:443 "POST /token HTTP/1.1" 200 None
2022-08-08 20:45:53,683 DEBUG    urllib3.connectionpool Starting new HTTPS connection (1): cloudshell.googleapis.com:443
2022-08-08 20:45:54,231 DEBUG    urllib3.connectionpool https://cloudshell.googleapis.com:443 "GET /v1/users/me/environments/default?alt=json HTTP/1.1" 200 None
2022-08-08 20:45:54,233 INFO     ___FILE_ONLY___ Starting your Cloud Shell machine...

2022-08-08 20:45:54,236 DEBUG    urllib3.connectionpool Starting new HTTPS connection (1): cloudshell.googleapis.com:443
2022-08-08 20:45:56,647 DEBUG    urllib3.connectionpool https://cloudshell.googleapis.com:443 "POST /v1/users/me/environments/default:start?alt=json HTTP/1.1" 200 None
2022-08-08 20:45:56,652 INFO     ___FILE_ONLY___ Waiting for your Cloud Shell machine to start...
2022-08-08 20:45:57,659 DEBUG    urllib3.connectionpool Starting new HTTPS connection (1): cloudshell.googleapis.com:443
2022-08-08 20:45:57,990 DEBUG    urllib3.connectionpool https://cloudshell.googleapis.com:443 "GET /v1/operations/operation-49285000-93c6-457f-93c9-856a82f10fea?alt=json HTTP/1.1" 200 None
2022-08-08 20:45:59,042 DEBUG    urllib3.connectionpool Starting new HTTPS connection (1): cloudshell.googleapis.com:443
2022-08-08 20:45:59,366 DEBUG    urllib3.connectionpool https://cloudshell.googleapis.com:443 "GET /v1/operations/operation-49285000-93c6-457f-93c9-856a82f10fea?alt=json HTTP/1.1" 200 None
2022-08-08 20:46:00,485 DEBUG    urllib3.connectionpool Starting new HTTPS connection (1): cloudshell.googleapis.com:443
2022-08-08 20:46:00,817 DEBUG    urllib3.connectionpool https://cloudshell.googleapis.com:443 "GET /v1/operations/operation-49285000-93c6-457f-93c9-856a82f10fea?alt=json HTTP/1.1" 200 None
2022-08-08 20:46:02,564 DEBUG    urllib3.connectionpool Starting new HTTPS connection (1): cloudshell.googleapis.com:443
2022-08-08 20:46:02,884 DEBUG    urllib3.connectionpool https://cloudshell.googleapis.com:443 "GET /v1/operations/operation-49285000-93c6-457f-93c9-856a82f10fea?alt=json HTTP/1.1" 200 None
2022-08-08 20:46:03,072 DEBUG    urllib3.connectionpool Starting new HTTPS connection (1): cloudshell.googleapis.com:443
2022-08-08 20:46:03,567 DEBUG    urllib3.connectionpool https://cloudshell.googleapis.com:443 "GET /v1/users/me/environments/default?alt=json HTTP/1.1" 200 None
2022-08-08 20:46:03,575 DEBUG    urllib3.connectionpool Starting new HTTPS connection (1): cloudshell.googleapis.com:443
2022-08-08 20:46:04,913 DEBUG    urllib3.connectionpool https://cloudshell.googleapis.com:443 "POST /v1/users/me/environments/default:authorize?alt=json HTTP/1.1" 200 None
2022-08-08 20:46:04,916 DEBUG    root            Running command [/usr/bin/ssh -t -p 6000 -i /home/as/.ssh/google_compute_engine -o StrictHostKeyChecking=no lmaobrub515@35.185.170.117 -- bash -l].
2022-08-08 20:46:04,916 DEBUG    root            Executing command: ['/usr/bin/ssh', '-t', '-p', '6000', '-i', '/home/as/.ssh/google_compute_engine', '-o', 'StrictHostKeyChecking=no', 'lmaobrub515@35.185.170.117', '--', 'bash -l']
2022-08-08 20:51:15,430 INFO     root            Display format: "default"
