2022-09-25 10:54:15 URL:http://deb.debian.org/debian/dists/stable/InRelease [115947/115947] -> "/app/root/var/lib/apt/lists/partial/deb.debian.org_debian_dists_stable_InRelease" [1]
2022-09-25 10:54:17 URL:http://deb.debian.org/debian/dists/stable/main/binary-amd64/by-hash/SHA256/c21a4111128e3f286b5a0b9543641c86bc111d4e2d0a41b0bb8db1ea4845ff68 [8183676/8183676] -> "/app/root/var/lib/apt/lists/partial/deb.debian.org_debian_dists_stable_main_binary-amd64_Packages.xz" [1]
2022-09-25 10:54:35 URL:http://deb.debian.org/debian/pool/main/a/acl/libacl1_2.2.53-10_amd64.deb [31140/31140] -> "/app/root//var/cache/apt/archives/partial/libacl1_2.2.53-10_amd64.deb" [1]
2022-09-25 10:54:35 URL:http://deb.debian.org/debian/pool/main/a/adduser/adduser_3.118_all.deb [240384/240384] -> "/app/root//var/cache/apt/archives/partial/adduser_3.118_all.deb" [1]
2022-09-25 10:54:35 URL:http://deb.debian.org/debian/pool/main/a/apparmor/libapparmor1_2.13.6-10_amd64.deb [99308/99308] -> "/app/root//var/cache/apt/archives/partial/libapparmor1_2.13.6-10_amd64.deb" [1]
2022-09-25 10:54:35 URL:http://deb.debian.org/debian/pool/main/a/apt/apt_2.2.4_amd64.deb [1491328/1491328] -> "/app/root//var/cache/apt/archives/partial/apt_2.2.4_amd64.deb" [1]
2022-09-25 10:54:35 URL:http://deb.debian.org/debian/pool/main/a/apt/apt-utils_2.2.4_amd64.deb [439128/439128] -> "/app/root//var/cache/apt/archives/partial/apt-utils_2.2.4_amd64.deb" [1]
2022-09-25 10:54:35 URL:http://deb.debian.org/debian/pool/main/a/apt/libapt-pkg6.0_2.2.4_amd64.deb [1012792/1012792] -> "/app/root//var/cache/apt/archives/partial/libapt-pkg6.0_2.2.4_amd64.deb" [1]
2022-09-25 10:54:35 URL:http://deb.debian.org/debian/pool/main/a/argon2/libargon2-1_0~20171227-0.2_amd64.deb [19640/19640] -> "/app/root//var/cache/apt/archives/partial/libargon2-1_0~20171227-0.2_amd64.deb" [1]
2022-09-25 10:54:35 URL:http://deb.debian.org/debian/pool/main/a/attr/libattr1_2.4.48-6_amd64.deb [21632/21632] -> "/app/root//var/cache/apt/archives/partial/libattr1_1%3a2.4.48-6_amd64.deb" [1]
2022-09-25 10:54:36 URL:http://deb.debian.org/debian/pool/main/a/audit/libaudit-common_3.0-2_all.deb [14832/14832] -> "/app/root//var/cache/apt/archives/partial/libaudit-common_1%3a3.0-2_all.deb" [1]
2022-09-25 10:54:36 URL:http://deb.debian.org/debian/pool/main/a/audit/libaudit1_3.0-2_amd64.deb [50380/50380] -> "/app/root//var/cache/apt/archives/partial/libaudit1_1%3a3.0-2_amd64.deb" [1]
2022-09-25 10:54:36 URL:http://deb.debian.org/debian/pool/main/b/base-files/base-files_11.1+deb11u5_amd64.deb [70084/70084] -> "/app/root//var/cache/apt/archives/partial/base-files_11.1+deb11u5_amd64.deb" [1]
2022-09-25 10:54:36 URL:http://deb.debian.org/debian/pool/main/b/base-passwd/base-passwd_3.5.51_amd64.deb [58116/58116] -> "/app/root//var/cache/apt/archives/partial/base-passwd_3.5.51_amd64.deb" [1]
2022-09-25 10:54:36 URL:http://deb.debian.org/debian/pool/main/b/bash/bash_5.1-2+deb11u1_amd64.deb [1416508/1416508] -> "/app/root//var/cache/apt/archives/partial/bash_5.1-2+deb11u1_amd64.deb" [1]
2022-09-25 10:54:36 URL:http://deb.debian.org/debian/pool/main/b/bind9-libs/libdns-export1110_9.11.19+dfsg-2.1_amd64.deb [987760/987760] -> "/app/root//var/cache/apt/archives/partial/libdns-export1110_1%3a9.11.19+dfsg-2.1_amd64.deb" [1]
2022-09-25 10:54:36 URL:http://deb.debian.org/debian/pool/main/b/bind9-libs/libisc-export1105_9.11.19+dfsg-2.1_amd64.deb [396836/396836] -> "/app/root//var/cache/apt/archives/partial/libisc-export1105_1%3a9.11.19+dfsg-2.1_amd64.deb" [1]
2022-09-25 10:54:36 URL:http://deb.debian.org/debian/pool/main/b/binutils/binutils_2.35.2-2_amd64.deb [61240/61240] -> "/app/root//var/cache/apt/archives/partial/binutils_2.35.2-2_amd64.deb" [1]
2022-09-25 10:54:36 URL:http://deb.debian.org/debian/pool/main/b/binutils/binutils-common_2.35.2-2_amd64.deb [2219548/2219548] -> "/app/root//var/cache/apt/archives/partial/binutils-common_2.35.2-2_amd64.deb" [1]
2022-09-25 10:54:36 URL:http://deb.debian.org/debian/pool/main/b/binutils/binutils-x86-64-linux-gnu_2.35.2-2_amd64.deb [1808556/1808556] -> "/app/root//var/cache/apt/archives/partial/binutils-x86-64-linux-gnu_2.35.2-2_amd64.deb" [1]
2022-09-25 10:54:36 URL:http://deb.debian.org/debian/pool/main/b/binutils/libbinutils_2.35.2-2_amd64.deb [569960/569960] -> "/app/root//var/cache/apt/archives/partial/libbinutils_2.35.2-2_amd64.deb" [1]
2022-09-25 10:54:37 URL:http://deb.debian.org/debian/pool/main/b/binutils/libctf-nobfd0_2.35.2-2_amd64.deb [110224/110224] -> "/app/root//var/cache/apt/archives/partial/libctf-nobfd0_2.35.2-2_amd64.deb" [1]
2022-09-25 10:54:37 URL:http://deb.debian.org/debian/pool/main/b/binutils/libctf0_2.35.2-2_amd64.deb [53204/53204] -> "/app/root//var/cache/apt/archives/partial/libctf0_2.35.2-2_amd64.deb" [1]
2022-09-25 10:54:37 URL:http://deb.debian.org/debian/pool/main/b/bzip2/libbz2-1.0_1.0.8-4_amd64.deb [45808/45808] -> "/app/root//var/cache/apt/archives/partial/libbz2-1.0_1.0.8-4_amd64.deb" [1]
2022-09-25 10:54:37 URL:http://deb.debian.org/debian/pool/main/c/cdebconf/libdebconfclient0_0.260_amd64.deb [50588/50588] -> "/app/root//var/cache/apt/archives/partial/libdebconfclient0_0.260_amd64.deb" [1]
2022-09-25 10:54:37 URL:http://deb.debian.org/debian/pool/main/c/coreutils/coreutils_8.32-4+b1_amd64.deb [2866720/2866720] -> "/app/root//var/cache/apt/archives/partial/coreutils_8.32-4+b1_amd64.deb" [1]
2022-09-25 10:54:37 URL:http://deb.debian.org/debian/pool/main/c/cpio/cpio_2.13+dfsg-4_amd64.deb [244144/244144] -> "/app/root//var/cache/apt/archives/partial/cpio_2.13+dfsg-4_amd64.deb" [1]
2022-09-25 10:54:37 URL:http://deb.debian.org/debian/pool/main/c/cron/cron_3.0pl1-137_amd64.deb [99592/99592] -> "/app/root//var/cache/apt/archives/partial/cron_3.0pl1-137_amd64.deb" [1]
2022-09-25 10:54:37 URL:http://deb.debian.org/debian/pool/main/c/cryptsetup/libcryptsetup12_2.3.7-1+deb11u1_amd64.deb [248428/248428] -> "/app/root//var/cache/apt/archives/partial/libcryptsetup12_2%3a2.3.7-1+deb11u1_amd64.deb" [1]
2022-09-25 10:54:37 URL:http://deb.debian.org/debian/pool/main/d/dash/dash_0.5.11+git20200708+dd9ef66-5_amd64.deb [115376/115376] -> "/app/root//var/cache/apt/archives/partial/dash_0.5.11+git20200708+dd9ef66-5_amd64.deb" [1]
2022-09-25 10:54:37 URL:http://deb.debian.org/debian/pool/main/d/db5.3/libdb5.3_5.3.28+dfsg1-0.8_amd64.deb [686508/686508] -> "/app/root//var/cache/apt/archives/partial/libdb5.3_5.3.28+dfsg1-0.8_amd64.deb" [1]
2022-09-25 10:54:37 URL:http://deb.debian.org/debian/pool/main/d/debconf/debconf_1.5.77_all.deb [144080/144080] -> "/app/root//var/cache/apt/archives/partial/debconf_1.5.77_all.deb" [1]
2022-09-25 10:54:37 URL:http://deb.debian.org/debian/pool/main/d/debconf/debconf-i18n_1.5.77_all.deb [205868/205868] -> "/app/root//var/cache/apt/archives/partial/debconf-i18n_1.5.77_all.deb" [1]
2022-09-25 10:54:37 URL:http://deb.debian.org/debian/pool/main/d/debian-archive-keyring/debian-archive-keyring_2021.1.1_all.deb [93592/93592] -> "/app/root//var/cache/apt/archives/partial/debian-archive-keyring_2021.1.1_all.deb" [1]
2022-09-25 10:54:37 URL:http://deb.debian.org/debian/pool/main/d/debianutils/debianutils_4.11.2_amd64.deb [101160/101160] -> "/app/root//var/cache/apt/archives/partial/debianutils_4.11.2_amd64.deb" [1]
2022-09-25 10:54:37 URL:http://deb.debian.org/debian/pool/main/d/diffutils/diffutils_3.7-5_amd64.deb [373248/373248] -> "/app/root//var/cache/apt/archives/partial/diffutils_1%3a3.7-5_amd64.deb" [1]
2022-09-25 10:54:37 URL:http://deb.debian.org/debian/pool/main/d/dmidecode/dmidecode_3.3-2_amd64.deb [64688/64688] -> "/app/root//var/cache/apt/archives/partial/dmidecode_3.3-2_amd64.deb" [1]
2022-09-25 10:54:38 URL:http://deb.debian.org/debian/pool/main/d/dpkg/dpkg_1.20.12_amd64.deb [2535932/2535932] -> "/app/root//var/cache/apt/archives/partial/dpkg_1.20.12_amd64.deb" [1]
2022-09-25 10:54:38 URL:http://deb.debian.org/debian/pool/main/e/e2fsprogs/e2fsprogs_1.46.2-2_amd64.deb [614676/614676] -> "/app/root//var/cache/apt/archives/partial/e2fsprogs_1.46.2-2_amd64.deb" [1]
2022-09-25 10:54:38 URL:http://deb.debian.org/debian/pool/main/e/e2fsprogs/libcom-err2_1.46.2-2_amd64.deb [74208/74208] -> "/app/root//var/cache/apt/archives/partial/libcom-err2_1.46.2-2_amd64.deb" [1]
2022-09-25 10:54:38 URL:http://deb.debian.org/debian/pool/main/e/e2fsprogs/libext2fs2_1.46.2-2_amd64.deb [256928/256928] -> "/app/root//var/cache/apt/archives/partial/libext2fs2_1.46.2-2_amd64.deb" [1]
2022-09-25 10:54:38 URL:http://deb.debian.org/debian/pool/main/e/e2fsprogs/libss2_1.46.2-2_amd64.deb [78764/78764] -> "/app/root//var/cache/apt/archives/partial/libss2_1.46.2-2_amd64.deb" [1]
2022-09-25 10:54:38 URL:http://deb.debian.org/debian/pool/main/e/e2fsprogs/logsave_1.46.2-2_amd64.deb [74904/74904] -> "/app/root//var/cache/apt/archives/partial/logsave_1.46.2-2_amd64.deb" [1]
2022-09-25 10:54:38 URL:http://deb.debian.org/debian/pool/main/e/elfutils/libelf1_0.183-1_amd64.deb [165284/165284] -> "/app/root//var/cache/apt/archives/partial/libelf1_0.183-1_amd64.deb" [1]
2022-09-25 10:54:38 URL:http://deb.debian.org/debian/pool/main/f/findutils/findutils_4.8.0-1_amd64.deb [697324/697324] -> "/app/root//var/cache/apt/archives/partial/findutils_4.8.0-1_amd64.deb" [1]
2022-09-25 10:54:38 URL:http://deb.debian.org/debian/pool/main/g/gcc-10/gcc-10-base_10.2.1-6_amd64.deb [201332/201332] -> "/app/root//var/cache/apt/archives/partial/gcc-10-base_10.2.1-6_amd64.deb" [1]
2022-09-25 10:54:38 URL:http://deb.debian.org/debian/pool/main/g/gcc-10/libgcc-s1_10.2.1-6_amd64.deb [41400/41400] -> "/app/root//var/cache/apt/archives/partial/libgcc-s1_10.2.1-6_amd64.deb" [1]
2022-09-25 10:54:38 URL:http://deb.debian.org/debian/pool/main/g/gcc-10/libstdc++6_10.2.1-6_amd64.deb [492540/492540] -> "/app/root//var/cache/apt/archives/partial/libstdc++6_10.2.1-6_amd64.deb" [1]
2022-09-25 10:54:38 URL:http://deb.debian.org/debian/pool/main/g/gcc-9/gcc-9-base_9.3.0-22_amd64.deb [198312/198312] -> "/app/root//var/cache/apt/archives/partial/gcc-9-base_9.3.0-22_amd64.deb" [1]
2022-09-25 10:54:38 URL:http://deb.debian.org/debian/pool/main/g/glibc/libc-bin_2.31-13+deb11u4_amd64.deb [828852/828852] -> "/app/root//var/cache/apt/archives/partial/libc-bin_2.31-13+deb11u4_amd64.deb" [1]
2022-09-25 10:54:38 URL:http://deb.debian.org/debian/pool/main/g/glibc/libc6_2.31-13+deb11u4_amd64.deb [2824040/2824040] -> "/app/root//var/cache/apt/archives/partial/libc6_2.31-13+deb11u4_amd64.deb" [1]
2022-09-25 10:54:38 URL:http://deb.debian.org/debian/pool/main/g/gmp/libgmp10_6.2.1+dfsg-1+deb11u1_amd64.deb [563308/563308] -> "/app/root//var/cache/apt/archives/partial/libgmp10_2%3a6.2.1+dfsg-1+deb11u1_amd64.deb" [1]
2022-09-25 10:54:38 URL:http://deb.debian.org/debian/pool/main/g/gnupg2/gpgv_2.2.27-2+deb11u2_amd64.deb [625824/625824] -> "/app/root//var/cache/apt/archives/partial/gpgv_2.2.27-2+deb11u2_amd64.deb" [1]
2022-09-25 10:54:38 URL:http://deb.debian.org/debian/pool/main/g/gnutls28/libgnutls30_3.7.1-5+deb11u2_amd64.deb [1340576/1340576] -> "/app/root//var/cache/apt/archives/partial/libgnutls30_3.7.1-5+deb11u2_amd64.deb" [1]
2022-09-25 10:54:39 URL:http://deb.debian.org/debian/pool/main/g/grep/grep_3.6-1_amd64.deb [397932/397932] -> "/app/root//var/cache/apt/archives/partial/grep_3.6-1_amd64.deb" [1]
2022-09-25 10:54:39 URL:http://deb.debian.org/debian/pool/main/g/gzip/gzip_1.10-4+deb11u1_amd64.deb [131996/131996] -> "/app/root//var/cache/apt/archives/partial/gzip_1.10-4+deb11u1_amd64.deb" [1]
2022-09-25 10:54:39 URL:http://deb.debian.org/debian/pool/main/h/hostname/hostname_3.23_amd64.deb [14948/14948] -> "/app/root//var/cache/apt/archives/partial/hostname_3.23_amd64.deb" [1]
2022-09-25 10:54:39 URL:http://deb.debian.org/debian/pool/main/i/ifupdown/ifupdown_0.8.36_amd64.deb [81964/81964] -> "/app/root//var/cache/apt/archives/partial/ifupdown_0.8.36_amd64.deb" [1]
2022-09-25 10:54:39 URL:http://deb.debian.org/debian/pool/main/i/init-system-helpers/init_1.60_amd64.deb [15256/15256] -> "/app/root//var/cache/apt/archives/partial/init_1.60_amd64.deb" [1]
2022-09-25 10:54:39 URL:http://deb.debian.org/debian/pool/main/i/init-system-helpers/init-system-helpers_1.60_all.deb [47076/47076] -> "/app/root//var/cache/apt/archives/partial/init-system-helpers_1.60_all.deb" [1]
2022-09-25 10:54:39 URL:http://deb.debian.org/debian/pool/main/i/iproute2/iproute2_5.10.0-4_amd64.deb [930168/930168] -> "/app/root//var/cache/apt/archives/partial/iproute2_5.10.0-4_amd64.deb" [1]
2022-09-25 10:54:39 URL:http://deb.debian.org/debian/pool/main/i/iptables/libip4tc2_1.8.7-1_amd64.deb [34640/34640] -> "/app/root//var/cache/apt/archives/partial/libip4tc2_1.8.7-1_amd64.deb" [1]
2022-09-25 10:54:39 URL:http://deb.debian.org/debian/pool/main/i/iptables/libxtables12_1.8.7-1_amd64.deb [45052/45052] -> "/app/root//var/cache/apt/archives/partial/libxtables12_1.8.7-1_amd64.deb" [1]
2022-09-25 10:54:39 URL:http://deb.debian.org/debian/pool/main/i/iputils/iputils-ping_20210202-1_amd64.deb [49776/49776] -> "/app/root//var/cache/apt/archives/partial/iputils-ping_3%3a20210202-1_amd64.deb" [1]
2022-09-25 10:54:39 URL:http://deb.debian.org/debian/pool/main/i/isc-dhcp/isc-dhcp-client_4.4.1-2.3_amd64.deb [342392/342392] -> "/app/root//var/cache/apt/archives/partial/isc-dhcp-client_4.4.1-2.3_amd64.deb" [1]
2022-09-25 10:54:39 URL:http://deb.debian.org/debian/pool/main/i/isc-dhcp/isc-dhcp-common_4.4.1-2.3_amd64.deb [144668/144668] -> "/app/root//var/cache/apt/archives/partial/isc-dhcp-common_4.4.1-2.3_amd64.deb" [1]
2022-09-25 10:54:39 URL:http://deb.debian.org/debian/pool/main/j/jansson/libjansson4_2.13.1-1.1_amd64.deb [39688/39688] -> "/app/root//var/cache/apt/archives/partial/libjansson4_2.13.1-1.1_amd64.deb" [1]
2022-09-25 10:54:39 URL:http://deb.debian.org/debian/pool/main/j/json-c/libjson-c5_0.15-2_amd64.deb [42784/42784] -> "/app/root//var/cache/apt/archives/partial/libjson-c5_0.15-2_amd64.deb" [1]
2022-09-25 10:54:39 URL:http://deb.debian.org/debian/pool/main/k/keyutils/libkeyutils1_1.6.1-2_amd64.deb [15444/15444] -> "/app/root//var/cache/apt/archives/partial/libkeyutils1_1.6.1-2_amd64.deb" [1]
2022-09-25 10:54:39 URL:http://deb.debian.org/debian/pool/main/k/kmod/kmod_28-1_amd64.deb [92840/92840] -> "/app/root//var/cache/apt/archives/partial/kmod_28-1_amd64.deb" [1]
2022-09-25 10:54:39 URL:http://deb.debian.org/debian/pool/main/k/kmod/libkmod2_28-1_amd64.deb [55580/55580] -> "/app/root//var/cache/apt/archives/partial/libkmod2_28-1_amd64.deb" [1]
2022-09-25 10:54:40 URL:http://deb.debian.org/debian/pool/main/k/krb5/libgssapi-krb5-2_1.18.3-6+deb11u2_amd64.deb [164820/164820] -> "/app/root//var/cache/apt/archives/partial/libgssapi-krb5-2_1.18.3-6+deb11u2_amd64.deb" [1]
2022-09-25 10:54:40 URL:http://deb.debian.org/debian/pool/main/k/krb5/libk5crypto3_1.18.3-6+deb11u2_amd64.deb [113680/113680] -> "/app/root//var/cache/apt/archives/partial/libk5crypto3_1.18.3-6+deb11u2_amd64.deb" [1]
2022-09-25 10:54:40 URL:http://deb.debian.org/debian/pool/main/k/krb5/libkrb5-3_1.18.3-6+deb11u2_amd64.deb [363036/363036] -> "/app/root//var/cache/apt/archives/partial/libkrb5-3_1.18.3-6+deb11u2_amd64.deb" [1]
2022-09-25 10:54:40 URL:http://deb.debian.org/debian/pool/main/k/krb5/libkrb5support0_1.18.3-6+deb11u2_amd64.deb [65344/65344] -> "/app/root//var/cache/apt/archives/partial/libkrb5support0_1.18.3-6+deb11u2_amd64.deb" [1]
2022-09-25 10:54:40 URL:http://deb.debian.org/debian/pool/main/l/less/less_551-2_amd64.deb [132896/132896] -> "/app/root//var/cache/apt/archives/partial/less_551-2_amd64.deb" [1]
2022-09-25 10:54:40 URL:http://deb.debian.org/debian/pool/main/libb/libbpf/libbpf0_0.3-2_amd64.deb [98280/98280] -> "/app/root//var/cache/apt/archives/partial/libbpf0_1%3a0.3-2_amd64.deb" [1]
2022-09-25 10:54:40 URL:http://deb.debian.org/debian/pool/main/libb/libbsd/libbsd0_0.11.3-1_amd64.deb [107876/107876] -> "/app/root//var/cache/apt/archives/partial/libbsd0_0.11.3-1_amd64.deb" [1]
2022-09-25 10:54:40 URL:http://deb.debian.org/debian/pool/main/libc/libcap-ng/libcap-ng0_0.7.9-2.2+b1_amd64.deb [14764/14764] -> "/app/root//var/cache/apt/archives/partial/libcap-ng0_0.7.9-2.2+b1_amd64.deb" [1]
2022-09-25 10:54:40 URL:http://deb.debian.org/debian/pool/main/libc/libcap2/libcap2_2.44-1_amd64.deb [23604/23604] -> "/app/root//var/cache/apt/archives/partial/libcap2_1%3a2.44-1_amd64.deb" [1]
2022-09-25 10:54:40 URL:http://deb.debian.org/debian/pool/main/libc/libcap2/libcap2-bin_2.44-1_amd64.deb [32612/32612] -> "/app/root//var/cache/apt/archives/partial/libcap2-bin_1%3a2.44-1_amd64.deb" [1]
2022-09-25 10:54:40 URL:http://deb.debian.org/debian/pool/main/libe/libedit/libedit2_3.1-20191231-2+b1_amd64.deb [96744/96744] -> "/app/root//var/cache/apt/archives/partial/libedit2_3.1-20191231-2+b1_amd64.deb" [1]
2022-09-25 10:54:40 URL:http://deb.debian.org/debian/pool/main/libe/libestr/libestr0_0.1.10-2.1+b1_amd64.deb [9048/9048] -> "/app/root//var/cache/apt/archives/partial/libestr0_0.1.10-2.1+b1_amd64.deb" [1]
2022-09-25 10:54:40 URL:http://deb.debian.org/debian/pool/main/libf/libfastjson/libfastjson4_0.99.9-1_amd64.deb [28432/28432] -> "/app/root//var/cache/apt/archives/partial/libfastjson4_0.99.9-1_amd64.deb" [1]
2022-09-25 10:54:40 URL:http://deb.debian.org/debian/pool/main/libf/libffi/libffi7_3.3-6_amd64.deb [23096/23096] -> "/app/root//var/cache/apt/archives/partial/libffi7_3.3-6_amd64.deb" [1]
2022-09-25 10:54:40 URL:http://deb.debian.org/debian/pool/main/libg/libgcrypt20/libgcrypt20_1.8.7-6_amd64.deb [563136/563136] -> "/app/root//var/cache/apt/archives/partial/libgcrypt20_1.8.7-6_amd64.deb" [1]
2022-09-25 10:54:40 URL:http://deb.debian.org/debian/pool/main/libg/libgpg-error/libgpg-error0_1.38-2_amd64.deb [77536/77536] -> "/app/root//var/cache/apt/archives/partial/libgpg-error0_1.38-2_amd64.deb" [1]
2022-09-25 10:54:40 URL:http://deb.debian.org/debian/pool/main/libi/libidn2/libidn2-0_2.3.0-5_amd64.deb [86108/86108] -> "/app/root//var/cache/apt/archives/partial/libidn2-0_2.3.0-5_amd64.deb" [1]
2022-09-25 10:54:40 URL:http://deb.debian.org/debian/pool/main/libl/liblocale-gettext-perl/liblocale-gettext-perl_1.07-4+b1_amd64.deb [19048/19048] -> "/app/root//var/cache/apt/archives/partial/liblocale-gettext-perl_1.07-4+b1_amd64.deb" [1]
2022-09-25 10:54:40 URL:http://deb.debian.org/debian/pool/main/libl/liblognorm/liblognorm5_2.0.5-1.1_amd64.deb [64512/64512] -> "/app/root//var/cache/apt/archives/partial/liblognorm5_2.0.5-1.1_amd64.deb" [1]
2022-09-25 10:54:41 URL:http://deb.debian.org/debian/pool/main/libm/libmd/libmd0_1.0.3-3_amd64.deb [27972/27972] -> "/app/root//var/cache/apt/archives/partial/libmd0_1.0.3-3_amd64.deb" [1]
2022-09-25 10:54:41 URL:http://deb.debian.org/debian/pool/main/libm/libmnl/libmnl0_1.0.4-3_amd64.deb [12476/12476] -> "/app/root//var/cache/apt/archives/partial/libmnl0_1.0.4-3_amd64.deb" [1]
2022-09-25 10:54:41 URL:http://deb.debian.org/debian/pool/main/libn/libnftnl/libnftnl11_1.1.9-1_amd64.deb [63708/63708] -> "/app/root//var/cache/apt/archives/partial/libnftnl11_1.1.9-1_amd64.deb" [1]
2022-09-25 10:54:41 URL:http://deb.debian.org/debian/pool/main/libn/libnsl/libnsl2_1.3.0-2_amd64.deb [39480/39480] -> "/app/root//var/cache/apt/archives/partial/libnsl2_1.3.0-2_amd64.deb" [1]
2022-09-25 10:54:41 URL:http://deb.debian.org/debian/pool/main/libs/libseccomp/libseccomp2_2.5.1-1+deb11u1_amd64.deb [48512/48512] -> "/app/root//var/cache/apt/archives/partial/libseccomp2_2.5.1-1+deb11u1_amd64.deb" [1]
2022-09-25 10:54:41 URL:http://deb.debian.org/debian/pool/main/libs/libselinux/libselinux1_3.1-3_amd64.deb [88124/88124] -> "/app/root//var/cache/apt/archives/partial/libselinux1_3.1-3_amd64.deb" [1]
2022-09-25 10:54:41 URL:http://deb.debian.org/debian/pool/main/libs/libsemanage/libsemanage-common_3.1-1_all.deb [21308/21308] -> "/app/root//var/cache/apt/archives/partial/libsemanage-common_3.1-1_all.deb" [1]
2022-09-25 10:54:41 URL:http://deb.debian.org/debian/pool/main/libs/libsemanage/libsemanage1_3.1-1+b2_amd64.deb [99332/99332] -> "/app/root//var/cache/apt/archives/partial/libsemanage1_3.1-1+b2_amd64.deb" [1]
2022-09-25 10:54:41 URL:http://deb.debian.org/debian/pool/main/libs/libsepol/libsepol1_3.1-1_amd64.deb [264624/264624] -> "/app/root//var/cache/apt/archives/partial/libsepol1_3.1-1_amd64.deb" [1]
2022-09-25 10:54:41 URL:http://deb.debian.org/debian/pool/main/libt/libtasn1-6/libtasn1-6_4.16.0-2_amd64.deb [55008/55008] -> "/app/root//var/cache/apt/archives/partial/libtasn1-6_4.16.0-2_amd64.deb" [1]
2022-09-25 10:54:41 URL:http://deb.debian.org/debian/pool/main/libt/libtext-charwidth-perl/libtext-charwidth-perl_0.04-10+b1_amd64.deb [10648/10648] -> "/app/root//var/cache/apt/archives/partial/libtext-charwidth-perl_0.04-10+b1_amd64.deb" [1]
2022-09-25 10:54:41 URL:http://deb.debian.org/debian/pool/main/libt/libtext-iconv-perl/libtext-iconv-perl_1.7-7+b1_amd64.deb [16092/16092] -> "/app/root//var/cache/apt/archives/partial/libtext-iconv-perl_1.7-7+b1_amd64.deb" [1]
2022-09-25 10:54:41 URL:http://deb.debian.org/debian/pool/main/libt/libtext-wrapi18n-perl/libtext-wrapi18n-perl_0.06-9_all.deb [8700/8700] -> "/app/root//var/cache/apt/archives/partial/libtext-wrapi18n-perl_0.06-9_all.deb" [1]
2022-09-25 10:54:41 URL:http://deb.debian.org/debian/pool/main/libt/libtirpc/libtirpc-common_1.3.1-1+deb11u1_all.deb [13464/13464] -> "/app/root//var/cache/apt/archives/partial/libtirpc-common_1.3.1-1+deb11u1_all.deb" [1]
2022-09-25 10:54:41 URL:http://deb.debian.org/debian/pool/main/libt/libtirpc/libtirpc3_1.3.1-1+deb11u1_amd64.deb [84072/84072] -> "/app/root//var/cache/apt/archives/partial/libtirpc3_1.3.1-1+deb11u1_amd64.deb" [1]
2022-09-25 10:54:41 URL:http://deb.debian.org/debian/pool/main/libu/libunistring/libunistring2_0.9.10-4_amd64.deb [379316/379316] -> "/app/root//var/cache/apt/archives/partial/libunistring2_0.9.10-4_amd64.deb" [1]
2022-09-25 10:54:41 URL:http://deb.debian.org/debian/pool/main/libx/libxcrypt/libcrypt1_4.4.18-4_amd64.deb [87504/87504] -> "/app/root//var/cache/apt/archives/partial/libcrypt1_1%3a4.4.18-4_amd64.deb" [1]
2022-09-25 10:54:41 URL:http://deb.debian.org/debian/pool/main/libz/libzstd/libzstd1_1.4.8+dfsg-2.1_amd64.deb [318644/318644] -> "/app/root//var/cache/apt/archives/partial/libzstd1_1.4.8+dfsg-2.1_amd64.deb" [1]
2022-09-25 10:54:41 URL:http://deb.debian.org/debian/pool/main/l/logrotate/logrotate_3.18.0-2+deb11u1_amd64.deb [72708/72708] -> "/app/root//var/cache/apt/archives/partial/logrotate_3.18.0-2+deb11u1_amd64.deb" [1]
2022-09-25 10:54:42 URL:http://deb.debian.org/debian/pool/main/l/lsb/lsb-base_11.1.0_all.deb [28700/28700] -> "/app/root//var/cache/apt/archives/partial/lsb-base_11.1.0_all.deb" [1]
2022-09-25 10:54:42 URL:http://deb.debian.org/debian/pool/main/l/lvm2/dmsetup_1.02.175-2.1_amd64.deb [92056/92056] -> "/app/root//var/cache/apt/archives/partial/dmsetup_2%3a1.02.175-2.1_amd64.deb" [1]
2022-09-25 10:54:42 URL:http://deb.debian.org/debian/pool/main/l/lvm2/libdevmapper1.02.1_1.02.175-2.1_amd64.deb [142920/142920] -> "/app/root//var/cache/apt/archives/partial/libdevmapper1.02.1_2%3a1.02.175-2.1_amd64.deb" [1]
2022-09-25 10:54:42 URL:http://deb.debian.org/debian/pool/main/l/lz4/liblz4-1_1.9.3-2_amd64.deb [57492/57492] -> "/app/root//var/cache/apt/archives/partial/liblz4-1_1.9.3-2_amd64.deb" [1]
2022-09-25 10:54:42 URL:http://deb.debian.org/debian/pool/main/m/mawk/mawk_1.3.4.20200120-2_amd64.deb [112156/112156] -> "/app/root//var/cache/apt/archives/partial/mawk_1.3.4.20200120-2_amd64.deb" [1]
2022-09-25 10:54:42 URL:http://deb.debian.org/debian/pool/main/n/nano/nano_5.4-2+deb11u1_amd64.deb [656392/656392] -> "/app/root//var/cache/apt/archives/partial/nano_5.4-2+deb11u1_amd64.deb" [1]
2022-09-25 10:54:42 URL:http://deb.debian.org/debian/pool/main/n/ncurses/libncurses6_6.2+20201114-2_amd64.deb [102388/102388] -> "/app/root//var/cache/apt/archives/partial/libncurses6_6.2+20201114-2_amd64.deb" [1]
2022-09-25 10:54:42 URL:http://deb.debian.org/debian/pool/main/n/ncurses/libncursesw6_6.2+20201114-2_amd64.deb [132460/132460] -> "/app/root//var/cache/apt/archives/partial/libncursesw6_6.2+20201114-2_amd64.deb" [1]
2022-09-25 10:54:42 URL:http://deb.debian.org/debian/pool/main/n/ncurses/libtinfo6_6.2+20201114-2_amd64.deb [340764/340764] -> "/app/root//var/cache/apt/archives/partial/libtinfo6_6.2+20201114-2_amd64.deb" [1]
2022-09-25 10:54:42 URL:http://deb.debian.org/debian/pool/main/n/ncurses/ncurses-base_6.2+20201114-2_all.deb [271392/271392] -> "/app/root//var/cache/apt/archives/partial/ncurses-base_6.2+20201114-2_all.deb" [1]
2022-09-25 10:54:42 URL:http://deb.debian.org/debian/pool/main/n/ncurses/ncurses-bin_6.2+20201114-2_amd64.deb [428204/428204] -> "/app/root//var/cache/apt/archives/partial/ncurses-bin_6.2+20201114-2_amd64.deb" [1]
2022-09-25 10:54:42 URL:http://deb.debian.org/debian/pool/main/n/netbase/netbase_6.3_all.deb [19924/19924] -> "/app/root//var/cache/apt/archives/partial/netbase_6.3_all.deb" [1]
2022-09-25 10:54:42 URL:http://deb.debian.org/debian/pool/main/n/nettle/libhogweed6_3.7.3-1_amd64.deb [320468/320468] -> "/app/root//var/cache/apt/archives/partial/libhogweed6_3.7.3-1_amd64.deb" [1]
2022-09-25 10:54:42 URL:http://deb.debian.org/debian/pool/main/n/nettle/libnettle8_3.7.3-1_amd64.deb [270376/270376] -> "/app/root//var/cache/apt/archives/partial/libnettle8_3.7.3-1_amd64.deb" [1]
2022-09-25 10:54:42 URL:http://deb.debian.org/debian/pool/main/n/newt/libnewt0.52_0.52.21-4+b3_amd64.deb [74728/74728] -> "/app/root//var/cache/apt/archives/partial/libnewt0.52_0.52.21-4+b3_amd64.deb" [1]
2022-09-25 10:54:42 URL:http://deb.debian.org/debian/pool/main/n/newt/whiptail_0.52.21-4+b3_amd64.deb [39812/39812] -> "/app/root//var/cache/apt/archives/partial/whiptail_0.52.21-4+b3_amd64.deb" [1]
2022-09-25 10:54:43 URL:http://deb.debian.org/debian/pool/main/n/nftables/libnftables1_0.9.8-3.1_amd64.deb [261144/261144] -> "/app/root//var/cache/apt/archives/partial/libnftables1_0.9.8-3.1_amd64.deb" [1]
2022-09-25 10:54:43 URL:http://deb.debian.org/debian/pool/main/n/nftables/nftables_0.9.8-3.1_amd64.deb [68456/68456] -> "/app/root//var/cache/apt/archives/partial/nftables_0.9.8-3.1_amd64.deb" [1]
2022-09-25 10:54:43 URL:http://deb.debian.org/debian/pool/main/o/openssl/libssl1.1_1.1.1n-0+deb11u3_amd64.deb [1559336/1559336] -> "/app/root//var/cache/apt/archives/partial/libssl1.1_1.1.1n-0+deb11u3_amd64.deb" [1]
2022-09-25 10:54:43 URL:http://deb.debian.org/debian/pool/main/p/p11-kit/libp11-kit0_0.23.22-1_amd64.deb [336536/336536] -> "/app/root//var/cache/apt/archives/partial/libp11-kit0_0.23.22-1_amd64.deb" [1]
2022-09-25 10:54:43 URL:http://deb.debian.org/debian/pool/main/p/pam/libpam-modules_1.4.0-9+deb11u1_amd64.deb [325816/325816] -> "/app/root//var/cache/apt/archives/partial/libpam-modules_1.4.0-9+deb11u1_amd64.deb" [1]
2022-09-25 10:54:43 URL:http://deb.debian.org/debian/pool/main/p/pam/libpam-modules-bin_1.4.0-9+deb11u1_amd64.deb [108096/108096] -> "/app/root//var/cache/apt/archives/partial/libpam-modules-bin_1.4.0-9+deb11u1_amd64.deb" [1]
2022-09-25 10:54:43 URL:http://deb.debian.org/debian/pool/main/p/pam/libpam-runtime_1.4.0-9+deb11u1_all.deb [207376/207376] -> "/app/root//var/cache/apt/archives/partial/libpam-runtime_1.4.0-9+deb11u1_all.deb" [1]
2022-09-25 10:54:43 URL:http://deb.debian.org/debian/pool/main/p/pam/libpam0g_1.4.0-9+deb11u1_amd64.deb [129492/129492] -> "/app/root//var/cache/apt/archives/partial/libpam0g_1.4.0-9+deb11u1_amd64.deb" [1]
2022-09-25 10:54:43 URL:http://deb.debian.org/debian/pool/main/p/pcre2/libpcre2-8-0_10.36-2+deb11u1_amd64.deb [247784/247784] -> "/app/root//var/cache/apt/archives/partial/libpcre2-8-0_10.36-2+deb11u1_amd64.deb" [1]
2022-09-25 10:54:43 URL:http://deb.debian.org/debian/pool/main/p/pcre3/libpcre3_8.39-13_amd64.deb [342528/342528] -> "/app/root//var/cache/apt/archives/partial/libpcre3_2%3a8.39-13_amd64.deb" [1]
2022-09-25 10:54:43 URL:http://deb.debian.org/debian/pool/main/p/perl/perl-base_5.32.1-4+deb11u2_amd64.deb [1627736/1627736] -> "/app/root//var/cache/apt/archives/partial/perl-base_5.32.1-4+deb11u2_amd64.deb" [1]
2022-09-25 10:54:43 URL:http://deb.debian.org/debian/pool/main/p/popt/libpopt0_1.18-2_amd64.deb [49584/49584] -> "/app/root//var/cache/apt/archives/partial/libpopt0_1.18-2_amd64.deb" [1]
2022-09-25 10:54:43 URL:http://deb.debian.org/debian/pool/main/p/procps/libprocps8_3.3.17-5_amd64.deb [63864/63864] -> "/app/root//var/cache/apt/archives/partial/libprocps8_2%3a3.3.17-5_amd64.deb" [1]
2022-09-25 10:54:44 URL:http://deb.debian.org/debian/pool/main/p/procps/procps_3.3.17-5_amd64.deb [501856/501856] -> "/app/root//var/cache/apt/archives/partial/procps_2%3a3.3.17-5_amd64.deb" [1]
2022-09-25 10:54:44 URL:http://deb.debian.org/debian/pool/main/r/readline/libreadline8_8.1-1_amd64.deb [168612/168612] -> "/app/root//var/cache/apt/archives/partial/libreadline8_8.1-1_amd64.deb" [1]
2022-09-25 10:54:44 URL:http://deb.debian.org/debian/pool/main/r/readline/readline-common_8.1-1_all.deb [73736/73736] -> "/app/root//var/cache/apt/archives/partial/readline-common_8.1-1_all.deb" [1]
2022-09-25 10:54:44 URL:http://deb.debian.org/debian/pool/main/r/rsyslog/rsyslog_8.2102.0-2+deb11u1_amd64.deb [702816/702816] -> "/app/root//var/cache/apt/archives/partial/rsyslog_8.2102.0-2+deb11u1_amd64.deb" [1]
2022-09-25 10:54:44 URL:http://deb.debian.org/debian/pool/main/s/sed/sed_4.7-1_amd64.deb [309632/309632] -> "/app/root//var/cache/apt/archives/partial/sed_4.7-1_amd64.deb" [1]
2022-09-25 10:54:44 URL:http://deb.debian.org/debian/pool/main/s/sensible-utils/sensible-utils_0.0.14_all.deb [14804/14804] -> "/app/root//var/cache/apt/archives/partial/sensible-utils_0.0.14_all.deb" [1]
2022-09-25 10:54:44 URL:http://deb.debian.org/debian/pool/main/s/shadow/login_4.8.1-1_amd64.deb [654876/654876] -> "/app/root//var/cache/apt/archives/partial/login_1%3a4.8.1-1_amd64.deb" [1]
2022-09-25 10:54:44 URL:http://deb.debian.org/debian/pool/main/s/shadow/passwd_4.8.1-1_amd64.deb [990140/990140] -> "/app/root//var/cache/apt/archives/partial/passwd_1%3a4.8.1-1_amd64.deb" [1]
2022-09-25 10:54:44 URL:http://deb.debian.org/debian/pool/main/s/slang2/libslang2_2.3.2-5_amd64.deb [508620/508620] -> "/app/root//var/cache/apt/archives/partial/libslang2_2.3.2-5_amd64.deb" [1]
2022-09-25 10:54:44 URL:http://deb.debian.org/debian/pool/main/s/systemd/libsystemd0_247.3-7+deb11u1_amd64.deb [375804/375804] -> "/app/root//var/cache/apt/archives/partial/libsystemd0_247.3-7+deb11u1_amd64.deb" [1]
2022-09-25 10:54:44 URL:http://deb.debian.org/debian/pool/main/s/systemd/libudev1_247.3-7+deb11u1_amd64.deb [168208/168208] -> "/app/root//var/cache/apt/archives/partial/libudev1_247.3-7+deb11u1_amd64.deb" [1]
2022-09-25 10:54:44 URL:http://deb.debian.org/debian/pool/main/s/systemd/systemd_247.3-7+deb11u1_amd64.deb [4501012/4501012] -> "/app/root//var/cache/apt/archives/partial/systemd_247.3-7+deb11u1_amd64.deb" [1]
2022-09-25 10:54:44 URL:http://deb.debian.org/debian/pool/main/s/systemd/systemd-sysv_247.3-7+deb11u1_amd64.deb [113336/113336] -> "/app/root//var/cache/apt/archives/partial/systemd-sysv_247.3-7+deb11u1_amd64.deb" [1]
2022-09-25 10:54:45 URL:http://deb.debian.org/debian/pool/main/s/systemd/udev_247.3-7+deb11u1_amd64.deb [1463632/1463632] -> "/app/root//var/cache/apt/archives/partial/udev_247.3-7+deb11u1_amd64.deb" [1]
2022-09-25 10:54:45 URL:http://deb.debian.org/debian/pool/main/s/sysvinit/sysvinit-utils_2.96-7+deb11u1_amd64.deb [25608/25608] -> "/app/root//var/cache/apt/archives/partial/sysvinit-utils_2.96-7+deb11u1_amd64.deb" [1]
2022-09-25 10:54:45 URL:http://deb.debian.org/debian/pool/main/t/tar/tar_1.34+dfsg-1_amd64.deb [846756/846756] -> "/app/root//var/cache/apt/archives/partial/tar_1.34+dfsg-1_amd64.deb" [1]
2022-09-25 10:54:45 URL:http://deb.debian.org/debian/pool/main/t/tasksel/tasksel_3.68+deb11u1_all.deb [100928/100928] -> "/app/root//var/cache/apt/archives/partial/tasksel_3.68+deb11u1_all.deb" [1]
2022-09-25 10:54:45 URL:http://deb.debian.org/debian/pool/main/t/tasksel/tasksel-data_3.68+deb11u1_all.deb [18016/18016] -> "/app/root//var/cache/apt/archives/partial/tasksel-data_3.68+deb11u1_all.deb" [1]
2022-09-25 10:54:45 URL:http://deb.debian.org/debian/pool/main/t/tzdata/tzdata_2021a-1+deb11u5_all.deb [284052/284052] -> "/app/root//var/cache/apt/archives/partial/tzdata_2021a-1+deb11u5_all.deb" [1]
2022-09-25 10:54:45 URL:http://deb.debian.org/debian/pool/main/u/util-linux/bsdutils_2.36.1-8+deb11u1_amd64.deb [148484/148484] -> "/app/root//var/cache/apt/archives/partial/bsdutils_1%3a2.36.1-8+deb11u1_amd64.deb" [1]
2022-09-25 10:54:45 URL:http://deb.debian.org/debian/pool/main/u/util-linux/fdisk_2.36.1-8+deb11u1_amd64.deb [192116/192116] -> "/app/root//var/cache/apt/archives/partial/fdisk_2.36.1-8+deb11u1_amd64.deb" [1]
2022-09-25 10:54:45 URL:http://deb.debian.org/debian/pool/main/u/util-linux/libblkid1_2.36.1-8+deb11u1_amd64.deb [193380/193380] -> "/app/root//var/cache/apt/archives/partial/libblkid1_2.36.1-8+deb11u1_amd64.deb" [1]
2022-09-25 10:54:45 URL:http://deb.debian.org/debian/pool/main/u/util-linux/libfdisk1_2.36.1-8+deb11u1_amd64.deb [237428/237428] -> "/app/root//var/cache/apt/archives/partial/libfdisk1_2.36.1-8+deb11u1_amd64.deb" [1]
2022-09-25 10:54:45 URL:http://deb.debian.org/debian/pool/main/u/util-linux/libmount1_2.36.1-8+deb11u1_amd64.deb [211752/211752] -> "/app/root//var/cache/apt/archives/partial/libmount1_2.36.1-8+deb11u1_amd64.deb" [1]
2022-09-25 10:54:45 URL:http://deb.debian.org/debian/pool/main/u/util-linux/libsmartcols1_2.36.1-8+deb11u1_amd64.deb [157508/157508] -> "/app/root//var/cache/apt/archives/partial/libsmartcols1_2.36.1-8+deb11u1_amd64.deb" [1]
2022-09-25 10:54:45 URL:http://deb.debian.org/debian/pool/main/u/util-linux/libuuid1_2.36.1-8+deb11u1_amd64.deb [83856/83856] -> "/app/root//var/cache/apt/archives/partial/libuuid1_2.36.1-8+deb11u1_amd64.deb" [1]
2022-09-25 10:54:45 URL:http://deb.debian.org/debian/pool/main/u/util-linux/mount_2.36.1-8+deb11u1_amd64.deb [185764/185764] -> "/app/root//var/cache/apt/archives/partial/mount_2.36.1-8+deb11u1_amd64.deb" [1]
2022-09-25 10:54:45 URL:http://deb.debian.org/debian/pool/main/u/util-linux/util-linux_2.36.1-8+deb11u1_amd64.deb [1141128/1141128] -> "/app/root//var/cache/apt/archives/partial/util-linux_2.36.1-8+deb11u1_amd64.deb" [1]
2022-09-25 10:54:46 URL:http://deb.debian.org/debian/pool/main/v/vim/vim-common_8.2.2434-3+deb11u1_all.deb [226176/226176] -> "/app/root//var/cache/apt/archives/partial/vim-common_2%3a8.2.2434-3+deb11u1_all.deb" [1]
2022-09-25 10:54:46 URL:http://deb.debian.org/debian/pool/main/v/vim/vim-tiny_8.2.2434-3+deb11u1_amd64.deb [744284/744284] -> "/app/root//var/cache/apt/archives/partial/vim-tiny_2%3a8.2.2434-3+deb11u1_amd64.deb" [1]
2022-09-25 10:54:46 URL:http://deb.debian.org/debian/pool/main/v/vim/xxd_8.2.2434-3+deb11u1_amd64.deb [192012/192012] -> "/app/root//var/cache/apt/archives/partial/xxd_2%3a8.2.2434-3+deb11u1_amd64.deb" [1]
2022-09-25 10:54:46 URL:http://deb.debian.org/debian/pool/main/x/xxhash/libxxhash0_0.8.0-2_amd64.deb [26852/26852] -> "/app/root//var/cache/apt/archives/partial/libxxhash0_0.8.0-2_amd64.deb" [1]
2022-09-25 10:54:46 URL:http://deb.debian.org/debian/pool/main/x/xz-utils/liblzma5_5.2.5-2.1~deb11u1_amd64.deb [168496/168496] -> "/app/root//var/cache/apt/archives/partial/liblzma5_5.2.5-2.1~deb11u1_amd64.deb" [1]
2022-09-25 10:54:46 URL:http://deb.debian.org/debian/pool/main/z/zlib/zlib1g_1.2.11.dfsg-2+deb11u2_amd64.deb [91420/91420] -> "/app/root//var/cache/apt/archives/partial/zlib1g_1%3a1.2.11.dfsg-2+deb11u2_amd64.deb" [1]
dpkg: warning: parsing file '/var/lib/dpkg/status' near line 5 package 'dpkg':
 missing 'Description' field
dpkg: warning: parsing file '/var/lib/dpkg/status' near line 5 package 'dpkg':
 missing 'Architecture' field
Selecting previously unselected package base-passwd.
(Reading database ... 0 files and directories currently installed.)
Preparing to unpack .../base-passwd_3.5.51_amd64.deb ...
Unpacking base-passwd (3.5.51) ...
dpkg: base-passwd: dependency problems, but configuring anyway as you requested:
 base-passwd depends on libc6 (>= 2.8); however:
  Package libc6 is not installed.
 base-passwd depends on libdebconfclient0 (>= 0.145); however:
  Package libdebconfclient0 is not installed.

Setting up base-passwd (3.5.51) ...
dpkg: warning: parsing file '/var/lib/dpkg/status' near line 24 package 'dpkg':
 missing 'Description' field
dpkg: warning: parsing file '/var/lib/dpkg/status' near line 24 package 'dpkg':
 missing 'Architecture' field
Selecting previously unselected package base-files.
dpkg: regarding .../base-files_11.1+deb11u5_amd64.deb containing base-files, pre-dependency problem:
 base-files pre-depends on awk
  awk is not installed.

dpkg: warning: ignoring pre-dependency problem!
(Reading database ... 41 files and directories currently installed.)
Preparing to unpack .../base-files_11.1+deb11u5_amd64.deb ...
Unpacking base-files (11.1+deb11u5) ...
dpkg: base-files: dependency problems, but configuring anyway as you requested:
 base-files depends on awk; however:
  Package awk is not installed.

Setting up base-files (11.1+deb11u5) ...
chown: invalid group: 'root:utmp'
dpkg: error processing package base-files (--install):
 installed base-files package post-installation script subprocess returned error exit status 1
Errors were encountered while processing:
 base-files
