2022-08-19 16:32:34,240 DEBUG    root            Loaded Command Group: ['gcloud', 'cloud_shell']
2022-08-19 16:32:34,254 DEBUG    root            Loaded Command Group: ['gcloud', 'cloud-shell', 'ssh']
2022-08-19 16:32:34,268 DEBUG    root            Running [gcloud.cloud-shell.ssh] with arguments: [--authorize-session: "True"]
2022-08-19 16:32:34,276 DEBUG    google.auth.transport.requests Making request: POST https://oauth2.googleapis.com/token
2022-08-19 16:32:34,277 DEBUG    urllib3.connectionpool Starting new HTTPS connection (1): oauth2.googleapis.com:443
2022-08-19 16:32:34,455 DEBUG    urllib3.connectionpool https://oauth2.googleapis.com:443 "POST /token HTTP/1.1" 200 None
2022-08-19 16:32:34,490 DEBUG    urllib3.connectionpool Starting new HTTPS connection (1): cloudshell.googleapis.com:443
2022-08-19 16:32:35,145 DEBUG    urllib3.connectionpool https://cloudshell.googleapis.com:443 "GET /v1/users/me/environments/default?alt=json HTTP/1.1" 200 None
2022-08-19 16:32:35,147 INFO     ___FILE_ONLY___ Starting your Cloud Shell machine...

2022-08-19 16:32:35,150 DEBUG    urllib3.connectionpool Starting new HTTPS connection (1): cloudshell.googleapis.com:443
2022-08-19 16:32:37,667 DEBUG    urllib3.connectionpool https://cloudshell.googleapis.com:443 "POST /v1/users/me/environments/default:start?alt=json HTTP/1.1" 200 None
2022-08-19 16:32:37,669 INFO     ___FILE_ONLY___ Waiting for your Cloud Shell machine to start...
2022-08-19 16:32:38,676 DEBUG    urllib3.connectionpool Starting new HTTPS connection (1): cloudshell.googleapis.com:443
2022-08-19 16:32:39,056 DEBUG    urllib3.connectionpool https://cloudshell.googleapis.com:443 "GET /v1/operations/operation-b9ba3be8-0476-4701-be23-e8d27848c1d1?alt=json HTTP/1.1" 200 None
2022-08-19 16:32:40,429 DEBUG    urllib3.connectionpool Starting new HTTPS connection (1): cloudshell.googleapis.com:443
2022-08-19 16:32:40,788 DEBUG    urllib3.connectionpool https://cloudshell.googleapis.com:443 "GET /v1/operations/operation-b9ba3be8-0476-4701-be23-e8d27848c1d1?alt=json HTTP/1.1" 200 None
2022-08-19 16:32:41,944 DEBUG    urllib3.connectionpool Starting new HTTPS connection (1): cloudshell.googleapis.com:443
2022-08-19 16:32:42,283 DEBUG    urllib3.connectionpool https://cloudshell.googleapis.com:443 "GET /v1/operations/operation-b9ba3be8-0476-4701-be23-e8d27848c1d1?alt=json HTTP/1.1" 200 None
2022-08-19 16:32:43,296 DEBUG    urllib3.connectionpool Starting new HTTPS connection (1): cloudshell.googleapis.com:443
2022-08-19 16:32:43,642 DEBUG    urllib3.connectionpool https://cloudshell.googleapis.com:443 "GET /v1/operations/operation-b9ba3be8-0476-4701-be23-e8d27848c1d1?alt=json HTTP/1.1" 200 None
2022-08-19 16:32:46,000 DEBUG    urllib3.connectionpool Starting new HTTPS connection (1): cloudshell.googleapis.com:443
2022-08-19 16:32:46,339 DEBUG    urllib3.connectionpool https://cloudshell.googleapis.com:443 "GET /v1/operations/operation-b9ba3be8-0476-4701-be23-e8d27848c1d1?alt=json HTTP/1.1" 200 None
2022-08-19 16:32:46,491 DEBUG    urllib3.connectionpool Starting new HTTPS connection (1): cloudshell.googleapis.com:443
2022-08-19 16:32:47,017 DEBUG    urllib3.connectionpool https://cloudshell.googleapis.com:443 "GET /v1/users/me/environments/default?alt=json HTTP/1.1" 200 None
2022-08-19 16:32:47,025 DEBUG    urllib3.connectionpool Starting new HTTPS connection (1): cloudshell.googleapis.com:443
2022-08-19 16:32:48,333 DEBUG    urllib3.connectionpool https://cloudshell.googleapis.com:443 "POST /v1/users/me/environments/default:authorize?alt=json HTTP/1.1" 200 None
2022-08-19 16:32:48,337 DEBUG    root            Running command [/usr/bin/ssh -t -p 6000 -i /home/as/.ssh/google_compute_engine -o StrictHostKeyChecking=no lmaobrub515@34.81.116.130 -- bash -l].
2022-08-19 16:32:48,337 DEBUG    root            Executing command: ['/usr/bin/ssh', '-t', '-p', '6000', '-i', '/home/as/.ssh/google_compute_engine', '-o', 'StrictHostKeyChecking=no', 'lmaobrub515@34.81.116.130', '--', 'bash -l']
2022-08-19 17:00:48,347 DEBUG    urllib3.connectionpool Starting new HTTPS connection (1): cloudshell.googleapis.com:443
2022-08-19 17:00:49,739 DEBUG    urllib3.connectionpool https://cloudshell.googleapis.com:443 "POST /v1/users/me/environments/default:authorize?alt=json HTTP/1.1" 200 None
2022-08-19 17:03:43,806 INFO     root            Display format: "default"
2022-08-19 17:03:43,807 DEBUG    root            Checking for updates...
2022-08-19 17:03:43,809 DEBUG    urllib3.connectionpool Starting new HTTPS connection (1): dl.google.com:443
2022-08-19 17:03:43,973 DEBUG    urllib3.connectionpool https://dl.google.com:443 "GET /dl/cloudsdk/channels/rapid/components-2.json HTTP/1.1" 200 201563
2022-08-19 17:03:44,174 INFO     ___FILE_ONLY___ 

Updates are available for some Google Cloud CLI components.  To install them,
please run:
  $ gcloud components update


