2022-08-19 19:51:44,990 DEBUG    root            Loaded Command Group: ['gcloud', 'cloud_shell']
2022-08-19 19:51:44,994 DEBUG    root            Loaded Command Group: ['gcloud', 'cloud-shell', 'ssh']
2022-08-19 19:51:45,009 DEBUG    root            Running [gcloud.cloud-shell.ssh] with arguments: [--authorize-session: "True"]
2022-08-19 19:51:45,014 DEBUG    google.auth.transport.requests Making request: POST https://oauth2.googleapis.com/token
2022-08-19 19:51:45,015 DEBUG    urllib3.connectionpool Starting new HTTPS connection (1): oauth2.googleapis.com:443
2022-08-19 19:51:45,198 DEBUG    urllib3.connectionpool https://oauth2.googleapis.com:443 "POST /token HTTP/1.1" 200 None
2022-08-19 19:51:45,215 DEBUG    urllib3.connectionpool Starting new HTTPS connection (1): cloudshell.googleapis.com:443
2022-08-19 19:51:45,766 DEBUG    urllib3.connectionpool https://cloudshell.googleapis.com:443 "GET /v1/users/me/environments/default?alt=json HTTP/1.1" 200 None
2022-08-19 19:51:45,768 INFO     ___FILE_ONLY___ Starting your Cloud Shell machine...

2022-08-19 19:51:45,771 DEBUG    urllib3.connectionpool Starting new HTTPS connection (1): cloudshell.googleapis.com:443
2022-08-19 19:51:48,453 DEBUG    urllib3.connectionpool https://cloudshell.googleapis.com:443 "POST /v1/users/me/environments/default:start?alt=json HTTP/1.1" 200 None
2022-08-19 19:51:48,457 INFO     ___FILE_ONLY___ Waiting for your Cloud Shell machine to start...
2022-08-19 19:51:49,462 DEBUG    urllib3.connectionpool Starting new HTTPS connection (1): cloudshell.googleapis.com:443
2022-08-19 19:51:49,792 DEBUG    urllib3.connectionpool https://cloudshell.googleapis.com:443 "GET /v1/operations/operation-61419f8f-9547-4707-972f-97c10185d77b?alt=json HTTP/1.1" 200 None
2022-08-19 19:51:50,409 DEBUG    urllib3.connectionpool Starting new HTTPS connection (1): cloudshell.googleapis.com:443
2022-08-19 19:51:50,748 DEBUG    urllib3.connectionpool https://cloudshell.googleapis.com:443 "GET /v1/operations/operation-61419f8f-9547-4707-972f-97c10185d77b?alt=json HTTP/1.1" 200 None
2022-08-19 19:51:51,657 DEBUG    urllib3.connectionpool Starting new HTTPS connection (1): cloudshell.googleapis.com:443
2022-08-19 19:51:52,004 DEBUG    urllib3.connectionpool https://cloudshell.googleapis.com:443 "GET /v1/operations/operation-61419f8f-9547-4707-972f-97c10185d77b?alt=json HTTP/1.1" 200 None
2022-08-19 19:51:53,505 DEBUG    urllib3.connectionpool Starting new HTTPS connection (1): cloudshell.googleapis.com:443
2022-08-19 19:51:53,847 DEBUG    urllib3.connectionpool https://cloudshell.googleapis.com:443 "GET /v1/operations/operation-61419f8f-9547-4707-972f-97c10185d77b?alt=json HTTP/1.1" 200 None
2022-08-19 19:51:53,872 DEBUG    urllib3.connectionpool Starting new HTTPS connection (1): cloudshell.googleapis.com:443
2022-08-19 19:51:54,318 DEBUG    urllib3.connectionpool https://cloudshell.googleapis.com:443 "GET /v1/users/me/environments/default?alt=json HTTP/1.1" 200 None
2022-08-19 19:51:54,326 DEBUG    urllib3.connectionpool Starting new HTTPS connection (1): cloudshell.googleapis.com:443
2022-08-19 19:51:55,530 DEBUG    urllib3.connectionpool https://cloudshell.googleapis.com:443 "POST /v1/users/me/environments/default:authorize?alt=json HTTP/1.1" 200 None
2022-08-19 19:51:55,532 DEBUG    root            Running command [/usr/bin/ssh -t -p 6000 -i /home/as/.ssh/google_compute_engine -o StrictHostKeyChecking=no lmaobrub515@34.81.138.62 -- bash -l].
2022-08-19 19:51:55,532 DEBUG    root            Executing command: ['/usr/bin/ssh', '-t', '-p', '6000', '-i', '/home/as/.ssh/google_compute_engine', '-o', 'StrictHostKeyChecking=no', 'lmaobrub515@34.81.138.62', '--', 'bash -l']
2022-08-19 19:57:57,888 INFO     root            Display format: "default"
