2022-08-01 19:25:35,797 DEBUG    root            Loaded Command Group: ['gcloud', 'auth']
2022-08-01 19:25:35,883 DEBUG    root            Loaded Command Group: ['gcloud', 'auth', 'login']
2022-08-01 19:25:35,885 DEBUG    root            Running [gcloud.auth.login] with arguments: []
2022-08-01 19:25:35,952 DEBUG    requests_oauthlib.oauth2_session Generated new state GCW5GeebIhFwJ32g9EfXdHH0pyt3ux.
2022-08-01 19:25:36,067 INFO     ___FILE_ONLY___ Your browser has been opened to visit:

    https://accounts.google.com/o/oauth2/auth?response_type=code&client_id=32555940559.apps.googleusercontent.com&redirect_uri=http%3A%2F%2Flocalhost%3A8085%2F&scope=openid+https%3A%2F%2Fwww.googleapis.com%2Fauth%2Fuserinfo.email+https%3A%2F%2Fwww.googleapis.com%2Fauth%2Fcloud-platform+https%3A%2F%2Fwww.googleapis.com%2Fauth%2Fappengine.admin+https%3A%2F%2Fwww.googleapis.com%2Fauth%2Fsqlservice.login+https%3A%2F%2Fwww.googleapis.com%2Fauth%2Fcompute+https%3A%2F%2Fwww.googleapis.com%2Fauth%2Faccounts.reauth&state=GCW5GeebIhFwJ32g9EfXdHH0pyt3ux&access_type=offline&code_challenge=n-tFBnQmgB0bM3EcczrfI4zrc-C9RSZVGviJ4WZseu0&code_challenge_method=S256


2022-08-01 19:26:06,252 INFO     google_auth_oauthlib.flow "GET /?state=GCW5GeebIhFwJ32g9EfXdHH0pyt3ux&code=4/0AdQt8qjo8Ml9K9d5ca9BZt_DShJArxz8ilz-lQ8Q3FO8cgZfwQg6OsBuGmLZsnb3hkkl-A&scope=email%20openid%20https://www.googleapis.com/auth/userinfo.email%20https://www.googleapis.com/auth/cloud-platform%20https://www.googleapis.com/auth/appengine.admin%20https://www.googleapis.com/auth/sqlservice.login%20https://www.googleapis.com/auth/compute%20https://www.googleapis.com/auth/accounts.reauth&authuser=1&prompt=consent HTTP/1.1" 200 959
2022-08-01 19:26:06,252 DEBUG    requests_oauthlib.oauth2_session Requesting url https://oauth2.googleapis.com/token using method POST.
2022-08-01 19:26:06,253 DEBUG    requests_oauthlib.oauth2_session Supplying headers {b'Accept': b'application/json', b'Content-Type': b'application/x-www-form-urlencoded;charset=UTF-8', b'user-agent': b'google-cloud-sdk gcloud/395.0.0 command/gcloud.auth.login invocation-id/8c0ce53da19947dfbdcc27c9afa183ea environment/None environment-version/None interactive/True from-script/False python/3.10.5 term/xterm-256color (Linux 5.18.15-arch1-1)'} and data {'grant_type': 'authorization_code', 'client_id': '32555940559.apps.googleusercontent.com', 'client_secret': 'ZmssLNjJy2998hD4CTg2ejr2', 'code': '4/0AdQt8qjo8Ml9K9d5ca9BZt_DShJArxz8ilz-lQ8Q3FO8cgZfwQg6OsBuGmLZsnb3hkkl-A', 'redirect_uri': 'http://localhost:8085/', 'code_verifier': 'TAylUGSve2KqeEd4iXzcfgdfDkpMyqlVgGC7~fcTMI-RiPuwrBb.tP5L~lndh-8Wj1wvPFJS175Nmx9sDUwa9bCjYuQ9VYcU0XNLweNdnGJkwEkaIdz~1U-faMC~HOXQ'}
2022-08-01 19:26:06,253 DEBUG    requests_oauthlib.oauth2_session Passing through key word arguments {'json': None, 'timeout': None, 'auth': None, 'verify': None, 'proxies': None}.
2022-08-01 19:26:06,255 DEBUG    urllib3.connectionpool Starting new HTTPS connection (1): oauth2.googleapis.com:443
2022-08-01 19:26:06,452 DEBUG    urllib3.connectionpool https://oauth2.googleapis.com:443 "POST /token HTTP/1.1" 200 None
2022-08-01 19:26:06,453 DEBUG    requests_oauthlib.oauth2_session Prepared fetch token request body grant_type=authorization_code&client_id=32555940559.apps.googleusercontent.com&client_secret=ZmssLNjJy2998hD4CTg2ejr2&code=4%2F0AdQt8qjo8Ml9K9d5ca9BZt_DShJArxz8ilz-lQ8Q3FO8cgZfwQg6OsBuGmLZsnb3hkkl-A&redirect_uri=http%3A%2F%2Flocalhost%3A8085%2F&code_verifier=TAylUGSve2KqeEd4iXzcfgdfDkpMyqlVgGC7~fcTMI-RiPuwrBb.tP5L~lndh-8Wj1wvPFJS175Nmx9sDUwa9bCjYuQ9VYcU0XNLweNdnGJkwEkaIdz~1U-faMC~HOXQ
2022-08-01 19:26:06,453 DEBUG    requests_oauthlib.oauth2_session Request to fetch token completed with status 200.
2022-08-01 19:26:06,453 DEBUG    requests_oauthlib.oauth2_session Request headers were {'user-agent': b'google-cloud-sdk gcloud/395.0.0 command/gcloud.auth.login invocation-id/8c0ce53da19947dfbdcc27c9afa183ea environment/None environment-version/None interactive/True from-script/False python/3.10.5 term/xterm-256color (Linux 5.18.15-arch1-1)', 'Accept-Encoding': 'gzip, deflate', 'Accept': b'application/json', 'Connection': 'keep-alive', 'Content-Type': b'application/x-www-form-urlencoded;charset=UTF-8', 'Content-Length': '387'}
2022-08-01 19:26:06,453 DEBUG    requests_oauthlib.oauth2_session Request body was grant_type=authorization_code&client_id=32555940559.apps.googleusercontent.com&client_secret=ZmssLNjJy2998hD4CTg2ejr2&code=4%2F0AdQt8qjo8Ml9K9d5ca9BZt_DShJArxz8ilz-lQ8Q3FO8cgZfwQg6OsBuGmLZsnb3hkkl-A&redirect_uri=http%3A%2F%2Flocalhost%3A8085%2F&code_verifier=TAylUGSve2KqeEd4iXzcfgdfDkpMyqlVgGC7~fcTMI-RiPuwrBb.tP5L~lndh-8Wj1wvPFJS175Nmx9sDUwa9bCjYuQ9VYcU0XNLweNdnGJkwEkaIdz~1U-faMC~HOXQ
2022-08-01 19:26:06,453 DEBUG    requests_oauthlib.oauth2_session Response headers were {'Cache-Control': 'no-cache, no-store, max-age=0, must-revalidate', 'Pragma': 'no-cache', 'Expires': 'Mon, 01 Jan 1990 00:00:00 GMT', 'Date': 'Mon, 01 Aug 2022 12:26:06 GMT', 'Content-Type': 'application/json; charset=utf-8', 'Vary': 'Origin, X-Origin, Referer', 'Content-Encoding': 'gzip', 'Server': 'scaffolding on HTTPServer2', 'X-XSS-Protection': '0', 'X-Frame-Options': 'SAMEORIGIN', 'X-Content-Type-Options': 'nosniff', 'Alt-Svc': 'h3=":443"; ma=2592000,h3-29=":443"; ma=2592000,h3-Q050=":443"; ma=2592000,h3-Q046=":443"; ma=2592000,h3-Q043=":443"; ma=2592000,quic=":443"; ma=2592000; v="46,43"', 'Transfer-Encoding': 'chunked'} and content {
  "access_token": "ya29.A0AVA9y1vNo2K9fuANMvdErkxxAyt5FJiubyMfhFj1hzwyXTBKQ89BlkwWkOdzRVjmZOooqPStIFrj1fzBVaNEXYkz2cTq6SPPMNCbWvfveqk8d1AgOsbE70t8S5P88wlWdKa5iT_ckT6m08Cos7qmCOok7vYiBnEkuHieYUNnWUtBVEFTQVRBU0ZRRTY1ZHI4bGlfYUxKWHpLRG9BajY2MFdNdHhVQQ0171",
  "expires_in": 3599,
  "refresh_token": "1//0eeItrsDn2z08CgYIARAAGA4SNwF-L9IrWtmR6QSRl6uaaIOV0fmU4bOU7Gpcuysl1OqiEMBACznWRDdkVZjYlFBNdkCw50cYZ3g",
  "scope": "openid https://www.googleapis.com/auth/cloud-platform https://www.googleapis.com/auth/compute https://www.googleapis.com/auth/accounts.reauth https://www.googleapis.com/auth/appengine.admin https://www.googleapis.com/auth/userinfo.email https://www.googleapis.com/auth/sqlservice.login",
  "token_type": "Bearer",
  "id_token": "eyJhbGciOiJSUzI1NiIsImtpZCI6IjE1NDllMGFlZjU3NGQxYzdiZGQxMzZjMjAyYjhkMjkwNTgwYjE2NWMiLCJ0eXAiOiJKV1QifQ.eyJpc3MiOiJodHRwczovL2FjY291bnRzLmdvb2dsZS5jb20iLCJhenAiOiIzMjU1NTk0MDU1OS5hcHBzLmdvb2dsZXVzZXJjb250ZW50LmNvbSIsImF1ZCI6IjMyNTU1OTQwNTU5LmFwcHMuZ29vZ2xldXNlcmNvbnRlbnQuY29tIiwic3ViIjoiMTA4MDA3Nzc2NDgwNjU5MTk3MzgzIiwiZW1haWwiOiJsbWFvYnJ1YjUxNUBnbWFpbC5jb20iLCJlbWFpbF92ZXJpZmllZCI6dHJ1ZSwiYXRfaGFzaCI6Imt3aVFaRlZVelZKV253XzZXaFc4YnciLCJpYXQiOjE2NTkzNTY3NjYsImV4cCI6MTY1OTM2MDM2Nn0.hzNBQ4tcKnxej_ifvpVoVWAMDdHTm4owDGl6EVFc01jzhiODfjc-s-XR4JiA2r4u7dP8LzNV6on7v0z-CSGLdhnMqmVA4DPxuRxHWJv2rZHE9_gLSaAXfGxOnO9GejONpM6vQliEw0m0-_toevLhHuG54NFkC39GkPc9rL21n3gwhvrucVE5sexhgCHY_BAvwxfxvVxbmanOZD7BuJNp-JlpPWFtw3sK5EU5mFF4jQy8hrXryzcJrv0GvuoYTM8xEOPkB9QkNdJZvhjILV2cPihYWNg5ULimNFaCnLv_noHxIi9KJM6eDsBit6Ka_SKw8z34o5BGvslFr6bofq2xrg"
}.
2022-08-01 19:26:06,453 DEBUG    requests_oauthlib.oauth2_session Invoking 0 token response hooks.
2022-08-01 19:26:06,454 DEBUG    requests_oauthlib.oauth2_session Obtained token {'access_token': 'ya29.A0AVA9y1vNo2K9fuANMvdErkxxAyt5FJiubyMfhFj1hzwyXTBKQ89BlkwWkOdzRVjmZOooqPStIFrj1fzBVaNEXYkz2cTq6SPPMNCbWvfveqk8d1AgOsbE70t8S5P88wlWdKa5iT_ckT6m08Cos7qmCOok7vYiBnEkuHieYUNnWUtBVEFTQVRBU0ZRRTY1ZHI4bGlfYUxKWHpLRG9BajY2MFdNdHhVQQ0171', 'expires_in': 3599, 'refresh_token': '1//0eeItrsDn2z08CgYIARAAGA4SNwF-L9IrWtmR6QSRl6uaaIOV0fmU4bOU7Gpcuysl1OqiEMBACznWRDdkVZjYlFBNdkCw50cYZ3g', 'scope': ['openid', 'https://www.googleapis.com/auth/cloud-platform', 'https://www.googleapis.com/auth/compute', 'https://www.googleapis.com/auth/accounts.reauth', 'https://www.googleapis.com/auth/appengine.admin', 'https://www.googleapis.com/auth/userinfo.email', 'https://www.googleapis.com/auth/sqlservice.login'], 'token_type': 'Bearer', 'id_token': 'eyJhbGciOiJSUzI1NiIsImtpZCI6IjE1NDllMGFlZjU3NGQxYzdiZGQxMzZjMjAyYjhkMjkwNTgwYjE2NWMiLCJ0eXAiOiJKV1QifQ.eyJpc3MiOiJodHRwczovL2FjY291bnRzLmdvb2dsZS5jb20iLCJhenAiOiIzMjU1NTk0MDU1OS5hcHBzLmdvb2dsZXVzZXJjb250ZW50LmNvbSIsImF1ZCI6IjMyNTU1OTQwNTU5LmFwcHMuZ29vZ2xldXNlcmNvbnRlbnQuY29tIiwic3ViIjoiMTA4MDA3Nzc2NDgwNjU5MTk3MzgzIiwiZW1haWwiOiJsbWFvYnJ1YjUxNUBnbWFpbC5jb20iLCJlbWFpbF92ZXJpZmllZCI6dHJ1ZSwiYXRfaGFzaCI6Imt3aVFaRlZVelZKV253XzZXaFc4YnciLCJpYXQiOjE2NTkzNTY3NjYsImV4cCI6MTY1OTM2MDM2Nn0.hzNBQ4tcKnxej_ifvpVoVWAMDdHTm4owDGl6EVFc01jzhiODfjc-s-XR4JiA2r4u7dP8LzNV6on7v0z-CSGLdhnMqmVA4DPxuRxHWJv2rZHE9_gLSaAXfGxOnO9GejONpM6vQliEw0m0-_toevLhHuG54NFkC39GkPc9rL21n3gwhvrucVE5sexhgCHY_BAvwxfxvVxbmanOZD7BuJNp-JlpPWFtw3sK5EU5mFF4jQy8hrXryzcJrv0GvuoYTM8xEOPkB9QkNdJZvhjILV2cPihYWNg5ULimNFaCnLv_noHxIi9KJM6eDsBit6Ka_SKw8z34o5BGvslFr6bofq2xrg', 'expires_at': 1659360365.454092}.
2022-08-01 19:26:06,476 INFO     ___FILE_ONLY___ 
You are now logged in as [lmaobrub515@gmail.com].
Your current project is [None].  You can change this setting by running:
  $ gcloud config set project PROJECT_ID

2022-08-01 19:26:06,477 INFO     root            Display format: "none"
2022-08-01 19:26:06,478 DEBUG    root            Checking for updates...
2022-08-01 19:26:06,480 DEBUG    urllib3.connectionpool Starting new HTTPS connection (1): dl.google.com:443
2022-08-01 19:26:06,634 DEBUG    urllib3.connectionpool https://dl.google.com:443 "GET /dl/cloudsdk/channels/rapid/components-2.json HTTP/1.1" 200 192560
2022-08-01 19:26:06,831 DEBUG    root            Updating notification cache...
