2022-08-01 19:25:06,466 DEBUG    root            Loaded Command Group: ['gcloud', 'components']
2022-08-01 19:25:06,469 DEBUG    root            Loaded Command Group: ['gcloud', 'components', 'list']
2022-08-01 19:25:06,470 DEBUG    root            Running [gcloud.components.list] with arguments: [--quiet: "True"]
2022-08-01 19:25:06,486 DEBUG    urllib3.connectionpool Starting new HTTPS connection (1): dl.google.com:443
2022-08-01 19:25:06,634 DEBUG    urllib3.connectionpool https://dl.google.com:443 "GET /dl/cloudsdk/channels/rapid/components-2.json HTTP/1.1" 200 192560
2022-08-01 19:25:06,837 INFO     ___FILE_ONLY___ 
Your current Google Cloud CLI version is: 395.0.0

2022-08-01 19:25:06,837 INFO     ___FILE_ONLY___ The latest available version is: 395.0.0

2022-08-01 19:25:06,837 INFO     ___FILE_ONLY___ 

2022-08-01 19:25:06,838 INFO     root            Display format: "table[box,title="Components"](state.name:label=Status,name:label=Name,id:label=ID,size.size(zero="",min=1048576):label=Size:align=right)"
2022-08-01 19:25:06,848 INFO     ___FILE_ONLY___ ┌────────────────────────────────────────────────────────────────────────────────────────────────────────────┐
2022-08-01 19:25:06,848 INFO     ___FILE_ONLY___ 

2022-08-01 19:25:06,848 INFO     ___FILE_ONLY___ │                                                 Components                                                 │
2022-08-01 19:25:06,848 INFO     ___FILE_ONLY___ 

2022-08-01 19:25:06,848 INFO     ___FILE_ONLY___ ├───────────────┬──────────────────────────────────────────────────────┬──────────────────────────┬──────────┤
2022-08-01 19:25:06,848 INFO     ___FILE_ONLY___ 

2022-08-01 19:25:06,849 INFO     ___FILE_ONLY___ │     Status    │                         Name                         │            ID            │   Size   │
2022-08-01 19:25:06,849 INFO     ___FILE_ONLY___ 

2022-08-01 19:25:06,849 INFO     ___FILE_ONLY___ ├───────────────┼──────────────────────────────────────────────────────┼──────────────────────────┼──────────┤
2022-08-01 19:25:06,849 INFO     ___FILE_ONLY___ 

2022-08-01 19:25:06,849 INFO     ___FILE_ONLY___ │ 
2022-08-01 19:25:06,849 INFO     ___FILE_ONLY___ Not Installed
2022-08-01 19:25:06,849 INFO     ___FILE_ONLY___  
2022-08-01 19:25:06,849 INFO     ___FILE_ONLY___ │ 
2022-08-01 19:25:06,849 INFO     ___FILE_ONLY___ App Engine Go Extensions                            
2022-08-01 19:25:06,849 INFO     ___FILE_ONLY___  
2022-08-01 19:25:06,849 INFO     ___FILE_ONLY___ │ 
2022-08-01 19:25:06,849 INFO     ___FILE_ONLY___ app-engine-go           
2022-08-01 19:25:06,849 INFO     ___FILE_ONLY___  
2022-08-01 19:25:06,849 INFO     ___FILE_ONLY___ │ 
2022-08-01 19:25:06,849 INFO     ___FILE_ONLY___  4.2 MiB
2022-08-01 19:25:06,849 INFO     ___FILE_ONLY___  
2022-08-01 19:25:06,849 INFO     ___FILE_ONLY___ │
2022-08-01 19:25:06,849 INFO     ___FILE_ONLY___ 

2022-08-01 19:25:06,849 INFO     ___FILE_ONLY___ │ 
2022-08-01 19:25:06,849 INFO     ___FILE_ONLY___ Not Installed
2022-08-01 19:25:06,850 INFO     ___FILE_ONLY___  
2022-08-01 19:25:06,850 INFO     ___FILE_ONLY___ │ 
2022-08-01 19:25:06,850 INFO     ___FILE_ONLY___ Appctl                                              
2022-08-01 19:25:06,850 INFO     ___FILE_ONLY___  
2022-08-01 19:25:06,850 INFO     ___FILE_ONLY___ │ 
2022-08-01 19:25:06,850 INFO     ___FILE_ONLY___ appctl                  
2022-08-01 19:25:06,850 INFO     ___FILE_ONLY___  
2022-08-01 19:25:06,850 INFO     ___FILE_ONLY___ │ 
2022-08-01 19:25:06,850 INFO     ___FILE_ONLY___ 21.0 MiB
2022-08-01 19:25:06,850 INFO     ___FILE_ONLY___  
2022-08-01 19:25:06,850 INFO     ___FILE_ONLY___ │
2022-08-01 19:25:06,850 INFO     ___FILE_ONLY___ 

2022-08-01 19:25:06,850 INFO     ___FILE_ONLY___ │ 
2022-08-01 19:25:06,850 INFO     ___FILE_ONLY___ Not Installed
2022-08-01 19:25:06,850 INFO     ___FILE_ONLY___  
2022-08-01 19:25:06,850 INFO     ___FILE_ONLY___ │ 
2022-08-01 19:25:06,850 INFO     ___FILE_ONLY___ Artifact Registry Go Module Package Helper          
2022-08-01 19:25:06,850 INFO     ___FILE_ONLY___  
2022-08-01 19:25:06,850 INFO     ___FILE_ONLY___ │ 
2022-08-01 19:25:06,850 INFO     ___FILE_ONLY___ package-go-module       
2022-08-01 19:25:06,851 INFO     ___FILE_ONLY___  
2022-08-01 19:25:06,851 INFO     ___FILE_ONLY___ │ 
2022-08-01 19:25:06,851 INFO     ___FILE_ONLY___  < 1 MiB
2022-08-01 19:25:06,851 INFO     ___FILE_ONLY___  
2022-08-01 19:25:06,851 INFO     ___FILE_ONLY___ │
2022-08-01 19:25:06,851 INFO     ___FILE_ONLY___ 

2022-08-01 19:25:06,851 INFO     ___FILE_ONLY___ │ 
2022-08-01 19:25:06,851 INFO     ___FILE_ONLY___ Not Installed
2022-08-01 19:25:06,851 INFO     ___FILE_ONLY___  
2022-08-01 19:25:06,851 INFO     ___FILE_ONLY___ │ 
2022-08-01 19:25:06,851 INFO     ___FILE_ONLY___ Bundled Python 3.9                                  
2022-08-01 19:25:06,851 INFO     ___FILE_ONLY___  
2022-08-01 19:25:06,851 INFO     ___FILE_ONLY___ │ 
2022-08-01 19:25:06,851 INFO     ___FILE_ONLY___ bundled-python3-unix    
2022-08-01 19:25:06,851 INFO     ___FILE_ONLY___  
2022-08-01 19:25:06,851 INFO     ___FILE_ONLY___ │ 
2022-08-01 19:25:06,851 INFO     ___FILE_ONLY___ 62.2 MiB
2022-08-01 19:25:06,851 INFO     ___FILE_ONLY___  
2022-08-01 19:25:06,851 INFO     ___FILE_ONLY___ │
2022-08-01 19:25:06,851 INFO     ___FILE_ONLY___ 

2022-08-01 19:25:06,851 INFO     ___FILE_ONLY___ │ 
2022-08-01 19:25:06,851 INFO     ___FILE_ONLY___ Not Installed
2022-08-01 19:25:06,852 INFO     ___FILE_ONLY___  
2022-08-01 19:25:06,852 INFO     ___FILE_ONLY___ │ 
2022-08-01 19:25:06,852 INFO     ___FILE_ONLY___ Cloud Bigtable Command Line Tool                    
2022-08-01 19:25:06,852 INFO     ___FILE_ONLY___  
2022-08-01 19:25:06,852 INFO     ___FILE_ONLY___ │ 
2022-08-01 19:25:06,852 INFO     ___FILE_ONLY___ cbt                     
2022-08-01 19:25:06,852 INFO     ___FILE_ONLY___  
2022-08-01 19:25:06,852 INFO     ___FILE_ONLY___ │ 
2022-08-01 19:25:06,852 INFO     ___FILE_ONLY___  9.8 MiB
2022-08-01 19:25:06,852 INFO     ___FILE_ONLY___  
2022-08-01 19:25:06,852 INFO     ___FILE_ONLY___ │
2022-08-01 19:25:06,852 INFO     ___FILE_ONLY___ 

2022-08-01 19:25:06,852 INFO     ___FILE_ONLY___ │ 
2022-08-01 19:25:06,852 INFO     ___FILE_ONLY___ Not Installed
2022-08-01 19:25:06,852 INFO     ___FILE_ONLY___  
2022-08-01 19:25:06,852 INFO     ___FILE_ONLY___ │ 
2022-08-01 19:25:06,852 INFO     ___FILE_ONLY___ Cloud Bigtable Emulator                             
2022-08-01 19:25:06,852 INFO     ___FILE_ONLY___  
2022-08-01 19:25:06,852 INFO     ___FILE_ONLY___ │ 
2022-08-01 19:25:06,852 INFO     ___FILE_ONLY___ bigtable                
2022-08-01 19:25:06,852 INFO     ___FILE_ONLY___  
2022-08-01 19:25:06,852 INFO     ___FILE_ONLY___ │ 
2022-08-01 19:25:06,853 INFO     ___FILE_ONLY___  6.0 MiB
2022-08-01 19:25:06,853 INFO     ___FILE_ONLY___  
2022-08-01 19:25:06,853 INFO     ___FILE_ONLY___ │
2022-08-01 19:25:06,853 INFO     ___FILE_ONLY___ 

2022-08-01 19:25:06,853 INFO     ___FILE_ONLY___ │ 
2022-08-01 19:25:06,853 INFO     ___FILE_ONLY___ Not Installed
2022-08-01 19:25:06,853 INFO     ___FILE_ONLY___  
2022-08-01 19:25:06,853 INFO     ___FILE_ONLY___ │ 
2022-08-01 19:25:06,853 INFO     ___FILE_ONLY___ Cloud Datalab Command Line Tool                     
2022-08-01 19:25:06,853 INFO     ___FILE_ONLY___  
2022-08-01 19:25:06,853 INFO     ___FILE_ONLY___ │ 
2022-08-01 19:25:06,853 INFO     ___FILE_ONLY___ datalab                 
2022-08-01 19:25:06,853 INFO     ___FILE_ONLY___  
2022-08-01 19:25:06,853 INFO     ___FILE_ONLY___ │ 
2022-08-01 19:25:06,853 INFO     ___FILE_ONLY___  < 1 MiB
2022-08-01 19:25:06,853 INFO     ___FILE_ONLY___  
2022-08-01 19:25:06,853 INFO     ___FILE_ONLY___ │
2022-08-01 19:25:06,853 INFO     ___FILE_ONLY___ 

2022-08-01 19:25:06,853 INFO     ___FILE_ONLY___ │ 
2022-08-01 19:25:06,853 INFO     ___FILE_ONLY___ Not Installed
2022-08-01 19:25:06,853 INFO     ___FILE_ONLY___  
2022-08-01 19:25:06,853 INFO     ___FILE_ONLY___ │ 
2022-08-01 19:25:06,854 INFO     ___FILE_ONLY___ Cloud Datastore Emulator                            
2022-08-01 19:25:06,854 INFO     ___FILE_ONLY___  
2022-08-01 19:25:06,854 INFO     ___FILE_ONLY___ │ 
2022-08-01 19:25:06,854 INFO     ___FILE_ONLY___ cloud-datastore-emulator
2022-08-01 19:25:06,854 INFO     ___FILE_ONLY___  
2022-08-01 19:25:06,854 INFO     ___FILE_ONLY___ │ 
2022-08-01 19:25:06,854 INFO     ___FILE_ONLY___ 34.9 MiB
2022-08-01 19:25:06,854 INFO     ___FILE_ONLY___  
2022-08-01 19:25:06,854 INFO     ___FILE_ONLY___ │
2022-08-01 19:25:06,854 INFO     ___FILE_ONLY___ 

2022-08-01 19:25:06,854 INFO     ___FILE_ONLY___ │ 
2022-08-01 19:25:06,854 INFO     ___FILE_ONLY___ Not Installed
2022-08-01 19:25:06,854 INFO     ___FILE_ONLY___  
2022-08-01 19:25:06,854 INFO     ___FILE_ONLY___ │ 
2022-08-01 19:25:06,854 INFO     ___FILE_ONLY___ Cloud Firestore Emulator                            
2022-08-01 19:25:06,854 INFO     ___FILE_ONLY___  
2022-08-01 19:25:06,854 INFO     ___FILE_ONLY___ │ 
2022-08-01 19:25:06,854 INFO     ___FILE_ONLY___ cloud-firestore-emulator
2022-08-01 19:25:06,854 INFO     ___FILE_ONLY___  
2022-08-01 19:25:06,854 INFO     ___FILE_ONLY___ │ 
2022-08-01 19:25:06,854 INFO     ___FILE_ONLY___ 40.2 MiB
2022-08-01 19:25:06,855 INFO     ___FILE_ONLY___  
2022-08-01 19:25:06,855 INFO     ___FILE_ONLY___ │
2022-08-01 19:25:06,855 INFO     ___FILE_ONLY___ 

2022-08-01 19:25:06,855 INFO     ___FILE_ONLY___ │ 
2022-08-01 19:25:06,855 INFO     ___FILE_ONLY___ Not Installed
2022-08-01 19:25:06,855 INFO     ___FILE_ONLY___  
2022-08-01 19:25:06,855 INFO     ___FILE_ONLY___ │ 
2022-08-01 19:25:06,855 INFO     ___FILE_ONLY___ Cloud Pub/Sub Emulator                              
2022-08-01 19:25:06,855 INFO     ___FILE_ONLY___  
2022-08-01 19:25:06,855 INFO     ___FILE_ONLY___ │ 
2022-08-01 19:25:06,855 INFO     ___FILE_ONLY___ pubsub-emulator         
2022-08-01 19:25:06,855 INFO     ___FILE_ONLY___  
2022-08-01 19:25:06,855 INFO     ___FILE_ONLY___ │ 
2022-08-01 19:25:06,855 INFO     ___FILE_ONLY___ 60.7 MiB
2022-08-01 19:25:06,855 INFO     ___FILE_ONLY___  
2022-08-01 19:25:06,855 INFO     ___FILE_ONLY___ │
2022-08-01 19:25:06,855 INFO     ___FILE_ONLY___ 

2022-08-01 19:25:06,855 INFO     ___FILE_ONLY___ │ 
2022-08-01 19:25:06,855 INFO     ___FILE_ONLY___ Not Installed
2022-08-01 19:25:06,855 INFO     ___FILE_ONLY___  
2022-08-01 19:25:06,855 INFO     ___FILE_ONLY___ │ 
2022-08-01 19:25:06,855 INFO     ___FILE_ONLY___ Cloud Run Proxy                                     
2022-08-01 19:25:06,856 INFO     ___FILE_ONLY___  
2022-08-01 19:25:06,856 INFO     ___FILE_ONLY___ │ 
2022-08-01 19:25:06,856 INFO     ___FILE_ONLY___ cloud-run-proxy         
2022-08-01 19:25:06,856 INFO     ___FILE_ONLY___  
2022-08-01 19:25:06,856 INFO     ___FILE_ONLY___ │ 
2022-08-01 19:25:06,856 INFO     ___FILE_ONLY___  9.0 MiB
2022-08-01 19:25:06,856 INFO     ___FILE_ONLY___  
2022-08-01 19:25:06,856 INFO     ___FILE_ONLY___ │
2022-08-01 19:25:06,856 INFO     ___FILE_ONLY___ 

2022-08-01 19:25:06,856 INFO     ___FILE_ONLY___ │ 
2022-08-01 19:25:06,856 INFO     ___FILE_ONLY___ Not Installed
2022-08-01 19:25:06,856 INFO     ___FILE_ONLY___  
2022-08-01 19:25:06,856 INFO     ___FILE_ONLY___ │ 
2022-08-01 19:25:06,856 INFO     ___FILE_ONLY___ Cloud SQL Proxy                                     
2022-08-01 19:25:06,856 INFO     ___FILE_ONLY___  
2022-08-01 19:25:06,856 INFO     ___FILE_ONLY___ │ 
2022-08-01 19:25:06,856 INFO     ___FILE_ONLY___ cloud_sql_proxy         
2022-08-01 19:25:06,856 INFO     ___FILE_ONLY___  
2022-08-01 19:25:06,856 INFO     ___FILE_ONLY___ │ 
2022-08-01 19:25:06,856 INFO     ___FILE_ONLY___  7.8 MiB
2022-08-01 19:25:06,856 INFO     ___FILE_ONLY___  
2022-08-01 19:25:06,856 INFO     ___FILE_ONLY___ │
2022-08-01 19:25:06,856 INFO     ___FILE_ONLY___ 

2022-08-01 19:25:06,857 INFO     ___FILE_ONLY___ │ 
2022-08-01 19:25:06,857 INFO     ___FILE_ONLY___ Not Installed
2022-08-01 19:25:06,857 INFO     ___FILE_ONLY___  
2022-08-01 19:25:06,857 INFO     ___FILE_ONLY___ │ 
2022-08-01 19:25:06,857 INFO     ___FILE_ONLY___ Cloud Spanner Emulator                              
2022-08-01 19:25:06,857 INFO     ___FILE_ONLY___  
2022-08-01 19:25:06,857 INFO     ___FILE_ONLY___ │ 
2022-08-01 19:25:06,857 INFO     ___FILE_ONLY___ cloud-spanner-emulator  
2022-08-01 19:25:06,857 INFO     ___FILE_ONLY___  
2022-08-01 19:25:06,857 INFO     ___FILE_ONLY___ │ 
2022-08-01 19:25:06,857 INFO     ___FILE_ONLY___ 27.2 MiB
2022-08-01 19:25:06,857 INFO     ___FILE_ONLY___  
2022-08-01 19:25:06,857 INFO     ___FILE_ONLY___ │
2022-08-01 19:25:06,857 INFO     ___FILE_ONLY___ 

2022-08-01 19:25:06,857 INFO     ___FILE_ONLY___ │ 
2022-08-01 19:25:06,857 INFO     ___FILE_ONLY___ Not Installed
2022-08-01 19:25:06,857 INFO     ___FILE_ONLY___  
2022-08-01 19:25:06,857 INFO     ___FILE_ONLY___ │ 
2022-08-01 19:25:06,857 INFO     ___FILE_ONLY___ Cloud Spanner Migration Tool                        
2022-08-01 19:25:06,857 INFO     ___FILE_ONLY___  
2022-08-01 19:25:06,857 INFO     ___FILE_ONLY___ │ 
2022-08-01 19:25:06,858 INFO     ___FILE_ONLY___ harbourbridge           
2022-08-01 19:25:06,858 INFO     ___FILE_ONLY___  
2022-08-01 19:25:06,858 INFO     ___FILE_ONLY___ │ 
2022-08-01 19:25:06,858 INFO     ___FILE_ONLY___ 14.8 MiB
2022-08-01 19:25:06,858 INFO     ___FILE_ONLY___  
2022-08-01 19:25:06,858 INFO     ___FILE_ONLY___ │
2022-08-01 19:25:06,858 INFO     ___FILE_ONLY___ 

2022-08-01 19:25:06,858 INFO     ___FILE_ONLY___ │ 
2022-08-01 19:25:06,858 INFO     ___FILE_ONLY___ Not Installed
2022-08-01 19:25:06,858 INFO     ___FILE_ONLY___  
2022-08-01 19:25:06,858 INFO     ___FILE_ONLY___ │ 
2022-08-01 19:25:06,858 INFO     ___FILE_ONLY___ Google Cloud Build Local Builder                    
2022-08-01 19:25:06,858 INFO     ___FILE_ONLY___  
2022-08-01 19:25:06,858 INFO     ___FILE_ONLY___ │ 
2022-08-01 19:25:06,858 INFO     ___FILE_ONLY___ cloud-build-local       
2022-08-01 19:25:06,858 INFO     ___FILE_ONLY___  
2022-08-01 19:25:06,858 INFO     ___FILE_ONLY___ │ 
2022-08-01 19:25:06,858 INFO     ___FILE_ONLY___  6.3 MiB
2022-08-01 19:25:06,858 INFO     ___FILE_ONLY___  
2022-08-01 19:25:06,858 INFO     ___FILE_ONLY___ │
2022-08-01 19:25:06,858 INFO     ___FILE_ONLY___ 

2022-08-01 19:25:06,858 INFO     ___FILE_ONLY___ │ 
2022-08-01 19:25:06,859 INFO     ___FILE_ONLY___ Not Installed
2022-08-01 19:25:06,859 INFO     ___FILE_ONLY___  
2022-08-01 19:25:06,859 INFO     ___FILE_ONLY___ │ 
2022-08-01 19:25:06,859 INFO     ___FILE_ONLY___ Google Container Registry's Docker credential helper
2022-08-01 19:25:06,859 INFO     ___FILE_ONLY___  
2022-08-01 19:25:06,859 INFO     ___FILE_ONLY___ │ 
2022-08-01 19:25:06,859 INFO     ___FILE_ONLY___ docker-credential-gcr   
2022-08-01 19:25:06,859 INFO     ___FILE_ONLY___  
2022-08-01 19:25:06,859 INFO     ___FILE_ONLY___ │ 
2022-08-01 19:25:06,859 INFO     ___FILE_ONLY___  1.8 MiB
2022-08-01 19:25:06,859 INFO     ___FILE_ONLY___  
2022-08-01 19:25:06,859 INFO     ___FILE_ONLY___ │
2022-08-01 19:25:06,859 INFO     ___FILE_ONLY___ 

2022-08-01 19:25:06,859 INFO     ___FILE_ONLY___ │ 
2022-08-01 19:25:06,859 INFO     ___FILE_ONLY___ Not Installed
2022-08-01 19:25:06,859 INFO     ___FILE_ONLY___  
2022-08-01 19:25:06,859 INFO     ___FILE_ONLY___ │ 
2022-08-01 19:25:06,859 INFO     ___FILE_ONLY___ Kustomize                                           
2022-08-01 19:25:06,859 INFO     ___FILE_ONLY___  
2022-08-01 19:25:06,859 INFO     ___FILE_ONLY___ │ 
2022-08-01 19:25:06,859 INFO     ___FILE_ONLY___ kustomize               
2022-08-01 19:25:06,859 INFO     ___FILE_ONLY___  
2022-08-01 19:25:06,860 INFO     ___FILE_ONLY___ │ 
2022-08-01 19:25:06,860 INFO     ___FILE_ONLY___  4.3 MiB
2022-08-01 19:25:06,860 INFO     ___FILE_ONLY___  
2022-08-01 19:25:06,860 INFO     ___FILE_ONLY___ │
2022-08-01 19:25:06,860 INFO     ___FILE_ONLY___ 

2022-08-01 19:25:06,860 INFO     ___FILE_ONLY___ │ 
2022-08-01 19:25:06,860 INFO     ___FILE_ONLY___ Not Installed
2022-08-01 19:25:06,860 INFO     ___FILE_ONLY___  
2022-08-01 19:25:06,860 INFO     ___FILE_ONLY___ │ 
2022-08-01 19:25:06,860 INFO     ___FILE_ONLY___ Minikube                                            
2022-08-01 19:25:06,860 INFO     ___FILE_ONLY___  
2022-08-01 19:25:06,860 INFO     ___FILE_ONLY___ │ 
2022-08-01 19:25:06,860 INFO     ___FILE_ONLY___ minikube                
2022-08-01 19:25:06,860 INFO     ___FILE_ONLY___  
2022-08-01 19:25:06,860 INFO     ___FILE_ONLY___ │ 
2022-08-01 19:25:06,860 INFO     ___FILE_ONLY___ 30.6 MiB
2022-08-01 19:25:06,860 INFO     ___FILE_ONLY___  
2022-08-01 19:25:06,860 INFO     ___FILE_ONLY___ │
2022-08-01 19:25:06,860 INFO     ___FILE_ONLY___ 

2022-08-01 19:25:06,860 INFO     ___FILE_ONLY___ │ 
2022-08-01 19:25:06,861 INFO     ___FILE_ONLY___ Not Installed
2022-08-01 19:25:06,861 INFO     ___FILE_ONLY___  
2022-08-01 19:25:06,861 INFO     ___FILE_ONLY___ │ 
2022-08-01 19:25:06,861 INFO     ___FILE_ONLY___ Nomos CLI                                           
2022-08-01 19:25:06,861 INFO     ___FILE_ONLY___  
2022-08-01 19:25:06,861 INFO     ___FILE_ONLY___ │ 
2022-08-01 19:25:06,861 INFO     ___FILE_ONLY___ nomos                   
2022-08-01 19:25:06,861 INFO     ___FILE_ONLY___  
2022-08-01 19:25:06,861 INFO     ___FILE_ONLY___ │ 
2022-08-01 19:25:06,861 INFO     ___FILE_ONLY___ 25.0 MiB
2022-08-01 19:25:06,861 INFO     ___FILE_ONLY___  
2022-08-01 19:25:06,861 INFO     ___FILE_ONLY___ │
2022-08-01 19:25:06,861 INFO     ___FILE_ONLY___ 

2022-08-01 19:25:06,861 INFO     ___FILE_ONLY___ │ 
2022-08-01 19:25:06,861 INFO     ___FILE_ONLY___ Not Installed
2022-08-01 19:25:06,861 INFO     ___FILE_ONLY___  
2022-08-01 19:25:06,861 INFO     ___FILE_ONLY___ │ 
2022-08-01 19:25:06,861 INFO     ___FILE_ONLY___ On-Demand Scanning API extraction helper            
2022-08-01 19:25:06,861 INFO     ___FILE_ONLY___  
2022-08-01 19:25:06,861 INFO     ___FILE_ONLY___ │ 
2022-08-01 19:25:06,861 INFO     ___FILE_ONLY___ local-extract           
2022-08-01 19:25:06,861 INFO     ___FILE_ONLY___  
2022-08-01 19:25:06,861 INFO     ___FILE_ONLY___ │ 
2022-08-01 19:25:06,862 INFO     ___FILE_ONLY___ 12.7 MiB
2022-08-01 19:25:06,862 INFO     ___FILE_ONLY___  
2022-08-01 19:25:06,862 INFO     ___FILE_ONLY___ │
2022-08-01 19:25:06,862 INFO     ___FILE_ONLY___ 

2022-08-01 19:25:06,862 INFO     ___FILE_ONLY___ │ 
2022-08-01 19:25:06,862 INFO     ___FILE_ONLY___ Not Installed
2022-08-01 19:25:06,862 INFO     ___FILE_ONLY___  
2022-08-01 19:25:06,862 INFO     ___FILE_ONLY___ │ 
2022-08-01 19:25:06,862 INFO     ___FILE_ONLY___ Skaffold                                            
2022-08-01 19:25:06,862 INFO     ___FILE_ONLY___  
2022-08-01 19:25:06,862 INFO     ___FILE_ONLY___ │ 
2022-08-01 19:25:06,862 INFO     ___FILE_ONLY___ skaffold                
2022-08-01 19:25:06,862 INFO     ___FILE_ONLY___  
2022-08-01 19:25:06,862 INFO     ___FILE_ONLY___ │ 
2022-08-01 19:25:06,862 INFO     ___FILE_ONLY___ 19.2 MiB
2022-08-01 19:25:06,862 INFO     ___FILE_ONLY___  
2022-08-01 19:25:06,862 INFO     ___FILE_ONLY___ │
2022-08-01 19:25:06,862 INFO     ___FILE_ONLY___ 

2022-08-01 19:25:06,862 INFO     ___FILE_ONLY___ │ 
2022-08-01 19:25:06,862 INFO     ___FILE_ONLY___ Not Installed
2022-08-01 19:25:06,862 INFO     ___FILE_ONLY___  
2022-08-01 19:25:06,862 INFO     ___FILE_ONLY___ │ 
2022-08-01 19:25:06,863 INFO     ___FILE_ONLY___ Terraform Tools                                     
2022-08-01 19:25:06,863 INFO     ___FILE_ONLY___  
2022-08-01 19:25:06,863 INFO     ___FILE_ONLY___ │ 
2022-08-01 19:25:06,863 INFO     ___FILE_ONLY___ terraform-tools         
2022-08-01 19:25:06,863 INFO     ___FILE_ONLY___  
2022-08-01 19:25:06,863 INFO     ___FILE_ONLY___ │ 
2022-08-01 19:25:06,863 INFO     ___FILE_ONLY___ 50.5 MiB
2022-08-01 19:25:06,863 INFO     ___FILE_ONLY___  
2022-08-01 19:25:06,863 INFO     ___FILE_ONLY___ │
2022-08-01 19:25:06,863 INFO     ___FILE_ONLY___ 

2022-08-01 19:25:06,863 INFO     ___FILE_ONLY___ │ 
2022-08-01 19:25:06,863 INFO     ___FILE_ONLY___ Not Installed
2022-08-01 19:25:06,863 INFO     ___FILE_ONLY___  
2022-08-01 19:25:06,863 INFO     ___FILE_ONLY___ │ 
2022-08-01 19:25:06,863 INFO     ___FILE_ONLY___ anthos-auth                                         
2022-08-01 19:25:06,863 INFO     ___FILE_ONLY___  
2022-08-01 19:25:06,863 INFO     ___FILE_ONLY___ │ 
2022-08-01 19:25:06,863 INFO     ___FILE_ONLY___ anthos-auth             
2022-08-01 19:25:06,863 INFO     ___FILE_ONLY___  
2022-08-01 19:25:06,863 INFO     ___FILE_ONLY___ │ 
2022-08-01 19:25:06,863 INFO     ___FILE_ONLY___ 19.5 MiB
2022-08-01 19:25:06,863 INFO     ___FILE_ONLY___  
2022-08-01 19:25:06,864 INFO     ___FILE_ONLY___ │
2022-08-01 19:25:06,864 INFO     ___FILE_ONLY___ 

2022-08-01 19:25:06,864 INFO     ___FILE_ONLY___ │ 
2022-08-01 19:25:06,864 INFO     ___FILE_ONLY___ Not Installed
2022-08-01 19:25:06,864 INFO     ___FILE_ONLY___  
2022-08-01 19:25:06,864 INFO     ___FILE_ONLY___ │ 
2022-08-01 19:25:06,864 INFO     ___FILE_ONLY___ config-connector                                    
2022-08-01 19:25:06,864 INFO     ___FILE_ONLY___  
2022-08-01 19:25:06,864 INFO     ___FILE_ONLY___ │ 
2022-08-01 19:25:06,864 INFO     ___FILE_ONLY___ config-connector        
2022-08-01 19:25:06,864 INFO     ___FILE_ONLY___  
2022-08-01 19:25:06,864 INFO     ___FILE_ONLY___ │ 
2022-08-01 19:25:06,864 INFO     ___FILE_ONLY___ 54.0 MiB
2022-08-01 19:25:06,864 INFO     ___FILE_ONLY___  
2022-08-01 19:25:06,864 INFO     ___FILE_ONLY___ │
2022-08-01 19:25:06,864 INFO     ___FILE_ONLY___ 

2022-08-01 19:25:06,864 INFO     ___FILE_ONLY___ │ 
2022-08-01 19:25:06,864 INFO     ___FILE_ONLY___ Not Installed
2022-08-01 19:25:06,864 INFO     ___FILE_ONLY___  
2022-08-01 19:25:06,864 INFO     ___FILE_ONLY___ │ 
2022-08-01 19:25:06,865 INFO     ___FILE_ONLY___ gcloud Alpha Commands                               
2022-08-01 19:25:06,865 INFO     ___FILE_ONLY___  
2022-08-01 19:25:06,865 INFO     ___FILE_ONLY___ │ 
2022-08-01 19:25:06,865 INFO     ___FILE_ONLY___ alpha                   
2022-08-01 19:25:06,865 INFO     ___FILE_ONLY___  
2022-08-01 19:25:06,865 INFO     ___FILE_ONLY___ │ 
2022-08-01 19:25:06,865 INFO     ___FILE_ONLY___  < 1 MiB
2022-08-01 19:25:06,865 INFO     ___FILE_ONLY___  
2022-08-01 19:25:06,865 INFO     ___FILE_ONLY___ │
2022-08-01 19:25:06,865 INFO     ___FILE_ONLY___ 

2022-08-01 19:25:06,865 INFO     ___FILE_ONLY___ │ 
2022-08-01 19:25:06,865 INFO     ___FILE_ONLY___ Not Installed
2022-08-01 19:25:06,865 INFO     ___FILE_ONLY___  
2022-08-01 19:25:06,865 INFO     ___FILE_ONLY___ │ 
2022-08-01 19:25:06,865 INFO     ___FILE_ONLY___ gcloud Beta Commands                                
2022-08-01 19:25:06,865 INFO     ___FILE_ONLY___  
2022-08-01 19:25:06,866 INFO     ___FILE_ONLY___ │ 
2022-08-01 19:25:06,866 INFO     ___FILE_ONLY___ beta                    
2022-08-01 19:25:06,866 INFO     ___FILE_ONLY___  
2022-08-01 19:25:06,866 INFO     ___FILE_ONLY___ │ 
2022-08-01 19:25:06,866 INFO     ___FILE_ONLY___  < 1 MiB
2022-08-01 19:25:06,866 INFO     ___FILE_ONLY___  
2022-08-01 19:25:06,866 INFO     ___FILE_ONLY___ │
2022-08-01 19:25:06,866 INFO     ___FILE_ONLY___ 

2022-08-01 19:25:06,866 INFO     ___FILE_ONLY___ │ 
2022-08-01 19:25:06,866 INFO     ___FILE_ONLY___ Not Installed
2022-08-01 19:25:06,866 INFO     ___FILE_ONLY___  
2022-08-01 19:25:06,866 INFO     ___FILE_ONLY___ │ 
2022-08-01 19:25:06,866 INFO     ___FILE_ONLY___ gcloud app Java Extensions                          
2022-08-01 19:25:06,866 INFO     ___FILE_ONLY___  
2022-08-01 19:25:06,866 INFO     ___FILE_ONLY___ │ 
2022-08-01 19:25:06,866 INFO     ___FILE_ONLY___ app-engine-java         
2022-08-01 19:25:06,867 INFO     ___FILE_ONLY___  
2022-08-01 19:25:06,867 INFO     ___FILE_ONLY___ │ 
2022-08-01 19:25:06,867 INFO     ___FILE_ONLY___ 51.3 MiB
2022-08-01 19:25:06,867 INFO     ___FILE_ONLY___  
2022-08-01 19:25:06,867 INFO     ___FILE_ONLY___ │
2022-08-01 19:25:06,867 INFO     ___FILE_ONLY___ 

2022-08-01 19:25:06,867 INFO     ___FILE_ONLY___ │ 
2022-08-01 19:25:06,867 INFO     ___FILE_ONLY___ Not Installed
2022-08-01 19:25:06,867 INFO     ___FILE_ONLY___  
2022-08-01 19:25:06,867 INFO     ___FILE_ONLY___ │ 
2022-08-01 19:25:06,867 INFO     ___FILE_ONLY___ gcloud app Python Extensions                        
2022-08-01 19:25:06,867 INFO     ___FILE_ONLY___  
2022-08-01 19:25:06,867 INFO     ___FILE_ONLY___ │ 
2022-08-01 19:25:06,867 INFO     ___FILE_ONLY___ app-engine-python       
2022-08-01 19:25:06,867 INFO     ___FILE_ONLY___  
2022-08-01 19:25:06,867 INFO     ___FILE_ONLY___ │ 
2022-08-01 19:25:06,867 INFO     ___FILE_ONLY___  7.8 MiB
2022-08-01 19:25:06,867 INFO     ___FILE_ONLY___  
2022-08-01 19:25:06,867 INFO     ___FILE_ONLY___ │
2022-08-01 19:25:06,867 INFO     ___FILE_ONLY___ 

2022-08-01 19:25:06,867 INFO     ___FILE_ONLY___ │ 
2022-08-01 19:25:06,868 INFO     ___FILE_ONLY___ Not Installed
2022-08-01 19:25:06,868 INFO     ___FILE_ONLY___  
2022-08-01 19:25:06,868 INFO     ___FILE_ONLY___ │ 
2022-08-01 19:25:06,868 INFO     ___FILE_ONLY___ gcloud app Python Extensions (Extra Libraries)      
2022-08-01 19:25:06,868 INFO     ___FILE_ONLY___  
2022-08-01 19:25:06,868 INFO     ___FILE_ONLY___ │ 
2022-08-01 19:25:06,868 INFO     ___FILE_ONLY___ app-engine-python-extras
2022-08-01 19:25:06,868 INFO     ___FILE_ONLY___  
2022-08-01 19:25:06,868 INFO     ___FILE_ONLY___ │ 
2022-08-01 19:25:06,868 INFO     ___FILE_ONLY___ 26.4 MiB
2022-08-01 19:25:06,868 INFO     ___FILE_ONLY___  
2022-08-01 19:25:06,868 INFO     ___FILE_ONLY___ │
2022-08-01 19:25:06,868 INFO     ___FILE_ONLY___ 

2022-08-01 19:25:06,868 INFO     ___FILE_ONLY___ │ 
2022-08-01 19:25:06,868 INFO     ___FILE_ONLY___ Not Installed
2022-08-01 19:25:06,868 INFO     ___FILE_ONLY___  
2022-08-01 19:25:06,868 INFO     ___FILE_ONLY___ │ 
2022-08-01 19:25:06,868 INFO     ___FILE_ONLY___ kpt                                                 
2022-08-01 19:25:06,868 INFO     ___FILE_ONLY___  
2022-08-01 19:25:06,868 INFO     ___FILE_ONLY___ │ 
2022-08-01 19:25:06,868 INFO     ___FILE_ONLY___ kpt                     
2022-08-01 19:25:06,869 INFO     ___FILE_ONLY___  
2022-08-01 19:25:06,869 INFO     ___FILE_ONLY___ │ 
2022-08-01 19:25:06,869 INFO     ___FILE_ONLY___ 12.1 MiB
2022-08-01 19:25:06,869 INFO     ___FILE_ONLY___  
2022-08-01 19:25:06,869 INFO     ___FILE_ONLY___ │
2022-08-01 19:25:06,869 INFO     ___FILE_ONLY___ 

2022-08-01 19:25:06,870 INFO     ___FILE_ONLY___ │ 
2022-08-01 19:25:06,870 INFO     ___FILE_ONLY___ Not Installed
2022-08-01 19:25:06,870 INFO     ___FILE_ONLY___  
2022-08-01 19:25:06,870 INFO     ___FILE_ONLY___ │ 
2022-08-01 19:25:06,870 INFO     ___FILE_ONLY___ kubectl                                             
2022-08-01 19:25:06,870 INFO     ___FILE_ONLY___  
2022-08-01 19:25:06,870 INFO     ___FILE_ONLY___ │ 
2022-08-01 19:25:06,870 INFO     ___FILE_ONLY___ kubectl                 
2022-08-01 19:25:06,870 INFO     ___FILE_ONLY___  
2022-08-01 19:25:06,871 INFO     ___FILE_ONLY___ │ 
2022-08-01 19:25:06,871 INFO     ___FILE_ONLY___  < 1 MiB
2022-08-01 19:25:06,871 INFO     ___FILE_ONLY___  
2022-08-01 19:25:06,871 INFO     ___FILE_ONLY___ │
2022-08-01 19:25:06,871 INFO     ___FILE_ONLY___ 

2022-08-01 19:25:06,871 INFO     ___FILE_ONLY___ │ 
2022-08-01 19:25:06,871 INFO     ___FILE_ONLY___ Not Installed
2022-08-01 19:25:06,871 INFO     ___FILE_ONLY___  
2022-08-01 19:25:06,871 INFO     ___FILE_ONLY___ │ 
2022-08-01 19:25:06,871 INFO     ___FILE_ONLY___ kubectl-oidc                                        
2022-08-01 19:25:06,871 INFO     ___FILE_ONLY___  
2022-08-01 19:25:06,872 INFO     ___FILE_ONLY___ │ 
2022-08-01 19:25:06,872 INFO     ___FILE_ONLY___ kubectl-oidc            
2022-08-01 19:25:06,872 INFO     ___FILE_ONLY___  
2022-08-01 19:25:06,872 INFO     ___FILE_ONLY___ │ 
2022-08-01 19:25:06,872 INFO     ___FILE_ONLY___ 19.5 MiB
2022-08-01 19:25:06,872 INFO     ___FILE_ONLY___  
2022-08-01 19:25:06,872 INFO     ___FILE_ONLY___ │
2022-08-01 19:25:06,872 INFO     ___FILE_ONLY___ 

2022-08-01 19:25:06,872 INFO     ___FILE_ONLY___ │ 
2022-08-01 19:25:06,872 INFO     ___FILE_ONLY___ Not Installed
2022-08-01 19:25:06,872 INFO     ___FILE_ONLY___  
2022-08-01 19:25:06,872 INFO     ___FILE_ONLY___ │ 
2022-08-01 19:25:06,872 INFO     ___FILE_ONLY___ pkg                                                 
2022-08-01 19:25:06,872 INFO     ___FILE_ONLY___  
2022-08-01 19:25:06,872 INFO     ___FILE_ONLY___ │ 
2022-08-01 19:25:06,872 INFO     ___FILE_ONLY___ pkg                     
2022-08-01 19:25:06,872 INFO     ___FILE_ONLY___  
2022-08-01 19:25:06,872 INFO     ___FILE_ONLY___ │ 
2022-08-01 19:25:06,873 INFO     ___FILE_ONLY___         
2022-08-01 19:25:06,873 INFO     ___FILE_ONLY___  
2022-08-01 19:25:06,873 INFO     ___FILE_ONLY___ │
2022-08-01 19:25:06,873 INFO     ___FILE_ONLY___ 

2022-08-01 19:25:06,873 INFO     ___FILE_ONLY___ │ 
2022-08-01 19:25:06,873 INFO     ___FILE_ONLY___ Installed    
2022-08-01 19:25:06,873 INFO     ___FILE_ONLY___  
2022-08-01 19:25:06,873 INFO     ___FILE_ONLY___ │ 
2022-08-01 19:25:06,873 INFO     ___FILE_ONLY___ BigQuery Command Line Tool                          
2022-08-01 19:25:06,873 INFO     ___FILE_ONLY___  
2022-08-01 19:25:06,873 INFO     ___FILE_ONLY___ │ 
2022-08-01 19:25:06,873 INFO     ___FILE_ONLY___ bq                      
2022-08-01 19:25:06,873 INFO     ___FILE_ONLY___  
2022-08-01 19:25:06,873 INFO     ___FILE_ONLY___ │ 
2022-08-01 19:25:06,873 INFO     ___FILE_ONLY___  1.6 MiB
2022-08-01 19:25:06,873 INFO     ___FILE_ONLY___  
2022-08-01 19:25:06,873 INFO     ___FILE_ONLY___ │
2022-08-01 19:25:06,873 INFO     ___FILE_ONLY___ 

2022-08-01 19:25:06,873 INFO     ___FILE_ONLY___ │ 
2022-08-01 19:25:06,873 INFO     ___FILE_ONLY___ Installed    
2022-08-01 19:25:06,873 INFO     ___FILE_ONLY___  
2022-08-01 19:25:06,873 INFO     ___FILE_ONLY___ │ 
2022-08-01 19:25:06,874 INFO     ___FILE_ONLY___ Cloud Storage Command Line Tool                     
2022-08-01 19:25:06,874 INFO     ___FILE_ONLY___  
2022-08-01 19:25:06,874 INFO     ___FILE_ONLY___ │ 
2022-08-01 19:25:06,874 INFO     ___FILE_ONLY___ gsutil                  
2022-08-01 19:25:06,874 INFO     ___FILE_ONLY___  
2022-08-01 19:25:06,874 INFO     ___FILE_ONLY___ │ 
2022-08-01 19:25:06,874 INFO     ___FILE_ONLY___ 15.5 MiB
2022-08-01 19:25:06,874 INFO     ___FILE_ONLY___  
2022-08-01 19:25:06,874 INFO     ___FILE_ONLY___ │
2022-08-01 19:25:06,874 INFO     ___FILE_ONLY___ 

2022-08-01 19:25:06,874 INFO     ___FILE_ONLY___ │ 
2022-08-01 19:25:06,874 INFO     ___FILE_ONLY___ Installed    
2022-08-01 19:25:06,874 INFO     ___FILE_ONLY___  
2022-08-01 19:25:06,874 INFO     ___FILE_ONLY___ │ 
2022-08-01 19:25:06,874 INFO     ___FILE_ONLY___ Google Cloud CLI Core Libraries                     
2022-08-01 19:25:06,874 INFO     ___FILE_ONLY___  
2022-08-01 19:25:06,874 INFO     ___FILE_ONLY___ │ 
2022-08-01 19:25:06,874 INFO     ___FILE_ONLY___ core                    
2022-08-01 19:25:06,874 INFO     ___FILE_ONLY___  
2022-08-01 19:25:06,874 INFO     ___FILE_ONLY___ │ 
2022-08-01 19:25:06,875 INFO     ___FILE_ONLY___ 24.1 MiB
2022-08-01 19:25:06,875 INFO     ___FILE_ONLY___  
2022-08-01 19:25:06,875 INFO     ___FILE_ONLY___ │
2022-08-01 19:25:06,875 INFO     ___FILE_ONLY___ 

2022-08-01 19:25:06,875 INFO     ___FILE_ONLY___ └───────────────┴──────────────────────────────────────────────────────┴──────────────────────────┴──────────┘
2022-08-01 19:25:06,875 INFO     ___FILE_ONLY___ 

2022-08-01 19:25:06,875 INFO     ___FILE_ONLY___ To install or remove components at your current SDK version [395.0.0], run:
  $ gcloud components install COMPONENT_ID
  $ gcloud components remove COMPONENT_ID

To update your SDK installation to the latest version [395.0.0], run:
  $ gcloud components update


