2022-08-06 06:15:31,361 DEBUG    root            Loaded Command Group: ['gcloud', 'cloud_shell']
2022-08-06 06:15:31,378 DEBUG    root            Loaded Command Group: ['gcloud', 'cloud-shell', 'ssh']
2022-08-06 06:15:31,380 DEBUG    root            Running [gcloud.cloud-shell.ssh] with arguments: [--authorize-session: "True"]
2022-08-06 06:15:31,402 DEBUG    urllib3.connectionpool Starting new HTTPS connection (1): cloudshell.googleapis.com:443
2022-08-06 06:15:32,012 DEBUG    urllib3.connectionpool https://cloudshell.googleapis.com:443 "GET /v1/users/me/environments/default?alt=json HTTP/1.1" 200 None
2022-08-06 06:15:32,017 INFO     ___FILE_ONLY___ Starting your Cloud Shell machine...

2022-08-06 06:15:32,020 DEBUG    urllib3.connectionpool Starting new HTTPS connection (1): cloudshell.googleapis.com:443
2022-08-06 06:15:34,414 DEBUG    urllib3.connectionpool https://cloudshell.googleapis.com:443 "POST /v1/users/me/environments/default:start?alt=json HTTP/1.1" 200 None
2022-08-06 06:15:34,417 INFO     ___FILE_ONLY___ Waiting for your Cloud Shell machine to start...
2022-08-06 06:15:35,421 DEBUG    urllib3.connectionpool Starting new HTTPS connection (1): cloudshell.googleapis.com:443
2022-08-06 06:15:35,758 DEBUG    urllib3.connectionpool https://cloudshell.googleapis.com:443 "GET /v1/operations/operation-aebfaa30-fbf0-4225-9e8e-33b5fb3a4313?alt=json HTTP/1.1" 200 None
2022-08-06 06:15:36,641 DEBUG    urllib3.connectionpool Starting new HTTPS connection (1): cloudshell.googleapis.com:443
2022-08-06 06:15:36,991 DEBUG    urllib3.connectionpool https://cloudshell.googleapis.com:443 "GET /v1/operations/operation-aebfaa30-fbf0-4225-9e8e-33b5fb3a4313?alt=json HTTP/1.1" 200 None
2022-08-06 06:15:38,584 DEBUG    urllib3.connectionpool Starting new HTTPS connection (1): cloudshell.googleapis.com:443
2022-08-06 06:15:38,993 DEBUG    urllib3.connectionpool https://cloudshell.googleapis.com:443 "GET /v1/operations/operation-aebfaa30-fbf0-4225-9e8e-33b5fb3a4313?alt=json HTTP/1.1" 200 None
2022-08-06 06:15:40,533 DEBUG    urllib3.connectionpool Starting new HTTPS connection (1): cloudshell.googleapis.com:443
2022-08-06 06:15:40,851 DEBUG    urllib3.connectionpool https://cloudshell.googleapis.com:443 "GET /v1/operations/operation-aebfaa30-fbf0-4225-9e8e-33b5fb3a4313?alt=json HTTP/1.1" 200 None
2022-08-06 06:15:42,445 DEBUG    urllib3.connectionpool Starting new HTTPS connection (1): cloudshell.googleapis.com:443
2022-08-06 06:15:42,766 DEBUG    urllib3.connectionpool https://cloudshell.googleapis.com:443 "GET /v1/operations/operation-aebfaa30-fbf0-4225-9e8e-33b5fb3a4313?alt=json HTTP/1.1" 200 None
2022-08-06 06:15:42,837 DEBUG    urllib3.connectionpool Starting new HTTPS connection (1): cloudshell.googleapis.com:443
2022-08-06 06:15:43,426 DEBUG    urllib3.connectionpool https://cloudshell.googleapis.com:443 "GET /v1/users/me/environments/default?alt=json HTTP/1.1" 200 None
2022-08-06 06:15:43,437 DEBUG    urllib3.connectionpool Starting new HTTPS connection (1): cloudshell.googleapis.com:443
2022-08-06 06:15:44,823 DEBUG    urllib3.connectionpool https://cloudshell.googleapis.com:443 "POST /v1/users/me/environments/default:authorize?alt=json HTTP/1.1" 200 None
2022-08-06 06:15:44,826 DEBUG    root            Running command [/usr/bin/ssh -t -p 6000 -i /home/as/.ssh/google_compute_engine -o StrictHostKeyChecking=no lmaobrub515@34.81.157.222 -- bash -l].
2022-08-06 06:15:44,826 DEBUG    root            Executing command: ['/usr/bin/ssh', '-t', '-p', '6000', '-i', '/home/as/.ssh/google_compute_engine', '-o', 'StrictHostKeyChecking=no', 'lmaobrub515@34.81.157.222', '--', 'bash -l']
2022-08-06 06:22:35,779 INFO     root            Display format: "default"
