2022-08-06 06:13:41,129 DEBUG    root            Loaded Command Group: ['gcloud', 'auth']
2022-08-06 06:13:41,222 DEBUG    root            Loaded Command Group: ['gcloud', 'auth', 'login']
2022-08-06 06:13:41,225 DEBUG    root            Running [gcloud.auth.login] with arguments: []
2022-08-06 06:13:41,322 DEBUG    requests_oauthlib.oauth2_session Generated new state VSxVhTrlYsntfQsj1JwkdJnNuMeDBC.
2022-08-06 06:13:41,437 INFO     ___FILE_ONLY___ Your browser has been opened to visit:

    https://accounts.google.com/o/oauth2/auth?response_type=code&client_id=32555940559.apps.googleusercontent.com&redirect_uri=http%3A%2F%2Flocalhost%3A8085%2F&scope=openid+https%3A%2F%2Fwww.googleapis.com%2Fauth%2Fuserinfo.email+https%3A%2F%2Fwww.googleapis.com%2Fauth%2Fcloud-platform+https%3A%2F%2Fwww.googleapis.com%2Fauth%2Fappengine.admin+https%3A%2F%2Fwww.googleapis.com%2Fauth%2Fsqlservice.login+https%3A%2F%2Fwww.googleapis.com%2Fauth%2Fcompute+https%3A%2F%2Fwww.googleapis.com%2Fauth%2Faccounts.reauth&state=VSxVhTrlYsntfQsj1JwkdJnNuMeDBC&access_type=offline&code_challenge=rEL1Ijklr0XOVW0dsEP5CSxAQ0X0rXNIuuy19yXzzLU&code_challenge_method=S256


2022-08-06 06:13:48,995 INFO     google_auth_oauthlib.flow "GET /?state=VSxVhTrlYsntfQsj1JwkdJnNuMeDBC&code=4/0AdQt8qieEeEC3GXYc032kWURshEe1fs9Us-dnwEawkVvXOl517F69xM3V2PBIlsehTJkug&scope=email%20openid%20https://www.googleapis.com/auth/userinfo.email%20https://www.googleapis.com/auth/cloud-platform%20https://www.googleapis.com/auth/appengine.admin%20https://www.googleapis.com/auth/sqlservice.login%20https://www.googleapis.com/auth/compute%20https://www.googleapis.com/auth/accounts.reauth&authuser=1&prompt=consent HTTP/1.1" 200 959
2022-08-06 06:13:48,996 DEBUG    requests_oauthlib.oauth2_session Requesting url https://oauth2.googleapis.com/token using method POST.
2022-08-06 06:13:48,996 DEBUG    requests_oauthlib.oauth2_session Supplying headers {b'Accept': b'application/json', b'Content-Type': b'application/x-www-form-urlencoded;charset=UTF-8', b'user-agent': b'google-cloud-sdk gcloud/396.0.0 command/gcloud.auth.login invocation-id/deb7960d84454497931bdeb25714f5fb environment/None environment-version/None interactive/True from-script/False python/3.10.5 term/xterm-256color (Linux 5.18.16-arch1-1)'} and data {'grant_type': 'authorization_code', 'client_id': '32555940559.apps.googleusercontent.com', 'client_secret': 'ZmssLNjJy2998hD4CTg2ejr2', 'code': '4/0AdQt8qieEeEC3GXYc032kWURshEe1fs9Us-dnwEawkVvXOl517F69xM3V2PBIlsehTJkug', 'redirect_uri': 'http://localhost:8085/', 'code_verifier': 'dTVi0RHTdiYRr0Z4Mo8lQYzLElcKJH6T~OgBUNBWwM.8yv6RwH57.FOqQyVr9qb7quqWgFo3PArv~ULkPi2idvI8hcKArSwA3CTyY3v~VMsYAk4xbHKHaEjqOp5x6.j8'}
2022-08-06 06:13:48,996 DEBUG    requests_oauthlib.oauth2_session Passing through key word arguments {'json': None, 'timeout': None, 'auth': None, 'verify': None, 'proxies': None}.
2022-08-06 06:13:48,997 DEBUG    urllib3.connectionpool Starting new HTTPS connection (1): oauth2.googleapis.com:443
2022-08-06 06:13:49,189 DEBUG    urllib3.connectionpool https://oauth2.googleapis.com:443 "POST /token HTTP/1.1" 200 None
2022-08-06 06:13:49,191 DEBUG    requests_oauthlib.oauth2_session Prepared fetch token request body grant_type=authorization_code&client_id=32555940559.apps.googleusercontent.com&client_secret=ZmssLNjJy2998hD4CTg2ejr2&code=4%2F0AdQt8qieEeEC3GXYc032kWURshEe1fs9Us-dnwEawkVvXOl517F69xM3V2PBIlsehTJkug&redirect_uri=http%3A%2F%2Flocalhost%3A8085%2F&code_verifier=dTVi0RHTdiYRr0Z4Mo8lQYzLElcKJH6T~OgBUNBWwM.8yv6RwH57.FOqQyVr9qb7quqWgFo3PArv~ULkPi2idvI8hcKArSwA3CTyY3v~VMsYAk4xbHKHaEjqOp5x6.j8
2022-08-06 06:13:49,191 DEBUG    requests_oauthlib.oauth2_session Request to fetch token completed with status 200.
2022-08-06 06:13:49,191 DEBUG    requests_oauthlib.oauth2_session Request headers were {'user-agent': b'google-cloud-sdk gcloud/396.0.0 command/gcloud.auth.login invocation-id/deb7960d84454497931bdeb25714f5fb environment/None environment-version/None interactive/True from-script/False python/3.10.5 term/xterm-256color (Linux 5.18.16-arch1-1)', 'Accept-Encoding': 'gzip, deflate', 'Accept': b'application/json', 'Connection': 'keep-alive', 'Content-Type': b'application/x-www-form-urlencoded;charset=UTF-8', 'Content-Length': '387'}
2022-08-06 06:13:49,191 DEBUG    requests_oauthlib.oauth2_session Request body was grant_type=authorization_code&client_id=32555940559.apps.googleusercontent.com&client_secret=ZmssLNjJy2998hD4CTg2ejr2&code=4%2F0AdQt8qieEeEC3GXYc032kWURshEe1fs9Us-dnwEawkVvXOl517F69xM3V2PBIlsehTJkug&redirect_uri=http%3A%2F%2Flocalhost%3A8085%2F&code_verifier=dTVi0RHTdiYRr0Z4Mo8lQYzLElcKJH6T~OgBUNBWwM.8yv6RwH57.FOqQyVr9qb7quqWgFo3PArv~ULkPi2idvI8hcKArSwA3CTyY3v~VMsYAk4xbHKHaEjqOp5x6.j8
2022-08-06 06:13:49,191 DEBUG    requests_oauthlib.oauth2_session Response headers were {'Pragma': 'no-cache', 'Date': 'Fri, 05 Aug 2022 23:13:49 GMT', 'Expires': 'Mon, 01 Jan 1990 00:00:00 GMT', 'Cache-Control': 'no-cache, no-store, max-age=0, must-revalidate', 'Content-Type': 'application/json; charset=utf-8', 'Vary': 'Origin, X-Origin, Referer', 'Content-Encoding': 'gzip', 'Server': 'scaffolding on HTTPServer2', 'X-XSS-Protection': '0', 'X-Frame-Options': 'SAMEORIGIN', 'X-Content-Type-Options': 'nosniff', 'Alt-Svc': 'h3=":443"; ma=2592000,h3-29=":443"; ma=2592000,h3-Q050=":443"; ma=2592000,h3-Q046=":443"; ma=2592000,h3-Q043=":443"; ma=2592000,quic=":443"; ma=2592000; v="46,43"', 'Transfer-Encoding': 'chunked'} and content {
  "access_token": "ya29.A0AVA9y1v0FGXb9B6K8wt_zcYrZ0w0oaDj41FYbVF2h36CQz3hcvzbO0lBbRMLup3uUzYqaCFSlhjUgRpAUaLjqn6ms-aDkDdACW5abD--wawYbW7yK0yRjtABvlvpjTsCABpDOSy53l3-5RA5iuuhSRyTjQdqer9PtddQaCgYKATASATASFQE65dr8Me_yrz8RhY7pYbFTGdeZyg0171",
  "expires_in": 3599,
  "refresh_token": "1//0e7lkj40Jix-WCgYIARAAGA4SNwF-L9Ir1ikOUdHNi_y90z8DSwtdz_HXVxhabnCoFytxILGgjjpcsCjq0xdHu0jQi5evKFGEoUI",
  "scope": "https://www.googleapis.com/auth/cloud-platform openid https://www.googleapis.com/auth/userinfo.email https://www.googleapis.com/auth/compute https://www.googleapis.com/auth/sqlservice.login https://www.googleapis.com/auth/accounts.reauth https://www.googleapis.com/auth/appengine.admin",
  "token_type": "Bearer",
  "id_token": "eyJhbGciOiJSUzI1NiIsImtpZCI6IjE1NDllMGFlZjU3NGQxYzdiZGQxMzZjMjAyYjhkMjkwNTgwYjE2NWMiLCJ0eXAiOiJKV1QifQ.eyJpc3MiOiJodHRwczovL2FjY291bnRzLmdvb2dsZS5jb20iLCJhenAiOiIzMjU1NTk0MDU1OS5hcHBzLmdvb2dsZXVzZXJjb250ZW50LmNvbSIsImF1ZCI6IjMyNTU1OTQwNTU5LmFwcHMuZ29vZ2xldXNlcmNvbnRlbnQuY29tIiwic3ViIjoiMTA4MDA3Nzc2NDgwNjU5MTk3MzgzIiwiZW1haWwiOiJsbWFvYnJ1YjUxNUBnbWFpbC5jb20iLCJlbWFpbF92ZXJpZmllZCI6dHJ1ZSwiYXRfaGFzaCI6ImlSZDZEMW5IMWxxWGUtX0pvWTdMOWciLCJpYXQiOjE2NTk3NDEyMjksImV4cCI6MTY1OTc0NDgyOX0.mLdJYoeyKW2_U4d2XG01a7vykVuYrIbOkOX-BFlmMbkWxJ77VzscQqtU8PrLngWtSQp6RWEDzwsRFWdNzvt9nHZ6M2eBvuWXYOU-Q9MNUC3TJFQCF4gDMLaQWpttmW87-a6EzRUazGOwYJdxvxrFumbPRMsjOPgx1a0fVrwLX0Dg3RGR9B7HbknUgwupL6O7POFvZU1wKpbxWKpnsPFhMUe9nk9iXgQQFFiyg4CFZoCBy1VtCgoivkAsquelv6CJFDokRLrwxZcNWiJwYogc8qdsjuWNxwhVfTZ-nwJLOnRtnjmuvyuI4_YPyZxGo2wSeUbmlhXWh2FpQeFM6eMLSA"
}.
2022-08-06 06:13:49,192 DEBUG    requests_oauthlib.oauth2_session Invoking 0 token response hooks.
2022-08-06 06:13:49,192 DEBUG    requests_oauthlib.oauth2_session Obtained token {'access_token': 'ya29.A0AVA9y1v0FGXb9B6K8wt_zcYrZ0w0oaDj41FYbVF2h36CQz3hcvzbO0lBbRMLup3uUzYqaCFSlhjUgRpAUaLjqn6ms-aDkDdACW5abD--wawYbW7yK0yRjtABvlvpjTsCABpDOSy53l3-5RA5iuuhSRyTjQdqer9PtddQaCgYKATASATASFQE65dr8Me_yrz8RhY7pYbFTGdeZyg0171', 'expires_in': 3599, 'refresh_token': '1//0e7lkj40Jix-WCgYIARAAGA4SNwF-L9Ir1ikOUdHNi_y90z8DSwtdz_HXVxhabnCoFytxILGgjjpcsCjq0xdHu0jQi5evKFGEoUI', 'scope': ['https://www.googleapis.com/auth/cloud-platform', 'openid', 'https://www.googleapis.com/auth/userinfo.email', 'https://www.googleapis.com/auth/compute', 'https://www.googleapis.com/auth/sqlservice.login', 'https://www.googleapis.com/auth/accounts.reauth', 'https://www.googleapis.com/auth/appengine.admin'], 'token_type': 'Bearer', 'id_token': 'eyJhbGciOiJSUzI1NiIsImtpZCI6IjE1NDllMGFlZjU3NGQxYzdiZGQxMzZjMjAyYjhkMjkwNTgwYjE2NWMiLCJ0eXAiOiJKV1QifQ.eyJpc3MiOiJodHRwczovL2FjY291bnRzLmdvb2dsZS5jb20iLCJhenAiOiIzMjU1NTk0MDU1OS5hcHBzLmdvb2dsZXVzZXJjb250ZW50LmNvbSIsImF1ZCI6IjMyNTU1OTQwNTU5LmFwcHMuZ29vZ2xldXNlcmNvbnRlbnQuY29tIiwic3ViIjoiMTA4MDA3Nzc2NDgwNjU5MTk3MzgzIiwiZW1haWwiOiJsbWFvYnJ1YjUxNUBnbWFpbC5jb20iLCJlbWFpbF92ZXJpZmllZCI6dHJ1ZSwiYXRfaGFzaCI6ImlSZDZEMW5IMWxxWGUtX0pvWTdMOWciLCJpYXQiOjE2NTk3NDEyMjksImV4cCI6MTY1OTc0NDgyOX0.mLdJYoeyKW2_U4d2XG01a7vykVuYrIbOkOX-BFlmMbkWxJ77VzscQqtU8PrLngWtSQp6RWEDzwsRFWdNzvt9nHZ6M2eBvuWXYOU-Q9MNUC3TJFQCF4gDMLaQWpttmW87-a6EzRUazGOwYJdxvxrFumbPRMsjOPgx1a0fVrwLX0Dg3RGR9B7HbknUgwupL6O7POFvZU1wKpbxWKpnsPFhMUe9nk9iXgQQFFiyg4CFZoCBy1VtCgoivkAsquelv6CJFDokRLrwxZcNWiJwYogc8qdsjuWNxwhVfTZ-nwJLOnRtnjmuvyuI4_YPyZxGo2wSeUbmlhXWh2FpQeFM6eMLSA', 'expires_at': 1659744828.1921535}.
2022-08-06 06:13:49,211 INFO     ___FILE_ONLY___ 
You are now logged in as [lmaobrub515@gmail.com].
Your current project is [None].  You can change this setting by running:
  $ gcloud config set project PROJECT_ID

2022-08-06 06:13:49,211 INFO     root            Display format: "none"
2022-08-06 06:13:49,213 DEBUG    root            Checking for updates...
2022-08-06 06:13:49,217 DEBUG    urllib3.connectionpool Starting new HTTPS connection (1): dl.google.com:443
2022-08-06 06:13:49,360 DEBUG    urllib3.connectionpool https://dl.google.com:443 "GET /dl/cloudsdk/channels/rapid/components-2.json HTTP/1.1" 200 201562
2022-08-06 06:13:49,514 INFO     ___FILE_ONLY___ 

Updates are available for some Google Cloud CLI components.  To install them,
please run:
  $ gcloud components update


