2022-08-06 06:12:51,978 DEBUG    root            Loaded Command Group: ['gcloud', 'components']
2022-08-06 06:12:51,981 DEBUG    root            Loaded Command Group: ['gcloud', 'components', 'list']
2022-08-06 06:12:51,984 DEBUG    root            Running [gcloud.components.list] with arguments: [--quiet: "True"]
2022-08-06 06:12:51,988 DEBUG    urllib3.connectionpool Starting new HTTPS connection (1): dl.google.com:443
2022-08-06 06:12:52,295 DEBUG    urllib3.connectionpool https://dl.google.com:443 "GET /dl/cloudsdk/channels/rapid/components-2.json HTTP/1.1" 200 201562
2022-08-06 06:12:52,567 INFO     ___FILE_ONLY___ 
Your current Google Cloud CLI version is: 396.0.0

2022-08-06 06:12:52,567 INFO     ___FILE_ONLY___ The latest available version is: 396.0.0

2022-08-06 06:12:52,567 INFO     ___FILE_ONLY___ 

2022-08-06 06:12:52,568 INFO     root            Display format: "table[box,title="Components"](state.name:label=Status,name:label=Name,id:label=ID,size.size(zero="",min=1048576):label=Size:align=right)"
2022-08-06 06:12:52,579 INFO     ___FILE_ONLY___ ┌────────────────────────────────────────────────────────────────────────────────────────────────────────────┐
2022-08-06 06:12:52,579 INFO     ___FILE_ONLY___ 

2022-08-06 06:12:52,579 INFO     ___FILE_ONLY___ │                                                 Components                                                 │
2022-08-06 06:12:52,579 INFO     ___FILE_ONLY___ 

2022-08-06 06:12:52,579 INFO     ___FILE_ONLY___ ├───────────────┬──────────────────────────────────────────────────────┬──────────────────────────┬──────────┤
2022-08-06 06:12:52,579 INFO     ___FILE_ONLY___ 

2022-08-06 06:12:52,579 INFO     ___FILE_ONLY___ │     Status    │                         Name                         │            ID            │   Size   │
2022-08-06 06:12:52,579 INFO     ___FILE_ONLY___ 

2022-08-06 06:12:52,580 INFO     ___FILE_ONLY___ ├───────────────┼──────────────────────────────────────────────────────┼──────────────────────────┼──────────┤
2022-08-06 06:12:52,580 INFO     ___FILE_ONLY___ 

2022-08-06 06:12:52,580 INFO     ___FILE_ONLY___ │ 
2022-08-06 06:12:52,580 INFO     ___FILE_ONLY___ Not Installed
2022-08-06 06:12:52,580 INFO     ___FILE_ONLY___  
2022-08-06 06:12:52,580 INFO     ___FILE_ONLY___ │ 
2022-08-06 06:12:52,580 INFO     ___FILE_ONLY___ App Engine Go Extensions                            
2022-08-06 06:12:52,580 INFO     ___FILE_ONLY___  
2022-08-06 06:12:52,580 INFO     ___FILE_ONLY___ │ 
2022-08-06 06:12:52,580 INFO     ___FILE_ONLY___ app-engine-go           
2022-08-06 06:12:52,580 INFO     ___FILE_ONLY___  
2022-08-06 06:12:52,580 INFO     ___FILE_ONLY___ │ 
2022-08-06 06:12:52,580 INFO     ___FILE_ONLY___  4.2 MiB
2022-08-06 06:12:52,580 INFO     ___FILE_ONLY___  
2022-08-06 06:12:52,580 INFO     ___FILE_ONLY___ │
2022-08-06 06:12:52,580 INFO     ___FILE_ONLY___ 

2022-08-06 06:12:52,580 INFO     ___FILE_ONLY___ │ 
2022-08-06 06:12:52,580 INFO     ___FILE_ONLY___ Not Installed
2022-08-06 06:12:52,580 INFO     ___FILE_ONLY___  
2022-08-06 06:12:52,580 INFO     ___FILE_ONLY___ │ 
2022-08-06 06:12:52,580 INFO     ___FILE_ONLY___ Appctl                                              
2022-08-06 06:12:52,581 INFO     ___FILE_ONLY___  
2022-08-06 06:12:52,581 INFO     ___FILE_ONLY___ │ 
2022-08-06 06:12:52,581 INFO     ___FILE_ONLY___ appctl                  
2022-08-06 06:12:52,581 INFO     ___FILE_ONLY___  
2022-08-06 06:12:52,581 INFO     ___FILE_ONLY___ │ 
2022-08-06 06:12:52,581 INFO     ___FILE_ONLY___ 21.0 MiB
2022-08-06 06:12:52,581 INFO     ___FILE_ONLY___  
2022-08-06 06:12:52,581 INFO     ___FILE_ONLY___ │
2022-08-06 06:12:52,581 INFO     ___FILE_ONLY___ 

2022-08-06 06:12:52,581 INFO     ___FILE_ONLY___ │ 
2022-08-06 06:12:52,581 INFO     ___FILE_ONLY___ Not Installed
2022-08-06 06:12:52,581 INFO     ___FILE_ONLY___  
2022-08-06 06:12:52,581 INFO     ___FILE_ONLY___ │ 
2022-08-06 06:12:52,581 INFO     ___FILE_ONLY___ Artifact Registry Go Module Package Helper          
2022-08-06 06:12:52,581 INFO     ___FILE_ONLY___  
2022-08-06 06:12:52,581 INFO     ___FILE_ONLY___ │ 
2022-08-06 06:12:52,581 INFO     ___FILE_ONLY___ package-go-module       
2022-08-06 06:12:52,581 INFO     ___FILE_ONLY___  
2022-08-06 06:12:52,581 INFO     ___FILE_ONLY___ │ 
2022-08-06 06:12:52,581 INFO     ___FILE_ONLY___  < 1 MiB
2022-08-06 06:12:52,581 INFO     ___FILE_ONLY___  
2022-08-06 06:12:52,581 INFO     ___FILE_ONLY___ │
2022-08-06 06:12:52,582 INFO     ___FILE_ONLY___ 

2022-08-06 06:12:52,582 INFO     ___FILE_ONLY___ │ 
2022-08-06 06:12:52,582 INFO     ___FILE_ONLY___ Not Installed
2022-08-06 06:12:52,582 INFO     ___FILE_ONLY___  
2022-08-06 06:12:52,582 INFO     ___FILE_ONLY___ │ 
2022-08-06 06:12:52,582 INFO     ___FILE_ONLY___ Bundled Python 3.9                                  
2022-08-06 06:12:52,582 INFO     ___FILE_ONLY___  
2022-08-06 06:12:52,582 INFO     ___FILE_ONLY___ │ 
2022-08-06 06:12:52,582 INFO     ___FILE_ONLY___ bundled-python3-unix    
2022-08-06 06:12:52,582 INFO     ___FILE_ONLY___  
2022-08-06 06:12:52,582 INFO     ___FILE_ONLY___ │ 
2022-08-06 06:12:52,582 INFO     ___FILE_ONLY___ 62.2 MiB
2022-08-06 06:12:52,582 INFO     ___FILE_ONLY___  
2022-08-06 06:12:52,582 INFO     ___FILE_ONLY___ │
2022-08-06 06:12:52,582 INFO     ___FILE_ONLY___ 

2022-08-06 06:12:52,582 INFO     ___FILE_ONLY___ │ 
2022-08-06 06:12:52,582 INFO     ___FILE_ONLY___ Not Installed
2022-08-06 06:12:52,583 INFO     ___FILE_ONLY___  
2022-08-06 06:12:52,583 INFO     ___FILE_ONLY___ │ 
2022-08-06 06:12:52,583 INFO     ___FILE_ONLY___ Cloud Bigtable Command Line Tool                    
2022-08-06 06:12:52,583 INFO     ___FILE_ONLY___  
2022-08-06 06:12:52,583 INFO     ___FILE_ONLY___ │ 
2022-08-06 06:12:52,583 INFO     ___FILE_ONLY___ cbt                     
2022-08-06 06:12:52,583 INFO     ___FILE_ONLY___  
2022-08-06 06:12:52,583 INFO     ___FILE_ONLY___ │ 
2022-08-06 06:12:52,583 INFO     ___FILE_ONLY___  9.8 MiB
2022-08-06 06:12:52,583 INFO     ___FILE_ONLY___  
2022-08-06 06:12:52,583 INFO     ___FILE_ONLY___ │
2022-08-06 06:12:52,583 INFO     ___FILE_ONLY___ 

2022-08-06 06:12:52,583 INFO     ___FILE_ONLY___ │ 
2022-08-06 06:12:52,583 INFO     ___FILE_ONLY___ Not Installed
2022-08-06 06:12:52,583 INFO     ___FILE_ONLY___  
2022-08-06 06:12:52,583 INFO     ___FILE_ONLY___ │ 
2022-08-06 06:12:52,583 INFO     ___FILE_ONLY___ Cloud Bigtable Emulator                             
2022-08-06 06:12:52,583 INFO     ___FILE_ONLY___  
2022-08-06 06:12:52,583 INFO     ___FILE_ONLY___ │ 
2022-08-06 06:12:52,583 INFO     ___FILE_ONLY___ bigtable                
2022-08-06 06:12:52,583 INFO     ___FILE_ONLY___  
2022-08-06 06:12:52,583 INFO     ___FILE_ONLY___ │ 
2022-08-06 06:12:52,584 INFO     ___FILE_ONLY___  6.0 MiB
2022-08-06 06:12:52,584 INFO     ___FILE_ONLY___  
2022-08-06 06:12:52,584 INFO     ___FILE_ONLY___ │
2022-08-06 06:12:52,584 INFO     ___FILE_ONLY___ 

2022-08-06 06:12:52,584 INFO     ___FILE_ONLY___ │ 
2022-08-06 06:12:52,584 INFO     ___FILE_ONLY___ Not Installed
2022-08-06 06:12:52,584 INFO     ___FILE_ONLY___  
2022-08-06 06:12:52,584 INFO     ___FILE_ONLY___ │ 
2022-08-06 06:12:52,584 INFO     ___FILE_ONLY___ Cloud Datalab Command Line Tool                     
2022-08-06 06:12:52,584 INFO     ___FILE_ONLY___  
2022-08-06 06:12:52,584 INFO     ___FILE_ONLY___ │ 
2022-08-06 06:12:52,584 INFO     ___FILE_ONLY___ datalab                 
2022-08-06 06:12:52,584 INFO     ___FILE_ONLY___  
2022-08-06 06:12:52,584 INFO     ___FILE_ONLY___ │ 
2022-08-06 06:12:52,584 INFO     ___FILE_ONLY___  < 1 MiB
2022-08-06 06:12:52,584 INFO     ___FILE_ONLY___  
2022-08-06 06:12:52,584 INFO     ___FILE_ONLY___ │
2022-08-06 06:12:52,584 INFO     ___FILE_ONLY___ 

2022-08-06 06:12:52,584 INFO     ___FILE_ONLY___ │ 
2022-08-06 06:12:52,584 INFO     ___FILE_ONLY___ Not Installed
2022-08-06 06:12:52,584 INFO     ___FILE_ONLY___  
2022-08-06 06:12:52,584 INFO     ___FILE_ONLY___ │ 
2022-08-06 06:12:52,585 INFO     ___FILE_ONLY___ Cloud Datastore Emulator                            
2022-08-06 06:12:52,585 INFO     ___FILE_ONLY___  
2022-08-06 06:12:52,585 INFO     ___FILE_ONLY___ │ 
2022-08-06 06:12:52,585 INFO     ___FILE_ONLY___ cloud-datastore-emulator
2022-08-06 06:12:52,585 INFO     ___FILE_ONLY___  
2022-08-06 06:12:52,585 INFO     ___FILE_ONLY___ │ 
2022-08-06 06:12:52,585 INFO     ___FILE_ONLY___ 34.9 MiB
2022-08-06 06:12:52,585 INFO     ___FILE_ONLY___  
2022-08-06 06:12:52,585 INFO     ___FILE_ONLY___ │
2022-08-06 06:12:52,585 INFO     ___FILE_ONLY___ 

2022-08-06 06:12:52,585 INFO     ___FILE_ONLY___ │ 
2022-08-06 06:12:52,585 INFO     ___FILE_ONLY___ Not Installed
2022-08-06 06:12:52,585 INFO     ___FILE_ONLY___  
2022-08-06 06:12:52,585 INFO     ___FILE_ONLY___ │ 
2022-08-06 06:12:52,585 INFO     ___FILE_ONLY___ Cloud Firestore Emulator                            
2022-08-06 06:12:52,585 INFO     ___FILE_ONLY___  
2022-08-06 06:12:52,585 INFO     ___FILE_ONLY___ │ 
2022-08-06 06:12:52,585 INFO     ___FILE_ONLY___ cloud-firestore-emulator
2022-08-06 06:12:52,585 INFO     ___FILE_ONLY___  
2022-08-06 06:12:52,585 INFO     ___FILE_ONLY___ │ 
2022-08-06 06:12:52,585 INFO     ___FILE_ONLY___ 40.2 MiB
2022-08-06 06:12:52,585 INFO     ___FILE_ONLY___  
2022-08-06 06:12:52,586 INFO     ___FILE_ONLY___ │
2022-08-06 06:12:52,586 INFO     ___FILE_ONLY___ 

2022-08-06 06:12:52,586 INFO     ___FILE_ONLY___ │ 
2022-08-06 06:12:52,586 INFO     ___FILE_ONLY___ Not Installed
2022-08-06 06:12:52,586 INFO     ___FILE_ONLY___  
2022-08-06 06:12:52,586 INFO     ___FILE_ONLY___ │ 
2022-08-06 06:12:52,586 INFO     ___FILE_ONLY___ Cloud Pub/Sub Emulator                              
2022-08-06 06:12:52,586 INFO     ___FILE_ONLY___  
2022-08-06 06:12:52,586 INFO     ___FILE_ONLY___ │ 
2022-08-06 06:12:52,586 INFO     ___FILE_ONLY___ pubsub-emulator         
2022-08-06 06:12:52,586 INFO     ___FILE_ONLY___  
2022-08-06 06:12:52,586 INFO     ___FILE_ONLY___ │ 
2022-08-06 06:12:52,586 INFO     ___FILE_ONLY___ 60.7 MiB
2022-08-06 06:12:52,586 INFO     ___FILE_ONLY___  
2022-08-06 06:12:52,586 INFO     ___FILE_ONLY___ │
2022-08-06 06:12:52,586 INFO     ___FILE_ONLY___ 

2022-08-06 06:12:52,586 INFO     ___FILE_ONLY___ │ 
2022-08-06 06:12:52,586 INFO     ___FILE_ONLY___ Not Installed
2022-08-06 06:12:52,586 INFO     ___FILE_ONLY___  
2022-08-06 06:12:52,586 INFO     ___FILE_ONLY___ │ 
2022-08-06 06:12:52,586 INFO     ___FILE_ONLY___ Cloud Run Proxy                                     
2022-08-06 06:12:52,586 INFO     ___FILE_ONLY___  
2022-08-06 06:12:52,587 INFO     ___FILE_ONLY___ │ 
2022-08-06 06:12:52,587 INFO     ___FILE_ONLY___ cloud-run-proxy         
2022-08-06 06:12:52,587 INFO     ___FILE_ONLY___  
2022-08-06 06:12:52,587 INFO     ___FILE_ONLY___ │ 
2022-08-06 06:12:52,587 INFO     ___FILE_ONLY___  9.0 MiB
2022-08-06 06:12:52,587 INFO     ___FILE_ONLY___  
2022-08-06 06:12:52,587 INFO     ___FILE_ONLY___ │
2022-08-06 06:12:52,587 INFO     ___FILE_ONLY___ 

2022-08-06 06:12:52,587 INFO     ___FILE_ONLY___ │ 
2022-08-06 06:12:52,587 INFO     ___FILE_ONLY___ Not Installed
2022-08-06 06:12:52,587 INFO     ___FILE_ONLY___  
2022-08-06 06:12:52,587 INFO     ___FILE_ONLY___ │ 
2022-08-06 06:12:52,587 INFO     ___FILE_ONLY___ Cloud SQL Proxy                                     
2022-08-06 06:12:52,587 INFO     ___FILE_ONLY___  
2022-08-06 06:12:52,587 INFO     ___FILE_ONLY___ │ 
2022-08-06 06:12:52,587 INFO     ___FILE_ONLY___ cloud_sql_proxy         
2022-08-06 06:12:52,587 INFO     ___FILE_ONLY___  
2022-08-06 06:12:52,587 INFO     ___FILE_ONLY___ │ 
2022-08-06 06:12:52,587 INFO     ___FILE_ONLY___  7.8 MiB
2022-08-06 06:12:52,587 INFO     ___FILE_ONLY___  
2022-08-06 06:12:52,587 INFO     ___FILE_ONLY___ │
2022-08-06 06:12:52,587 INFO     ___FILE_ONLY___ 

2022-08-06 06:12:52,588 INFO     ___FILE_ONLY___ │ 
2022-08-06 06:12:52,588 INFO     ___FILE_ONLY___ Not Installed
2022-08-06 06:12:52,588 INFO     ___FILE_ONLY___  
2022-08-06 06:12:52,588 INFO     ___FILE_ONLY___ │ 
2022-08-06 06:12:52,588 INFO     ___FILE_ONLY___ Cloud Spanner Emulator                              
2022-08-06 06:12:52,588 INFO     ___FILE_ONLY___  
2022-08-06 06:12:52,588 INFO     ___FILE_ONLY___ │ 
2022-08-06 06:12:52,588 INFO     ___FILE_ONLY___ cloud-spanner-emulator  
2022-08-06 06:12:52,588 INFO     ___FILE_ONLY___  
2022-08-06 06:12:52,588 INFO     ___FILE_ONLY___ │ 
2022-08-06 06:12:52,588 INFO     ___FILE_ONLY___ 27.2 MiB
2022-08-06 06:12:52,588 INFO     ___FILE_ONLY___  
2022-08-06 06:12:52,588 INFO     ___FILE_ONLY___ │
2022-08-06 06:12:52,588 INFO     ___FILE_ONLY___ 

2022-08-06 06:12:52,588 INFO     ___FILE_ONLY___ │ 
2022-08-06 06:12:52,588 INFO     ___FILE_ONLY___ Not Installed
2022-08-06 06:12:52,588 INFO     ___FILE_ONLY___  
2022-08-06 06:12:52,588 INFO     ___FILE_ONLY___ │ 
2022-08-06 06:12:52,588 INFO     ___FILE_ONLY___ Cloud Spanner Migration Tool                        
2022-08-06 06:12:52,588 INFO     ___FILE_ONLY___  
2022-08-06 06:12:52,588 INFO     ___FILE_ONLY___ │ 
2022-08-06 06:12:52,588 INFO     ___FILE_ONLY___ harbourbridge           
2022-08-06 06:12:52,589 INFO     ___FILE_ONLY___  
2022-08-06 06:12:52,589 INFO     ___FILE_ONLY___ │ 
2022-08-06 06:12:52,589 INFO     ___FILE_ONLY___ 14.8 MiB
2022-08-06 06:12:52,589 INFO     ___FILE_ONLY___  
2022-08-06 06:12:52,589 INFO     ___FILE_ONLY___ │
2022-08-06 06:12:52,589 INFO     ___FILE_ONLY___ 

2022-08-06 06:12:52,589 INFO     ___FILE_ONLY___ │ 
2022-08-06 06:12:52,589 INFO     ___FILE_ONLY___ Not Installed
2022-08-06 06:12:52,589 INFO     ___FILE_ONLY___  
2022-08-06 06:12:52,589 INFO     ___FILE_ONLY___ │ 
2022-08-06 06:12:52,589 INFO     ___FILE_ONLY___ Google Cloud Build Local Builder                    
2022-08-06 06:12:52,589 INFO     ___FILE_ONLY___  
2022-08-06 06:12:52,589 INFO     ___FILE_ONLY___ │ 
2022-08-06 06:12:52,589 INFO     ___FILE_ONLY___ cloud-build-local       
2022-08-06 06:12:52,589 INFO     ___FILE_ONLY___  
2022-08-06 06:12:52,589 INFO     ___FILE_ONLY___ │ 
2022-08-06 06:12:52,589 INFO     ___FILE_ONLY___  6.3 MiB
2022-08-06 06:12:52,589 INFO     ___FILE_ONLY___  
2022-08-06 06:12:52,589 INFO     ___FILE_ONLY___ │
2022-08-06 06:12:52,589 INFO     ___FILE_ONLY___ 

2022-08-06 06:12:52,589 INFO     ___FILE_ONLY___ │ 
2022-08-06 06:12:52,590 INFO     ___FILE_ONLY___ Not Installed
2022-08-06 06:12:52,590 INFO     ___FILE_ONLY___  
2022-08-06 06:12:52,590 INFO     ___FILE_ONLY___ │ 
2022-08-06 06:12:52,590 INFO     ___FILE_ONLY___ Google Container Registry's Docker credential helper
2022-08-06 06:12:52,590 INFO     ___FILE_ONLY___  
2022-08-06 06:12:52,590 INFO     ___FILE_ONLY___ │ 
2022-08-06 06:12:52,590 INFO     ___FILE_ONLY___ docker-credential-gcr   
2022-08-06 06:12:52,590 INFO     ___FILE_ONLY___  
2022-08-06 06:12:52,590 INFO     ___FILE_ONLY___ │ 
2022-08-06 06:12:52,590 INFO     ___FILE_ONLY___  1.8 MiB
2022-08-06 06:12:52,590 INFO     ___FILE_ONLY___  
2022-08-06 06:12:52,590 INFO     ___FILE_ONLY___ │
2022-08-06 06:12:52,590 INFO     ___FILE_ONLY___ 

2022-08-06 06:12:52,590 INFO     ___FILE_ONLY___ │ 
2022-08-06 06:12:52,590 INFO     ___FILE_ONLY___ Not Installed
2022-08-06 06:12:52,590 INFO     ___FILE_ONLY___  
2022-08-06 06:12:52,590 INFO     ___FILE_ONLY___ │ 
2022-08-06 06:12:52,590 INFO     ___FILE_ONLY___ Kustomize                                           
2022-08-06 06:12:52,590 INFO     ___FILE_ONLY___  
2022-08-06 06:12:52,590 INFO     ___FILE_ONLY___ │ 
2022-08-06 06:12:52,590 INFO     ___FILE_ONLY___ kustomize               
2022-08-06 06:12:52,590 INFO     ___FILE_ONLY___  
2022-08-06 06:12:52,590 INFO     ___FILE_ONLY___ │ 
2022-08-06 06:12:52,591 INFO     ___FILE_ONLY___  4.3 MiB
2022-08-06 06:12:52,591 INFO     ___FILE_ONLY___  
2022-08-06 06:12:52,591 INFO     ___FILE_ONLY___ │
2022-08-06 06:12:52,591 INFO     ___FILE_ONLY___ 

2022-08-06 06:12:52,591 INFO     ___FILE_ONLY___ │ 
2022-08-06 06:12:52,591 INFO     ___FILE_ONLY___ Not Installed
2022-08-06 06:12:52,591 INFO     ___FILE_ONLY___  
2022-08-06 06:12:52,591 INFO     ___FILE_ONLY___ │ 
2022-08-06 06:12:52,591 INFO     ___FILE_ONLY___ Minikube                                            
2022-08-06 06:12:52,591 INFO     ___FILE_ONLY___  
2022-08-06 06:12:52,591 INFO     ___FILE_ONLY___ │ 
2022-08-06 06:12:52,591 INFO     ___FILE_ONLY___ minikube                
2022-08-06 06:12:52,591 INFO     ___FILE_ONLY___  
2022-08-06 06:12:52,591 INFO     ___FILE_ONLY___ │ 
2022-08-06 06:12:52,591 INFO     ___FILE_ONLY___ 30.6 MiB
2022-08-06 06:12:52,591 INFO     ___FILE_ONLY___  
2022-08-06 06:12:52,591 INFO     ___FILE_ONLY___ │
2022-08-06 06:12:52,592 INFO     ___FILE_ONLY___ 

2022-08-06 06:12:52,592 INFO     ___FILE_ONLY___ │ 
2022-08-06 06:12:52,592 INFO     ___FILE_ONLY___ Not Installed
2022-08-06 06:12:52,592 INFO     ___FILE_ONLY___  
2022-08-06 06:12:52,592 INFO     ___FILE_ONLY___ │ 
2022-08-06 06:12:52,592 INFO     ___FILE_ONLY___ Nomos CLI                                           
2022-08-06 06:12:52,592 INFO     ___FILE_ONLY___  
2022-08-06 06:12:52,592 INFO     ___FILE_ONLY___ │ 
2022-08-06 06:12:52,592 INFO     ___FILE_ONLY___ nomos                   
2022-08-06 06:12:52,592 INFO     ___FILE_ONLY___  
2022-08-06 06:12:52,592 INFO     ___FILE_ONLY___ │ 
2022-08-06 06:12:52,592 INFO     ___FILE_ONLY___ 25.0 MiB
2022-08-06 06:12:52,592 INFO     ___FILE_ONLY___  
2022-08-06 06:12:52,592 INFO     ___FILE_ONLY___ │
2022-08-06 06:12:52,592 INFO     ___FILE_ONLY___ 

2022-08-06 06:12:52,592 INFO     ___FILE_ONLY___ │ 
2022-08-06 06:12:52,592 INFO     ___FILE_ONLY___ Not Installed
2022-08-06 06:12:52,592 INFO     ___FILE_ONLY___  
2022-08-06 06:12:52,592 INFO     ___FILE_ONLY___ │ 
2022-08-06 06:12:52,592 INFO     ___FILE_ONLY___ On-Demand Scanning API extraction helper            
2022-08-06 06:12:52,592 INFO     ___FILE_ONLY___  
2022-08-06 06:12:52,592 INFO     ___FILE_ONLY___ │ 
2022-08-06 06:12:52,593 INFO     ___FILE_ONLY___ local-extract           
2022-08-06 06:12:52,593 INFO     ___FILE_ONLY___  
2022-08-06 06:12:52,593 INFO     ___FILE_ONLY___ │ 
2022-08-06 06:12:52,593 INFO     ___FILE_ONLY___ 12.7 MiB
2022-08-06 06:12:52,593 INFO     ___FILE_ONLY___  
2022-08-06 06:12:52,593 INFO     ___FILE_ONLY___ │
2022-08-06 06:12:52,593 INFO     ___FILE_ONLY___ 

2022-08-06 06:12:52,593 INFO     ___FILE_ONLY___ │ 
2022-08-06 06:12:52,593 INFO     ___FILE_ONLY___ Not Installed
2022-08-06 06:12:52,593 INFO     ___FILE_ONLY___  
2022-08-06 06:12:52,593 INFO     ___FILE_ONLY___ │ 
2022-08-06 06:12:52,593 INFO     ___FILE_ONLY___ Skaffold                                            
2022-08-06 06:12:52,593 INFO     ___FILE_ONLY___  
2022-08-06 06:12:52,593 INFO     ___FILE_ONLY___ │ 
2022-08-06 06:12:52,593 INFO     ___FILE_ONLY___ skaffold                
2022-08-06 06:12:52,593 INFO     ___FILE_ONLY___  
2022-08-06 06:12:52,593 INFO     ___FILE_ONLY___ │ 
2022-08-06 06:12:52,593 INFO     ___FILE_ONLY___ 19.2 MiB
2022-08-06 06:12:52,593 INFO     ___FILE_ONLY___  
2022-08-06 06:12:52,593 INFO     ___FILE_ONLY___ │
2022-08-06 06:12:52,593 INFO     ___FILE_ONLY___ 

2022-08-06 06:12:52,594 INFO     ___FILE_ONLY___ │ 
2022-08-06 06:12:52,594 INFO     ___FILE_ONLY___ Not Installed
2022-08-06 06:12:52,594 INFO     ___FILE_ONLY___  
2022-08-06 06:12:52,594 INFO     ___FILE_ONLY___ │ 
2022-08-06 06:12:52,594 INFO     ___FILE_ONLY___ Terraform Tools                                     
2022-08-06 06:12:52,594 INFO     ___FILE_ONLY___  
2022-08-06 06:12:52,594 INFO     ___FILE_ONLY___ │ 
2022-08-06 06:12:52,594 INFO     ___FILE_ONLY___ terraform-tools         
2022-08-06 06:12:52,594 INFO     ___FILE_ONLY___  
2022-08-06 06:12:52,594 INFO     ___FILE_ONLY___ │ 
2022-08-06 06:12:52,594 INFO     ___FILE_ONLY___ 50.5 MiB
2022-08-06 06:12:52,594 INFO     ___FILE_ONLY___  
2022-08-06 06:12:52,594 INFO     ___FILE_ONLY___ │
2022-08-06 06:12:52,594 INFO     ___FILE_ONLY___ 

2022-08-06 06:12:52,594 INFO     ___FILE_ONLY___ │ 
2022-08-06 06:12:52,594 INFO     ___FILE_ONLY___ Not Installed
2022-08-06 06:12:52,594 INFO     ___FILE_ONLY___  
2022-08-06 06:12:52,594 INFO     ___FILE_ONLY___ │ 
2022-08-06 06:12:52,595 INFO     ___FILE_ONLY___ anthos-auth                                         
2022-08-06 06:12:52,595 INFO     ___FILE_ONLY___  
2022-08-06 06:12:52,595 INFO     ___FILE_ONLY___ │ 
2022-08-06 06:12:52,595 INFO     ___FILE_ONLY___ anthos-auth             
2022-08-06 06:12:52,595 INFO     ___FILE_ONLY___  
2022-08-06 06:12:52,595 INFO     ___FILE_ONLY___ │ 
2022-08-06 06:12:52,595 INFO     ___FILE_ONLY___ 19.2 MiB
2022-08-06 06:12:52,595 INFO     ___FILE_ONLY___  
2022-08-06 06:12:52,595 INFO     ___FILE_ONLY___ │
2022-08-06 06:12:52,595 INFO     ___FILE_ONLY___ 

2022-08-06 06:12:52,595 INFO     ___FILE_ONLY___ │ 
2022-08-06 06:12:52,595 INFO     ___FILE_ONLY___ Not Installed
2022-08-06 06:12:52,595 INFO     ___FILE_ONLY___  
2022-08-06 06:12:52,595 INFO     ___FILE_ONLY___ │ 
2022-08-06 06:12:52,595 INFO     ___FILE_ONLY___ config-connector                                    
2022-08-06 06:12:52,595 INFO     ___FILE_ONLY___  
2022-08-06 06:12:52,595 INFO     ___FILE_ONLY___ │ 
2022-08-06 06:12:52,595 INFO     ___FILE_ONLY___ config-connector        
2022-08-06 06:12:52,595 INFO     ___FILE_ONLY___  
2022-08-06 06:12:52,595 INFO     ___FILE_ONLY___ │ 
2022-08-06 06:12:52,595 INFO     ___FILE_ONLY___ 55.6 MiB
2022-08-06 06:12:52,596 INFO     ___FILE_ONLY___  
2022-08-06 06:12:52,596 INFO     ___FILE_ONLY___ │
2022-08-06 06:12:52,596 INFO     ___FILE_ONLY___ 

2022-08-06 06:12:52,596 INFO     ___FILE_ONLY___ │ 
2022-08-06 06:12:52,596 INFO     ___FILE_ONLY___ Not Installed
2022-08-06 06:12:52,596 INFO     ___FILE_ONLY___  
2022-08-06 06:12:52,596 INFO     ___FILE_ONLY___ │ 
2022-08-06 06:12:52,596 INFO     ___FILE_ONLY___ gcloud Alpha Commands                               
2022-08-06 06:12:52,596 INFO     ___FILE_ONLY___  
2022-08-06 06:12:52,596 INFO     ___FILE_ONLY___ │ 
2022-08-06 06:12:52,596 INFO     ___FILE_ONLY___ alpha                   
2022-08-06 06:12:52,596 INFO     ___FILE_ONLY___  
2022-08-06 06:12:52,596 INFO     ___FILE_ONLY___ │ 
2022-08-06 06:12:52,596 INFO     ___FILE_ONLY___  < 1 MiB
2022-08-06 06:12:52,596 INFO     ___FILE_ONLY___  
2022-08-06 06:12:52,596 INFO     ___FILE_ONLY___ │
2022-08-06 06:12:52,596 INFO     ___FILE_ONLY___ 

2022-08-06 06:12:52,596 INFO     ___FILE_ONLY___ │ 
2022-08-06 06:12:52,596 INFO     ___FILE_ONLY___ Not Installed
2022-08-06 06:12:52,596 INFO     ___FILE_ONLY___  
2022-08-06 06:12:52,597 INFO     ___FILE_ONLY___ │ 
2022-08-06 06:12:52,597 INFO     ___FILE_ONLY___ gcloud Beta Commands                                
2022-08-06 06:12:52,597 INFO     ___FILE_ONLY___  
2022-08-06 06:12:52,597 INFO     ___FILE_ONLY___ │ 
2022-08-06 06:12:52,597 INFO     ___FILE_ONLY___ beta                    
2022-08-06 06:12:52,597 INFO     ___FILE_ONLY___  
2022-08-06 06:12:52,597 INFO     ___FILE_ONLY___ │ 
2022-08-06 06:12:52,597 INFO     ___FILE_ONLY___  < 1 MiB
2022-08-06 06:12:52,597 INFO     ___FILE_ONLY___  
2022-08-06 06:12:52,597 INFO     ___FILE_ONLY___ │
2022-08-06 06:12:52,597 INFO     ___FILE_ONLY___ 

2022-08-06 06:12:52,597 INFO     ___FILE_ONLY___ │ 
2022-08-06 06:12:52,597 INFO     ___FILE_ONLY___ Not Installed
2022-08-06 06:12:52,597 INFO     ___FILE_ONLY___  
2022-08-06 06:12:52,597 INFO     ___FILE_ONLY___ │ 
2022-08-06 06:12:52,597 INFO     ___FILE_ONLY___ gcloud app Java Extensions                          
2022-08-06 06:12:52,597 INFO     ___FILE_ONLY___  
2022-08-06 06:12:52,597 INFO     ___FILE_ONLY___ │ 
2022-08-06 06:12:52,597 INFO     ___FILE_ONLY___ app-engine-java         
2022-08-06 06:12:52,597 INFO     ___FILE_ONLY___  
2022-08-06 06:12:52,597 INFO     ___FILE_ONLY___ │ 
2022-08-06 06:12:52,598 INFO     ___FILE_ONLY___ 51.3 MiB
2022-08-06 06:12:52,598 INFO     ___FILE_ONLY___  
2022-08-06 06:12:52,598 INFO     ___FILE_ONLY___ │
2022-08-06 06:12:52,598 INFO     ___FILE_ONLY___ 

2022-08-06 06:12:52,598 INFO     ___FILE_ONLY___ │ 
2022-08-06 06:12:52,598 INFO     ___FILE_ONLY___ Not Installed
2022-08-06 06:12:52,598 INFO     ___FILE_ONLY___  
2022-08-06 06:12:52,598 INFO     ___FILE_ONLY___ │ 
2022-08-06 06:12:52,598 INFO     ___FILE_ONLY___ gcloud app Python Extensions                        
2022-08-06 06:12:52,598 INFO     ___FILE_ONLY___  
2022-08-06 06:12:52,598 INFO     ___FILE_ONLY___ │ 
2022-08-06 06:12:52,598 INFO     ___FILE_ONLY___ app-engine-python       
2022-08-06 06:12:52,598 INFO     ___FILE_ONLY___  
2022-08-06 06:12:52,598 INFO     ___FILE_ONLY___ │ 
2022-08-06 06:12:52,598 INFO     ___FILE_ONLY___  7.8 MiB
2022-08-06 06:12:52,598 INFO     ___FILE_ONLY___  
2022-08-06 06:12:52,598 INFO     ___FILE_ONLY___ │
2022-08-06 06:12:52,598 INFO     ___FILE_ONLY___ 

2022-08-06 06:12:52,598 INFO     ___FILE_ONLY___ │ 
2022-08-06 06:12:52,598 INFO     ___FILE_ONLY___ Not Installed
2022-08-06 06:12:52,598 INFO     ___FILE_ONLY___  
2022-08-06 06:12:52,598 INFO     ___FILE_ONLY___ │ 
2022-08-06 06:12:52,599 INFO     ___FILE_ONLY___ gcloud app Python Extensions (Extra Libraries)      
2022-08-06 06:12:52,599 INFO     ___FILE_ONLY___  
2022-08-06 06:12:52,599 INFO     ___FILE_ONLY___ │ 
2022-08-06 06:12:52,599 INFO     ___FILE_ONLY___ app-engine-python-extras
2022-08-06 06:12:52,599 INFO     ___FILE_ONLY___  
2022-08-06 06:12:52,599 INFO     ___FILE_ONLY___ │ 
2022-08-06 06:12:52,599 INFO     ___FILE_ONLY___ 26.4 MiB
2022-08-06 06:12:52,599 INFO     ___FILE_ONLY___  
2022-08-06 06:12:52,599 INFO     ___FILE_ONLY___ │
2022-08-06 06:12:52,599 INFO     ___FILE_ONLY___ 

2022-08-06 06:12:52,599 INFO     ___FILE_ONLY___ │ 
2022-08-06 06:12:52,599 INFO     ___FILE_ONLY___ Not Installed
2022-08-06 06:12:52,599 INFO     ___FILE_ONLY___  
2022-08-06 06:12:52,599 INFO     ___FILE_ONLY___ │ 
2022-08-06 06:12:52,599 INFO     ___FILE_ONLY___ gke-gcloud-auth-plugin                              
2022-08-06 06:12:52,599 INFO     ___FILE_ONLY___  
2022-08-06 06:12:52,599 INFO     ___FILE_ONLY___ │ 
2022-08-06 06:12:52,599 INFO     ___FILE_ONLY___ gke-gcloud-auth-plugin  
2022-08-06 06:12:52,599 INFO     ___FILE_ONLY___  
2022-08-06 06:12:52,599 INFO     ___FILE_ONLY___ │ 
2022-08-06 06:12:52,599 INFO     ___FILE_ONLY___  3.8 MiB
2022-08-06 06:12:52,599 INFO     ___FILE_ONLY___  
2022-08-06 06:12:52,600 INFO     ___FILE_ONLY___ │
2022-08-06 06:12:52,600 INFO     ___FILE_ONLY___ 

2022-08-06 06:12:52,600 INFO     ___FILE_ONLY___ │ 
2022-08-06 06:12:52,600 INFO     ___FILE_ONLY___ Not Installed
2022-08-06 06:12:52,600 INFO     ___FILE_ONLY___  
2022-08-06 06:12:52,600 INFO     ___FILE_ONLY___ │ 
2022-08-06 06:12:52,600 INFO     ___FILE_ONLY___ kpt                                                 
2022-08-06 06:12:52,600 INFO     ___FILE_ONLY___  
2022-08-06 06:12:52,600 INFO     ___FILE_ONLY___ │ 
2022-08-06 06:12:52,600 INFO     ___FILE_ONLY___ kpt                     
2022-08-06 06:12:52,600 INFO     ___FILE_ONLY___  
2022-08-06 06:12:52,600 INFO     ___FILE_ONLY___ │ 
2022-08-06 06:12:52,600 INFO     ___FILE_ONLY___ 12.1 MiB
2022-08-06 06:12:52,600 INFO     ___FILE_ONLY___  
2022-08-06 06:12:52,600 INFO     ___FILE_ONLY___ │
2022-08-06 06:12:52,600 INFO     ___FILE_ONLY___ 

2022-08-06 06:12:52,600 INFO     ___FILE_ONLY___ │ 
2022-08-06 06:12:52,600 INFO     ___FILE_ONLY___ Not Installed
2022-08-06 06:12:52,600 INFO     ___FILE_ONLY___  
2022-08-06 06:12:52,600 INFO     ___FILE_ONLY___ │ 
2022-08-06 06:12:52,600 INFO     ___FILE_ONLY___ kubectl                                             
2022-08-06 06:12:52,601 INFO     ___FILE_ONLY___  
2022-08-06 06:12:52,601 INFO     ___FILE_ONLY___ │ 
2022-08-06 06:12:52,601 INFO     ___FILE_ONLY___ kubectl                 
2022-08-06 06:12:52,601 INFO     ___FILE_ONLY___  
2022-08-06 06:12:52,601 INFO     ___FILE_ONLY___ │ 
2022-08-06 06:12:52,601 INFO     ___FILE_ONLY___  < 1 MiB
2022-08-06 06:12:52,601 INFO     ___FILE_ONLY___  
2022-08-06 06:12:52,601 INFO     ___FILE_ONLY___ │
2022-08-06 06:12:52,601 INFO     ___FILE_ONLY___ 

2022-08-06 06:12:52,601 INFO     ___FILE_ONLY___ │ 
2022-08-06 06:12:52,601 INFO     ___FILE_ONLY___ Not Installed
2022-08-06 06:12:52,601 INFO     ___FILE_ONLY___  
2022-08-06 06:12:52,601 INFO     ___FILE_ONLY___ │ 
2022-08-06 06:12:52,601 INFO     ___FILE_ONLY___ kubectl-oidc                                        
2022-08-06 06:12:52,601 INFO     ___FILE_ONLY___  
2022-08-06 06:12:52,602 INFO     ___FILE_ONLY___ │ 
2022-08-06 06:12:52,602 INFO     ___FILE_ONLY___ kubectl-oidc            
2022-08-06 06:12:52,602 INFO     ___FILE_ONLY___  
2022-08-06 06:12:52,602 INFO     ___FILE_ONLY___ │ 
2022-08-06 06:12:52,602 INFO     ___FILE_ONLY___ 19.2 MiB
2022-08-06 06:12:52,602 INFO     ___FILE_ONLY___  
2022-08-06 06:12:52,602 INFO     ___FILE_ONLY___ │
2022-08-06 06:12:52,602 INFO     ___FILE_ONLY___ 

2022-08-06 06:12:52,602 INFO     ___FILE_ONLY___ │ 
2022-08-06 06:12:52,602 INFO     ___FILE_ONLY___ Not Installed
2022-08-06 06:12:52,602 INFO     ___FILE_ONLY___  
2022-08-06 06:12:52,602 INFO     ___FILE_ONLY___ │ 
2022-08-06 06:12:52,602 INFO     ___FILE_ONLY___ pkg                                                 
2022-08-06 06:12:52,602 INFO     ___FILE_ONLY___  
2022-08-06 06:12:52,602 INFO     ___FILE_ONLY___ │ 
2022-08-06 06:12:52,602 INFO     ___FILE_ONLY___ pkg                     
2022-08-06 06:12:52,602 INFO     ___FILE_ONLY___  
2022-08-06 06:12:52,602 INFO     ___FILE_ONLY___ │ 
2022-08-06 06:12:52,602 INFO     ___FILE_ONLY___         
2022-08-06 06:12:52,602 INFO     ___FILE_ONLY___  
2022-08-06 06:12:52,602 INFO     ___FILE_ONLY___ │
2022-08-06 06:12:52,603 INFO     ___FILE_ONLY___ 

2022-08-06 06:12:52,603 INFO     ___FILE_ONLY___ │ 
2022-08-06 06:12:52,603 INFO     ___FILE_ONLY___ Installed    
2022-08-06 06:12:52,603 INFO     ___FILE_ONLY___  
2022-08-06 06:12:52,603 INFO     ___FILE_ONLY___ │ 
2022-08-06 06:12:52,603 INFO     ___FILE_ONLY___ BigQuery Command Line Tool                          
2022-08-06 06:12:52,603 INFO     ___FILE_ONLY___  
2022-08-06 06:12:52,603 INFO     ___FILE_ONLY___ │ 
2022-08-06 06:12:52,603 INFO     ___FILE_ONLY___ bq                      
2022-08-06 06:12:52,603 INFO     ___FILE_ONLY___  
2022-08-06 06:12:52,603 INFO     ___FILE_ONLY___ │ 
2022-08-06 06:12:52,603 INFO     ___FILE_ONLY___  1.6 MiB
2022-08-06 06:12:52,603 INFO     ___FILE_ONLY___  
2022-08-06 06:12:52,603 INFO     ___FILE_ONLY___ │
2022-08-06 06:12:52,603 INFO     ___FILE_ONLY___ 

2022-08-06 06:12:52,603 INFO     ___FILE_ONLY___ │ 
2022-08-06 06:12:52,603 INFO     ___FILE_ONLY___ Installed    
2022-08-06 06:12:52,603 INFO     ___FILE_ONLY___  
2022-08-06 06:12:52,603 INFO     ___FILE_ONLY___ │ 
2022-08-06 06:12:52,603 INFO     ___FILE_ONLY___ Cloud Storage Command Line Tool                     
2022-08-06 06:12:52,603 INFO     ___FILE_ONLY___  
2022-08-06 06:12:52,604 INFO     ___FILE_ONLY___ │ 
2022-08-06 06:12:52,604 INFO     ___FILE_ONLY___ gsutil                  
2022-08-06 06:12:52,604 INFO     ___FILE_ONLY___  
2022-08-06 06:12:52,604 INFO     ___FILE_ONLY___ │ 
2022-08-06 06:12:52,604 INFO     ___FILE_ONLY___ 15.5 MiB
2022-08-06 06:12:52,604 INFO     ___FILE_ONLY___  
2022-08-06 06:12:52,604 INFO     ___FILE_ONLY___ │
2022-08-06 06:12:52,604 INFO     ___FILE_ONLY___ 

2022-08-06 06:12:52,604 INFO     ___FILE_ONLY___ │ 
2022-08-06 06:12:52,604 INFO     ___FILE_ONLY___ Installed    
2022-08-06 06:12:52,604 INFO     ___FILE_ONLY___  
2022-08-06 06:12:52,604 INFO     ___FILE_ONLY___ │ 
2022-08-06 06:12:52,604 INFO     ___FILE_ONLY___ Google Cloud CLI Core Libraries                     
2022-08-06 06:12:52,604 INFO     ___FILE_ONLY___  
2022-08-06 06:12:52,604 INFO     ___FILE_ONLY___ │ 
2022-08-06 06:12:52,604 INFO     ___FILE_ONLY___ core                    
2022-08-06 06:12:52,604 INFO     ___FILE_ONLY___  
2022-08-06 06:12:52,604 INFO     ___FILE_ONLY___ │ 
2022-08-06 06:12:52,604 INFO     ___FILE_ONLY___ 24.2 MiB
2022-08-06 06:12:52,604 INFO     ___FILE_ONLY___  
2022-08-06 06:12:52,604 INFO     ___FILE_ONLY___ │
2022-08-06 06:12:52,604 INFO     ___FILE_ONLY___ 

2022-08-06 06:12:52,605 INFO     ___FILE_ONLY___ │ 
2022-08-06 06:12:52,605 INFO     ___FILE_ONLY___ Installed    
2022-08-06 06:12:52,605 INFO     ___FILE_ONLY___  
2022-08-06 06:12:52,605 INFO     ___FILE_ONLY___ │ 
2022-08-06 06:12:52,605 INFO     ___FILE_ONLY___ Google Cloud CRC32C Hash Tool                       
2022-08-06 06:12:52,605 INFO     ___FILE_ONLY___  
2022-08-06 06:12:52,605 INFO     ___FILE_ONLY___ │ 
2022-08-06 06:12:52,605 INFO     ___FILE_ONLY___ gcloud-crc32c           
2022-08-06 06:12:52,605 INFO     ___FILE_ONLY___  
2022-08-06 06:12:52,605 INFO     ___FILE_ONLY___ │ 
2022-08-06 06:12:52,605 INFO     ___FILE_ONLY___  1.2 MiB
2022-08-06 06:12:52,605 INFO     ___FILE_ONLY___  
2022-08-06 06:12:52,605 INFO     ___FILE_ONLY___ │
2022-08-06 06:12:52,605 INFO     ___FILE_ONLY___ 

2022-08-06 06:12:52,605 INFO     ___FILE_ONLY___ └───────────────┴──────────────────────────────────────────────────────┴──────────────────────────┴──────────┘
2022-08-06 06:12:52,605 INFO     ___FILE_ONLY___ 

2022-08-06 06:12:52,605 INFO     ___FILE_ONLY___ To install or remove components at your current SDK version [396.0.0], run:
  $ gcloud components install COMPONENT_ID
  $ gcloud components remove COMPONENT_ID

To update your SDK installation to the latest version [396.0.0], run:
  $ gcloud components update


