2022-08-06 11:21:03,582 DEBUG    root            Loaded Command Group: ['gcloud', 'cloud_shell']
2022-08-06 11:21:03,594 DEBUG    root            Loaded Command Group: ['gcloud', 'cloud-shell', 'ssh']
2022-08-06 11:21:03,607 DEBUG    root            Running [gcloud.cloud-shell.ssh] with arguments: [--authorize-session: "True"]
2022-08-06 11:21:03,615 DEBUG    google.auth.transport.requests Making request: POST https://oauth2.googleapis.com/token
2022-08-06 11:21:03,617 DEBUG    urllib3.connectionpool Starting new HTTPS connection (1): oauth2.googleapis.com:443
2022-08-06 11:21:03,787 DEBUG    urllib3.connectionpool https://oauth2.googleapis.com:443 "POST /token HTTP/1.1" 200 None
2022-08-06 11:21:03,810 DEBUG    urllib3.connectionpool Starting new HTTPS connection (1): cloudshell.googleapis.com:443
2022-08-06 11:21:04,552 DEBUG    urllib3.connectionpool https://cloudshell.googleapis.com:443 "GET /v1/users/me/environments/default?alt=json HTTP/1.1" 200 None
2022-08-06 11:21:04,554 INFO     ___FILE_ONLY___ Starting your Cloud Shell machine...

2022-08-06 11:21:04,556 DEBUG    urllib3.connectionpool Starting new HTTPS connection (1): cloudshell.googleapis.com:443
2022-08-06 11:21:07,166 DEBUG    urllib3.connectionpool https://cloudshell.googleapis.com:443 "POST /v1/users/me/environments/default:start?alt=json HTTP/1.1" 200 None
2022-08-06 11:21:07,168 INFO     ___FILE_ONLY___ Waiting for your Cloud Shell machine to start...
2022-08-06 11:21:08,171 DEBUG    urllib3.connectionpool Starting new HTTPS connection (1): cloudshell.googleapis.com:443
2022-08-06 11:21:08,476 DEBUG    urllib3.connectionpool https://cloudshell.googleapis.com:443 "GET /v1/operations/operation-f116d4c8-255e-4ad1-a46f-59d46a5addbc?alt=json HTTP/1.1" 200 None
2022-08-06 11:21:09,245 DEBUG    urllib3.connectionpool Starting new HTTPS connection (1): cloudshell.googleapis.com:443
2022-08-06 11:21:09,582 DEBUG    urllib3.connectionpool https://cloudshell.googleapis.com:443 "GET /v1/operations/operation-f116d4c8-255e-4ad1-a46f-59d46a5addbc?alt=json HTTP/1.1" 200 None
2022-08-06 11:21:10,890 DEBUG    urllib3.connectionpool Starting new HTTPS connection (1): cloudshell.googleapis.com:443
2022-08-06 11:21:11,219 DEBUG    urllib3.connectionpool https://cloudshell.googleapis.com:443 "GET /v1/operations/operation-f116d4c8-255e-4ad1-a46f-59d46a5addbc?alt=json HTTP/1.1" 200 None
2022-08-06 11:21:12,227 DEBUG    urllib3.connectionpool Starting new HTTPS connection (1): cloudshell.googleapis.com:443
2022-08-06 11:21:12,574 DEBUG    urllib3.connectionpool https://cloudshell.googleapis.com:443 "GET /v1/operations/operation-f116d4c8-255e-4ad1-a46f-59d46a5addbc?alt=json HTTP/1.1" 200 None
2022-08-06 11:21:14,272 DEBUG    urllib3.connectionpool Starting new HTTPS connection (1): cloudshell.googleapis.com:443
2022-08-06 11:21:14,667 DEBUG    urllib3.connectionpool https://cloudshell.googleapis.com:443 "GET /v1/operations/operation-f116d4c8-255e-4ad1-a46f-59d46a5addbc?alt=json HTTP/1.1" 200 None
2022-08-06 11:21:14,786 DEBUG    urllib3.connectionpool Starting new HTTPS connection (1): cloudshell.googleapis.com:443
2022-08-06 11:21:15,354 DEBUG    urllib3.connectionpool https://cloudshell.googleapis.com:443 "GET /v1/users/me/environments/default?alt=json HTTP/1.1" 200 None
2022-08-06 11:21:15,362 DEBUG    urllib3.connectionpool Starting new HTTPS connection (1): cloudshell.googleapis.com:443
2022-08-06 11:21:16,553 DEBUG    urllib3.connectionpool https://cloudshell.googleapis.com:443 "POST /v1/users/me/environments/default:authorize?alt=json HTTP/1.1" 200 None
2022-08-06 11:21:16,555 DEBUG    root            Running command [/usr/bin/ssh -t -p 6000 -i /home/as/.ssh/google_compute_engine -o StrictHostKeyChecking=no lmaobrub515@34.81.61.211 -- bash -l].
2022-08-06 11:21:16,555 DEBUG    root            Executing command: ['/usr/bin/ssh', '-t', '-p', '6000', '-i', '/home/as/.ssh/google_compute_engine', '-o', 'StrictHostKeyChecking=no', 'lmaobrub515@34.81.61.211', '--', 'bash -l']
2022-08-06 11:26:24,560 INFO     root            Display format: "default"
