2022-08-13 19:15:06,909 DEBUG    root            Loaded Command Group: ['gcloud', 'cloud_shell']
2022-08-13 19:15:06,925 DEBUG    root            Loaded Command Group: ['gcloud', 'cloud-shell', 'ssh']
2022-08-13 19:15:06,944 DEBUG    root            Running [gcloud.cloud-shell.ssh] with arguments: [--authorize-session: "True"]
2022-08-13 19:15:06,957 DEBUG    google.auth.transport.requests Making request: POST https://oauth2.googleapis.com/token
2022-08-13 19:15:06,959 DEBUG    urllib3.connectionpool Starting new HTTPS connection (1): oauth2.googleapis.com:443
2022-08-13 19:15:07,138 DEBUG    urllib3.connectionpool https://oauth2.googleapis.com:443 "POST /token HTTP/1.1" 200 None
2022-08-13 19:15:07,169 DEBUG    urllib3.connectionpool Starting new HTTPS connection (1): cloudshell.googleapis.com:443
2022-08-13 19:15:07,701 DEBUG    urllib3.connectionpool https://cloudshell.googleapis.com:443 "GET /v1/users/me/environments/default?alt=json HTTP/1.1" 200 None
2022-08-13 19:15:07,703 INFO     ___FILE_ONLY___ Starting your Cloud Shell machine...

2022-08-13 19:15:07,706 DEBUG    urllib3.connectionpool Starting new HTTPS connection (1): cloudshell.googleapis.com:443
2022-08-13 19:15:09,954 DEBUG    urllib3.connectionpool https://cloudshell.googleapis.com:443 "POST /v1/users/me/environments/default:start?alt=json HTTP/1.1" 200 None
2022-08-13 19:15:09,956 INFO     ___FILE_ONLY___ Waiting for your Cloud Shell machine to start...
2022-08-13 19:15:10,960 DEBUG    urllib3.connectionpool Starting new HTTPS connection (1): cloudshell.googleapis.com:443
2022-08-13 19:15:11,279 DEBUG    urllib3.connectionpool https://cloudshell.googleapis.com:443 "GET /v1/operations/operation-5cfcffbd-43d6-48d5-9293-ce1e5bcf0aac?alt=json HTTP/1.1" 200 None
2022-08-13 19:15:12,123 DEBUG    urllib3.connectionpool Starting new HTTPS connection (1): cloudshell.googleapis.com:443
2022-08-13 19:15:12,491 DEBUG    urllib3.connectionpool https://cloudshell.googleapis.com:443 "GET /v1/operations/operation-5cfcffbd-43d6-48d5-9293-ce1e5bcf0aac?alt=json HTTP/1.1" 200 None
2022-08-13 19:15:13,886 DEBUG    urllib3.connectionpool Starting new HTTPS connection (1): cloudshell.googleapis.com:443
2022-08-13 19:15:14,144 DEBUG    urllib3.connectionpool https://cloudshell.googleapis.com:443 "GET /v1/operations/operation-5cfcffbd-43d6-48d5-9293-ce1e5bcf0aac?alt=json HTTP/1.1" 200 None
2022-08-13 19:15:15,930 DEBUG    urllib3.connectionpool Starting new HTTPS connection (1): cloudshell.googleapis.com:443
2022-08-13 19:15:16,256 DEBUG    urllib3.connectionpool https://cloudshell.googleapis.com:443 "GET /v1/operations/operation-5cfcffbd-43d6-48d5-9293-ce1e5bcf0aac?alt=json HTTP/1.1" 200 None
2022-08-13 19:15:16,372 DEBUG    urllib3.connectionpool Starting new HTTPS connection (1): cloudshell.googleapis.com:443
2022-08-13 19:15:16,923 DEBUG    urllib3.connectionpool https://cloudshell.googleapis.com:443 "GET /v1/users/me/environments/default?alt=json HTTP/1.1" 200 None
2022-08-13 19:15:16,931 DEBUG    urllib3.connectionpool Starting new HTTPS connection (1): cloudshell.googleapis.com:443
2022-08-13 19:15:18,194 DEBUG    urllib3.connectionpool https://cloudshell.googleapis.com:443 "POST /v1/users/me/environments/default:authorize?alt=json HTTP/1.1" 200 None
2022-08-13 19:15:18,196 DEBUG    root            Running command [/usr/bin/ssh -t -p 6000 -i /home/as/.ssh/google_compute_engine -o StrictHostKeyChecking=no lmaobrub515@34.81.214.248 -- bash -l].
2022-08-13 19:15:18,196 DEBUG    root            Executing command: ['/usr/bin/ssh', '-t', '-p', '6000', '-i', '/home/as/.ssh/google_compute_engine', '-o', 'StrictHostKeyChecking=no', 'lmaobrub515@34.81.214.248', '--', 'bash -l']
2022-08-13 19:28:53,607 INFO     root            Display format: "default"
