
Start-Date: 2022-09-25  11:47:43
Commandline: apt --fix-broken install
Install: libgpg-error-l10n:amd64 (1.38-2, automatic), dpkg:amd64 (1.20.12, automatic), libkeyutils1:amd64 (1.6.1-2, automatic), debconf-i18n:amd64 (1.5.77, automatic), krb5-locales:amd64 (1.18.3-6+deb11u2, automatic), libffi7:amd64 (3.3-6, automatic), libgssapi-krb5-2:amd64 (1.18.3-6+deb11u2, automatic), libaudit-common:amd64 (1:3.0-2, automatic), apt:amd64 (2.2.4, automatic), libnettle8:amd64 (3.7.3-1, automatic), libacl1:amd64 (2.2.53-10, automatic), libtirpc-common:amd64 (1.3.1-1+deb11u1, automatic), libunistring2:amd64 (0.9.10-4, automatic), libidn2-0:amd64 (2.3.0-5, automatic), libtasn1-6:amd64 (4.16.0-2, automatic), libselinux1:amd64 (3.1-3, automatic), liblzma5:amd64 (5.2.5-2.1~deb11u1, automatic), tar:amd64 (1.34+dfsg-1, automatic), libdb5.3:amd64 (5.3.28+dfsg1-0.8, automatic), libp11-kit0:amd64 (0.23.22-1, automatic), libapt-pkg6.0:amd64 (2.2.4, automatic), debconf:amd64 (1.5.77, automatic), libsystemd0:amd64 (247.3-7+deb11u1, automatic), libkrb5support0:amd64 (1.18.3-6+deb11u2, automatic), libsepol1:amd64 (3.1-1, automatic), libzstd1:amd64 (1.4.8+dfsg-2.1, automatic), libudev1:amd64 (247.3-7+deb11u1, automatic), libgpg-error0:amd64 (1.38-2, automatic), liblocale-gettext-perl:amd64 (1.07-4+b1, automatic), debian-archive-keyring:amd64 (2021.1.1, automatic), libcom-err2:amd64 (1.46.2-2, automatic), libc6:amd64 (2.31-13+deb11u4, automatic), libkrb5-3:amd64 (1.18.3-6+deb11u2, automatic), libpam-modules:amd64 (1.4.0-9+deb11u1, automatic), libnss-nisplus:amd64 (1.3-4, automatic), gpgv:amd64 (2.2.27-2+deb11u2, automatic), libtext-charwidth-perl:amd64 (0.04-10+b1, automatic), libgcrypt20:amd64 (1.8.7-6, automatic), mawk:amd64 (1.3.4.20200120-2, automatic), libcap-ng0:amd64 (0.7.9-2.2+b1, automatic), libsemanage1:amd64 (3.1-1+b2, automatic), libnsl2:amd64 (1.3.0-2, automatic), libk5crypto3:amd64 (1.18.3-6+deb11u2, automatic), libtext-wrapi18n-perl:amd64 (0.06-9, automatic), adduser:amd64 (3.118, automatic), libgmp10:amd64 (2:6.2.1+dfsg-1+deb11u1, automatic), libxxhash0:amd64 (0.8.0-2, automatic), libpcre2-8-0:amd64 (10.36-2+deb11u1, automatic), libcrypt1:amd64 (1:4.4.18-4, automatic), ca-certificates:amd64 (20210119, automatic), libpam-modules-bin:amd64 (1.4.0-9+deb11u1, automatic), libsemanage-common:amd64 (3.1-1, automatic), libseccomp2:amd64 (2.5.1-1+deb11u1, automatic), libssl1.1:amd64 (1.1.1n-0+deb11u3, automatic), perl-base:amd64 (5.32.1-4+deb11u2, automatic), libpam0g:amd64 (1.4.0-9+deb11u1, automatic), libnss-nis:amd64 (3.1-4, automatic), libaudit1:amd64 (1:3.0-2, automatic), gcc-10-base:amd64 (10.2.1-6, automatic), libhogweed6:amd64 (3.7.3-1, automatic), libtext-iconv-perl:amd64 (1.7-7+b1, automatic), apt-utils:amd64 (2.2.4, automatic), libgnutls30:amd64 (3.7.1-5+deb11u2, automatic), liblz4-1:amd64 (1.9.3-2, automatic), libbz2-1.0:amd64 (1.0.8-4, automatic), zlib1g:amd64 (1:1.2.11.dfsg-2+deb11u2, automatic), libtirpc3:amd64 (1.3.1-1+deb11u1, automatic), libstdc++6:amd64 (10.2.1-6, automatic), libdebconfclient0:amd64 (0.260, automatic), openssl:amd64 (1.1.1n-0+deb11u3, automatic), passwd:amd64 (1:4.8.1-1, automatic), libgcc-s1:amd64 (10.2.1-6, automatic)
Remove: dpkg:none (1.20.12)
Error: Sub-process /usr/bin/dpkg returned an error code (1)
End-Date: 2022-09-25  11:47:45

Start-Date: 2022-09-25  11:50:42
Commandline: apt --fix-broken install
Install: libdebconfclient0:amd64 (0.260, automatic)
Error: Sub-process /usr/bin/dpkg returned an error code (2)
End-Date: 2022-09-25  11:50:42

Start-Date: 2022-09-25  11:51:25
Commandline: apt upgrade
Install: libevent-2.1-7:amd64 (2.1.12-stable-1, automatic)
Upgrade: dpkg:amd64 (1.20.11, 1.20.12), libgssapi-krb5-2:amd64 (1.18.3-6+deb11u1, 1.18.3-6+deb11u2), tzdata:amd64 (2021a-1+deb11u4, 2021a-1+deb11u5), libkrb5support0:amd64 (1.18.3-6+deb11u1, 1.18.3-6+deb11u2), libkrb5-3:amd64 (1.18.3-6+deb11u1, 1.18.3-6+deb11u2), base-files:amd64 (11.1+deb11u4, 11.1+deb11u5), libk5crypto3:amd64 (1.18.3-6+deb11u1, 1.18.3-6+deb11u2), libc-bin:amd64 (2.31-13+deb11u3, 2.31-13+deb11u4), libgnutls30:amd64 (3.7.1-5+deb11u1, 3.7.1-5+deb11u2), tmux:amd64 (2.3-4, 3.1c-1+deb11u1)
End-Date: 2022-09-25  11:51:39

Start-Date: 2022-09-27  05:09:10
Commandline: apt install neovim
Install: libvterm0:amd64 (0.1.4-1, automatic), lua-luv:amd64 (1.36.0-0-1, automatic), libluajit-5.1-2:amd64 (2.1.0~beta3+dfsg-5.3, automatic), libtermkey1:amd64 (0.22-1, automatic), neovim:amd64 (0.4.4-1), neovim-runtime:amd64 (0.4.4-1, automatic), python3-pynvim:amd64 (0.4.2-1, automatic), libunibilium4:amd64 (2.1.0-1, automatic), xauth:amd64 (1:1.1-1, automatic), libmsgpackc2:amd64 (3.3.0-4, automatic), xclip:amd64 (0.13-2, automatic), python3-msgpack:amd64 (1.0.0-6+b1, automatic), python3-neovim:amd64 (0.4.2-1, automatic), python3-greenlet:amd64 (0.4.17-1+b1, automatic), libluajit-5.1-common:amd64 (2.1.0~beta3+dfsg-5.3, automatic)
Error: Sub-process /usr/bin/dpkg returned an error code (1)
End-Date: 2022-09-27  05:09:16
