2022-08-09 14:28:15,269 DEBUG    root            Loaded Command Group: ['gcloud', 'cloud_shell']
2022-08-09 14:28:15,284 DEBUG    root            Loaded Command Group: ['gcloud', 'cloud-shell', 'ssh']
2022-08-09 14:28:15,313 DEBUG    root            Running [gcloud.cloud-shell.ssh] with arguments: [--authorize-session: "True"]
2022-08-09 14:28:15,321 DEBUG    google.auth.transport.requests Making request: POST https://oauth2.googleapis.com/token
2022-08-09 14:28:15,323 DEBUG    urllib3.connectionpool Starting new HTTPS connection (1): oauth2.googleapis.com:443
2022-08-09 14:28:15,494 DEBUG    urllib3.connectionpool https://oauth2.googleapis.com:443 "POST /token HTTP/1.1" 200 None
2022-08-09 14:28:15,531 DEBUG    urllib3.connectionpool Starting new HTTPS connection (1): cloudshell.googleapis.com:443
2022-08-09 14:28:16,180 DEBUG    urllib3.connectionpool https://cloudshell.googleapis.com:443 "GET /v1/users/me/environments/default?alt=json HTTP/1.1" 200 None
2022-08-09 14:28:16,182 INFO     ___FILE_ONLY___ Starting your Cloud Shell machine...

2022-08-09 14:28:16,185 DEBUG    urllib3.connectionpool Starting new HTTPS connection (1): cloudshell.googleapis.com:443
2022-08-09 14:28:18,783 DEBUG    urllib3.connectionpool https://cloudshell.googleapis.com:443 "POST /v1/users/me/environments/default:start?alt=json HTTP/1.1" 200 None
2022-08-09 14:28:18,786 INFO     ___FILE_ONLY___ Waiting for your Cloud Shell machine to start...
2022-08-09 14:28:19,789 DEBUG    urllib3.connectionpool Starting new HTTPS connection (1): cloudshell.googleapis.com:443
2022-08-09 14:28:20,116 DEBUG    urllib3.connectionpool https://cloudshell.googleapis.com:443 "GET /v1/operations/operation-a11180e3-9e2f-4b7d-ae26-d9486ed777f7?alt=json HTTP/1.1" 200 None
2022-08-09 14:28:21,457 DEBUG    urllib3.connectionpool Starting new HTTPS connection (1): cloudshell.googleapis.com:443
2022-08-09 14:28:21,792 DEBUG    urllib3.connectionpool https://cloudshell.googleapis.com:443 "GET /v1/operations/operation-a11180e3-9e2f-4b7d-ae26-d9486ed777f7?alt=json HTTP/1.1" 200 None
2022-08-09 14:28:23,369 DEBUG    urllib3.connectionpool Starting new HTTPS connection (1): cloudshell.googleapis.com:443
2022-08-09 14:28:23,680 DEBUG    urllib3.connectionpool https://cloudshell.googleapis.com:443 "GET /v1/operations/operation-a11180e3-9e2f-4b7d-ae26-d9486ed777f7?alt=json HTTP/1.1" 200 None
2022-08-09 14:28:23,798 DEBUG    urllib3.connectionpool Starting new HTTPS connection (1): cloudshell.googleapis.com:443
2022-08-09 14:28:24,340 DEBUG    urllib3.connectionpool https://cloudshell.googleapis.com:443 "GET /v1/users/me/environments/default?alt=json HTTP/1.1" 200 None
2022-08-09 14:28:24,348 DEBUG    urllib3.connectionpool Starting new HTTPS connection (1): cloudshell.googleapis.com:443
2022-08-09 14:28:25,498 DEBUG    urllib3.connectionpool https://cloudshell.googleapis.com:443 "POST /v1/users/me/environments/default:authorize?alt=json HTTP/1.1" 200 None
2022-08-09 14:28:25,500 DEBUG    root            Running command [/usr/bin/ssh -t -p 6000 -i /home/as/.ssh/google_compute_engine -o StrictHostKeyChecking=no lmaobrub515@104.199.231.172 -- bash -l].
2022-08-09 14:28:25,501 DEBUG    root            Executing command: ['/usr/bin/ssh', '-t', '-p', '6000', '-i', '/home/as/.ssh/google_compute_engine', '-o', 'StrictHostKeyChecking=no', 'lmaobrub515@104.199.231.172', '--', 'bash -l']
2022-08-09 14:35:59,865 INFO     root            Display format: "default"
2022-08-09 14:35:59,866 DEBUG    root            Checking for updates...
2022-08-09 14:35:59,868 DEBUG    urllib3.connectionpool Starting new HTTPS connection (1): dl.google.com:443
2022-08-09 14:36:00,021 DEBUG    urllib3.connectionpool https://dl.google.com:443 "GET /dl/cloudsdk/channels/rapid/components-2.json HTTP/1.1" 200 201562
2022-08-09 14:36:00,287 INFO     ___FILE_ONLY___ 

Updates are available for some Google Cloud CLI components.  To install them,
please run:
  $ gcloud components update


