2022-08-09 20:15:35,871 DEBUG    root            Loaded Command Group: ['gcloud', 'cloud_shell']
2022-08-09 20:15:35,884 DEBUG    root            Loaded Command Group: ['gcloud', 'cloud-shell', 'ssh']
2022-08-09 20:15:35,900 DEBUG    root            Running [gcloud.cloud-shell.ssh] with arguments: [--authorize-session: "True"]
2022-08-09 20:15:35,912 DEBUG    google.auth.transport.requests Making request: POST https://oauth2.googleapis.com/token
2022-08-09 20:15:35,913 DEBUG    urllib3.connectionpool Starting new HTTPS connection (1): oauth2.googleapis.com:443
2022-08-09 20:15:36,090 DEBUG    urllib3.connectionpool https://oauth2.googleapis.com:443 "POST /token HTTP/1.1" 200 None
2022-08-09 20:15:36,130 DEBUG    urllib3.connectionpool Starting new HTTPS connection (1): cloudshell.googleapis.com:443
2022-08-09 20:15:36,678 DEBUG    urllib3.connectionpool https://cloudshell.googleapis.com:443 "GET /v1/users/me/environments/default?alt=json HTTP/1.1" 200 None
2022-08-09 20:15:36,680 INFO     ___FILE_ONLY___ Starting your Cloud Shell machine...

2022-08-09 20:15:36,683 DEBUG    urllib3.connectionpool Starting new HTTPS connection (1): cloudshell.googleapis.com:443
2022-08-09 20:15:39,247 DEBUG    urllib3.connectionpool https://cloudshell.googleapis.com:443 "POST /v1/users/me/environments/default:start?alt=json HTTP/1.1" 200 None
2022-08-09 20:15:39,249 INFO     ___FILE_ONLY___ Waiting for your Cloud Shell machine to start...
2022-08-09 20:15:40,253 DEBUG    urllib3.connectionpool Starting new HTTPS connection (1): cloudshell.googleapis.com:443
2022-08-09 20:15:40,591 DEBUG    urllib3.connectionpool https://cloudshell.googleapis.com:443 "GET /v1/operations/operation-50420665-aa10-4bbd-bf14-1d8d9f15c35f?alt=json HTTP/1.1" 200 None
2022-08-09 20:15:41,914 DEBUG    urllib3.connectionpool Starting new HTTPS connection (1): cloudshell.googleapis.com:443
2022-08-09 20:15:42,239 DEBUG    urllib3.connectionpool https://cloudshell.googleapis.com:443 "GET /v1/operations/operation-50420665-aa10-4bbd-bf14-1d8d9f15c35f?alt=json HTTP/1.1" 200 None
2022-08-09 20:15:43,877 DEBUG    urllib3.connectionpool Starting new HTTPS connection (1): cloudshell.googleapis.com:443
2022-08-09 20:15:44,212 DEBUG    urllib3.connectionpool https://cloudshell.googleapis.com:443 "GET /v1/operations/operation-50420665-aa10-4bbd-bf14-1d8d9f15c35f?alt=json HTTP/1.1" 200 None
2022-08-09 20:15:44,263 DEBUG    urllib3.connectionpool Starting new HTTPS connection (1): cloudshell.googleapis.com:443
2022-08-09 20:15:44,810 DEBUG    urllib3.connectionpool https://cloudshell.googleapis.com:443 "GET /v1/users/me/environments/default?alt=json HTTP/1.1" 200 None
2022-08-09 20:15:44,829 DEBUG    urllib3.connectionpool Starting new HTTPS connection (1): cloudshell.googleapis.com:443
2022-08-09 20:15:59,710 DEBUG    root            Caught socket error, retrying: ('Connection aborted.', RemoteDisconnected('Remote end closed connection without response'))
2022-08-09 20:15:59,710 DEBUG    root            Retrying request to url https://cloudshell.googleapis.com/v1/users/me/environments/default:authorize?alt=json after exception ('Connection aborted.', RemoteDisconnected('Remote end closed connection without response'))
2022-08-09 20:16:02,135 DEBUG    urllib3.connectionpool Starting new HTTPS connection (2): cloudshell.googleapis.com:443
2022-08-09 20:16:03,327 DEBUG    urllib3.connectionpool https://cloudshell.googleapis.com:443 "POST /v1/users/me/environments/default:authorize?alt=json HTTP/1.1" 200 None
2022-08-09 20:16:03,330 DEBUG    root            Running command [/usr/bin/ssh -t -p 6000 -i /home/as/.ssh/google_compute_engine -o StrictHostKeyChecking=no lmaobrub515@34.81.42.137 -- bash -l].
2022-08-09 20:16:03,330 DEBUG    root            Executing command: ['/usr/bin/ssh', '-t', '-p', '6000', '-i', '/home/as/.ssh/google_compute_engine', '-o', 'StrictHostKeyChecking=no', 'lmaobrub515@34.81.42.137', '--', 'bash -l']
2022-08-09 20:19:23,515 INFO     root            Display format: "default"
